#
# There is insufficient memory for the Java Runtime Environment to continue.
# Native memory allocation (malloc) failed to allocate 453936 bytes for Chunk::new
# Possible reasons:
#   The system is out of physical RAM or swap space
#   The process is running with CompressedOops enabled, and the Java Heap may be blocking the growth of the native heap
# Possible solutions:
#   Reduce memory load on the system
#   Increase physical memory or swap space
#   Check if swap backing store is full
#   Decrease Java heap size (-Xmx/-Xms)
#   Decrease number of Java threads
#   Decrease Java thread stack sizes (-Xss)
#   Set larger code cache with -XX:ReservedCodeCacheSize=
#   JVM is running with Unscaled Compressed Oops mode in which the Java heap is
#     placed in the first 4GB address space. The Java Heap base address is the
#     maximum limit for the native heap growth. Please use -XX:HeapBaseMinAddress
#     to set the Java Heap base and to place the Java Heap above 4GB virtual address.
# This output file may be truncated or incomplete.
#
#  Out of Memory Error (arena.cpp:189), pid=12852, tid=9796
#
# JRE version: Java(TM) SE Runtime Environment (17.0.12+8) (build 17.0.12+8-LTS-286)
# Java VM: Java HotSpot(TM) 64-Bit Server VM (17.0.12+8-LTS-286, mixed mode, sharing, tiered, compressed oops, compressed class ptrs, g1 gc, windows-amd64)
# No core dump will be written. Minidumps are not enabled by default on client versions of Windows
#

---------------  S U M M A R Y ------------

Command Line: -Xmx64m -Xms64m -Dorg.gradle.appname=gradlew D:\mobile\appmobile\android\\gradle\wrapper\gradle-wrapper.jar assembleRelease

Host: Intel(R) Celeron(R) N4020 CPU @ 1.10GHz, 2 cores, 3G,  Windows 10 , 64 bit Build 19041 (10.0.19041.5915)
Time: Mon Nov 17 14:08:46 2025 Pacific Standard Time elapsed time: 608.317991 seconds (0d 0h 10m 8s)

---------------  T H R E A D  ---------------

Current thread (0x000001c9592fd4f0):  JavaThread "C2 CompilerThread0" daemon [_thread_in_native, id=9796, stack(0x000000386d600000,0x000000386d700000)]


Current CompileTask:
C2: 608319 1899       4       org.gradle.internal.logging.console.DefaultWorkInProgressFormatter::format (102 bytes)

Stack: [0x000000386d600000,0x000000386d700000]
Native frames: (J=compiled Java code, j=interpreted, Vv=VM code, C=native code)
V  [jvm.dll+0x67a04a]
V  [jvm.dll+0x7da4ed]
V  [jvm.dll+0x7dbe33]
V  [jvm.dll+0x7dc4a3]
V  [jvm.dll+0x24508f]
V  [jvm.dll+0xab773]
V  [jvm.dll+0xabd3c]
V  [jvm.dll+0x361b9f]
V  [jvm.dll+0x32c431]
V  [jvm.dll+0x32b8ca]
V  [jvm.dll+0x21683f]
V  [jvm.dll+0x215c6f]
V  [jvm.dll+0x1a2960]
V  [jvm.dll+0x22610b]
V  [jvm.dll+0x2242ab]
V  [jvm.dll+0x79075c]
V  [jvm.dll+0x78abea]
V  [jvm.dll+0x678f35]
C  [ucrtbase.dll+0x21bb2]
C  [KERNEL32.DLL+0x17374]
C  [ntdll.dll+0x4cc91]


---------------  P R O C E S S  ---------------

Threads class SMR info:
_java_thread_list=0x000001c95957dae0, length=13, elements={
0x000001c940838280, 0x000001c9408fdb90, 0x000001c9408ffa20, 0x000001c9592f6df0,
0x000001c9592face0, 0x000001c9592fb6a0, 0x000001c9592fc060, 0x000001c9592fd4f0,
0x000001c959303320, 0x000001c9593313f0, 0x000001c959536510, 0x000001c95953ee60,
0x000001c9598c1be0
}

Java Threads: ( => current thread )
  0x000001c940838280 JavaThread "main" [_thread_in_native, id=13272, stack(0x000000386c900000,0x000000386ca00000)]
  0x000001c9408fdb90 JavaThread "Reference Handler" daemon [_thread_blocked, id=13128, stack(0x000000386d000000,0x000000386d100000)]
  0x000001c9408ffa20 JavaThread "Finalizer" daemon [_thread_blocked, id=856, stack(0x000000386d100000,0x000000386d200000)]
  0x000001c9592f6df0 JavaThread "Signal Dispatcher" daemon [_thread_blocked, id=10676, stack(0x000000386d200000,0x000000386d300000)]
  0x000001c9592face0 JavaThread "Attach Listener" daemon [_thread_blocked, id=11396, stack(0x000000386d300000,0x000000386d400000)]
  0x000001c9592fb6a0 JavaThread "Service Thread" daemon [_thread_blocked, id=4440, stack(0x000000386d400000,0x000000386d500000)]
  0x000001c9592fc060 JavaThread "Monitor Deflation Thread" daemon [_thread_blocked, id=5472, stack(0x000000386d500000,0x000000386d600000)]
=>0x000001c9592fd4f0 JavaThread "C2 CompilerThread0" daemon [_thread_in_native, id=9796, stack(0x000000386d600000,0x000000386d700000)]
  0x000001c959303320 JavaThread "C1 CompilerThread0" daemon [_thread_blocked, id=10928, stack(0x000000386d700000,0x000000386d800000)]
  0x000001c9593313f0 JavaThread "Sweeper thread" daemon [_thread_blocked, id=11040, stack(0x000000386d800000,0x000000386d900000)]
  0x000001c959536510 JavaThread "Notification Thread" daemon [_thread_blocked, id=10668, stack(0x000000386d900000,0x000000386da00000)]
  0x000001c95953ee60 JavaThread "Common-Cleaner" daemon [_thread_blocked, id=10528, stack(0x000000386db00000,0x000000386dc00000)]
  0x000001c9598c1be0 JavaThread "pool-1-thread-1" [_thread_in_native, id=12028, stack(0x000000386dd00000,0x000000386de00000)]

Other Threads:
  0x000001c9408f7f10 VMThread "VM Thread" [stack: 0x000000386cf00000,0x000000386d000000] [id=10760]
  0x000001c95953ca10 WatcherThread [stack: 0x000000386da00000,0x000000386db00000] [id=7988]
  0x000001c940857700 GCTaskThread "GC Thread#0" [stack: 0x000000386ca00000,0x000000386cb00000] [id=11692]
  0x000001c959764140 GCTaskThread "GC Thread#1" [stack: 0x000000386dc00000,0x000000386dd00000] [id=14044]
  0x000001c940858e50 ConcurrentGCThread "G1 Main Marker" [stack: 0x000000386cb00000,0x000000386cc00000] [id=6668]
  0x000001c94085a870 ConcurrentGCThread "G1 Conc#0" [stack: 0x000000386cc00000,0x000000386cd00000] [id=12256]
  0x000001c94089db50 ConcurrentGCThread "G1 Refine#0" [stack: 0x000000386cd00000,0x000000386ce00000] [id=3252]
  0x000001c94089e580 ConcurrentGCThread "G1 Service" [stack: 0x000000386ce00000,0x000000386cf00000] [id=7456]

Threads with active compile tasks:
C2 CompilerThread0   608392 1899       4       org.gradle.internal.logging.console.DefaultWorkInProgressFormatter::format (102 bytes)

VM state: not at safepoint (normal execution)

VM Mutex/Monitor currently owned by a thread: None

Heap address: 0x00000000fc000000, size: 64 MB, Compressed Oops mode: 32-bit

CDS archive(s) mapped at: [0x000001c95a000000-0x000001c95abd0000-0x000001c95abd0000), size 12386304, SharedBaseAddress: 0x000001c95a000000, ArchiveRelocationMode: 1.
Compressed class space mapped at: 0x000001c95b000000-0x000001c99b000000, reserved size: 1073741824
Narrow klass base: 0x000001c95a000000, Narrow klass shift: 0, Narrow klass range: 0x100000000

GC Precious Log:
 CPUs: 2 total, 2 available
 Memory: 3737M
 Large Page Support: Disabled
 NUMA Support: Disabled
 Compressed Oops: Enabled (32-bit)
 Heap Region Size: 1M
 Heap Min Capacity: 64M
 Heap Initial Capacity: 64M
 Heap Max Capacity: 64M
 Pre-touch: Disabled
 Parallel Workers: 2
 Concurrent Workers: 1
 Concurrent Refinement Workers: 2
 Periodic GC: Disabled

Heap:
 garbage-first heap   total 65536K, used 12928K [0x00000000fc000000, 0x0000000100000000)
  region size 1024K, 7 young (7168K), 5 survivors (5120K)
 Metaspace       used 9589K, committed 9792K, reserved 1114112K
  class space    used 1247K, committed 1344K, reserved 1048576K

Heap Regions: E=young(eden), S=young(survivor), O=old, HS=humongous(starts), HC=humongous(continues), CS=collection set, F=free, OA=open archive, CA=closed archive, TAMS=top-at-mark-start (previous, next)
|   0|0x00000000fc000000, 0x00000000fc100000, 0x00000000fc100000|100%| O|  |TAMS 0x00000000fc000000, 0x00000000fc000000| Untracked 
|   1|0x00000000fc100000, 0x00000000fc200000, 0x00000000fc200000|100%| O|  |TAMS 0x00000000fc100000, 0x00000000fc100000| Untracked 
|   2|0x00000000fc200000, 0x00000000fc300000, 0x00000000fc300000|100%|HS|  |TAMS 0x00000000fc200000, 0x00000000fc200000| Complete 
|   3|0x00000000fc300000, 0x00000000fc400000, 0x00000000fc400000|100%|HC|  |TAMS 0x00000000fc300000, 0x00000000fc300000| Complete 
|   4|0x00000000fc400000, 0x00000000fc500000, 0x00000000fc500000|100%|HC|  |TAMS 0x00000000fc400000, 0x00000000fc400000| Complete 
|   5|0x00000000fc500000, 0x00000000fc600000, 0x00000000fc600000|100%| O|  |TAMS 0x00000000fc500000, 0x00000000fc500000| Untracked 
|   6|0x00000000fc600000, 0x00000000fc6a0000, 0x00000000fc700000| 62%| O|  |TAMS 0x00000000fc600000, 0x00000000fc600000| Untracked 
|   7|0x00000000fc700000, 0x00000000fc700000, 0x00000000fc800000|  0%| F|  |TAMS 0x00000000fc700000, 0x00000000fc700000| Untracked 
|   8|0x00000000fc800000, 0x00000000fc800000, 0x00000000fc900000|  0%| F|  |TAMS 0x00000000fc800000, 0x00000000fc800000| Untracked 
|   9|0x00000000fc900000, 0x00000000fc900000, 0x00000000fca00000|  0%| F|  |TAMS 0x00000000fc900000, 0x00000000fc900000| Untracked 
|  10|0x00000000fca00000, 0x00000000fca00000, 0x00000000fcb00000|  0%| F|  |TAMS 0x00000000fca00000, 0x00000000fca00000| Untracked 
|  11|0x00000000fcb00000, 0x00000000fcb00000, 0x00000000fcc00000|  0%| F|  |TAMS 0x00000000fcb00000, 0x00000000fcb00000| Untracked 
|  12|0x00000000fcc00000, 0x00000000fcc00000, 0x00000000fcd00000|  0%| F|  |TAMS 0x00000000fcc00000, 0x00000000fcc00000| Untracked 
|  13|0x00000000fcd00000, 0x00000000fcd00000, 0x00000000fce00000|  0%| F|  |TAMS 0x00000000fcd00000, 0x00000000fcd00000| Untracked 
|  14|0x00000000fce00000, 0x00000000fce00000, 0x00000000fcf00000|  0%| F|  |TAMS 0x00000000fce00000, 0x00000000fce00000| Untracked 
|  15|0x00000000fcf00000, 0x00000000fcf00000, 0x00000000fd000000|  0%| F|  |TAMS 0x00000000fcf00000, 0x00000000fcf00000| Untracked 
|  16|0x00000000fd000000, 0x00000000fd000000, 0x00000000fd100000|  0%| F|  |TAMS 0x00000000fd000000, 0x00000000fd000000| Untracked 
|  17|0x00000000fd100000, 0x00000000fd100000, 0x00000000fd200000|  0%| F|  |TAMS 0x00000000fd100000, 0x00000000fd100000| Untracked 
|  18|0x00000000fd200000, 0x00000000fd200000, 0x00000000fd300000|  0%| F|  |TAMS 0x00000000fd200000, 0x00000000fd200000| Untracked 
|  19|0x00000000fd300000, 0x00000000fd300000, 0x00000000fd400000|  0%| F|  |TAMS 0x00000000fd300000, 0x00000000fd300000| Untracked 
|  20|0x00000000fd400000, 0x00000000fd400000, 0x00000000fd500000|  0%| F|  |TAMS 0x00000000fd400000, 0x00000000fd400000| Untracked 
|  21|0x00000000fd500000, 0x00000000fd600000, 0x00000000fd600000|100%| S|CS|TAMS 0x00000000fd500000, 0x00000000fd500000| Complete 
|  22|0x00000000fd600000, 0x00000000fd700000, 0x00000000fd700000|100%| S|CS|TAMS 0x00000000fd600000, 0x00000000fd600000| Complete 
|  23|0x00000000fd700000, 0x00000000fd800000, 0x00000000fd800000|100%| S|CS|TAMS 0x00000000fd700000, 0x00000000fd700000| Complete 
|  24|0x00000000fd800000, 0x00000000fd900000, 0x00000000fd900000|100%| S|CS|TAMS 0x00000000fd800000, 0x00000000fd800000| Complete 
|  25|0x00000000fd900000, 0x00000000fda00000, 0x00000000fda00000|100%| S|CS|TAMS 0x00000000fd900000, 0x00000000fd900000| Complete 
|  26|0x00000000fda00000, 0x00000000fda00000, 0x00000000fdb00000|  0%| F|  |TAMS 0x00000000fda00000, 0x00000000fda00000| Untracked 
|  27|0x00000000fdb00000, 0x00000000fdb00000, 0x00000000fdc00000|  0%| F|  |TAMS 0x00000000fdb00000, 0x00000000fdb00000| Untracked 
|  28|0x00000000fdc00000, 0x00000000fdc00000, 0x00000000fdd00000|  0%| F|  |TAMS 0x00000000fdc00000, 0x00000000fdc00000| Untracked 
|  29|0x00000000fdd00000, 0x00000000fdd00000, 0x00000000fde00000|  0%| F|  |TAMS 0x00000000fdd00000, 0x00000000fdd00000| Untracked 
|  30|0x00000000fde00000, 0x00000000fde00000, 0x00000000fdf00000|  0%| F|  |TAMS 0x00000000fde00000, 0x00000000fde00000| Untracked 
|  31|0x00000000fdf00000, 0x00000000fdf00000, 0x00000000fe000000|  0%| F|  |TAMS 0x00000000fdf00000, 0x00000000fdf00000| Untracked 
|  32|0x00000000fe000000, 0x00000000fe000000, 0x00000000fe100000|  0%| F|  |TAMS 0x00000000fe000000, 0x00000000fe000000| Untracked 
|  33|0x00000000fe100000, 0x00000000fe100000, 0x00000000fe200000|  0%| F|  |TAMS 0x00000000fe100000, 0x00000000fe100000| Untracked 
|  34|0x00000000fe200000, 0x00000000fe200000, 0x00000000fe300000|  0%| F|  |TAMS 0x00000000fe200000, 0x00000000fe200000| Untracked 
|  35|0x00000000fe300000, 0x00000000fe300000, 0x00000000fe400000|  0%| F|  |TAMS 0x00000000fe300000, 0x00000000fe300000| Untracked 
|  36|0x00000000fe400000, 0x00000000fe400000, 0x00000000fe500000|  0%| F|  |TAMS 0x00000000fe400000, 0x00000000fe400000| Untracked 
|  37|0x00000000fe500000, 0x00000000fe500000, 0x00000000fe600000|  0%| F|  |TAMS 0x00000000fe500000, 0x00000000fe500000| Untracked 
|  38|0x00000000fe600000, 0x00000000fe600000, 0x00000000fe700000|  0%| F|  |TAMS 0x00000000fe600000, 0x00000000fe600000| Untracked 
|  39|0x00000000fe700000, 0x00000000fe700000, 0x00000000fe800000|  0%| F|  |TAMS 0x00000000fe700000, 0x00000000fe700000| Untracked 
|  40|0x00000000fe800000, 0x00000000fe800000, 0x00000000fe900000|  0%| F|  |TAMS 0x00000000fe800000, 0x00000000fe800000| Untracked 
|  41|0x00000000fe900000, 0x00000000fe900000, 0x00000000fea00000|  0%| F|  |TAMS 0x00000000fe900000, 0x00000000fe900000| Untracked 
|  42|0x00000000fea00000, 0x00000000fea00000, 0x00000000feb00000|  0%| F|  |TAMS 0x00000000fea00000, 0x00000000fea00000| Untracked 
|  43|0x00000000feb00000, 0x00000000feb00000, 0x00000000fec00000|  0%| F|  |TAMS 0x00000000feb00000, 0x00000000feb00000| Untracked 
|  44|0x00000000fec00000, 0x00000000fec00000, 0x00000000fed00000|  0%| F|  |TAMS 0x00000000fec00000, 0x00000000fec00000| Untracked 
|  45|0x00000000fed00000, 0x00000000fed00000, 0x00000000fee00000|  0%| F|  |TAMS 0x00000000fed00000, 0x00000000fed00000| Untracked 
|  46|0x00000000fee00000, 0x00000000fee00000, 0x00000000fef00000|  0%| F|  |TAMS 0x00000000fee00000, 0x00000000fee00000| Untracked 
|  47|0x00000000fef00000, 0x00000000fef00000, 0x00000000ff000000|  0%| F|  |TAMS 0x00000000fef00000, 0x00000000fef00000| Untracked 
|  48|0x00000000ff000000, 0x00000000ff000000, 0x00000000ff100000|  0%| F|  |TAMS 0x00000000ff000000, 0x00000000ff000000| Untracked 
|  49|0x00000000ff100000, 0x00000000ff100000, 0x00000000ff200000|  0%| F|  |TAMS 0x00000000ff100000, 0x00000000ff100000| Untracked 
|  50|0x00000000ff200000, 0x00000000ff200000, 0x00000000ff300000|  0%| F|  |TAMS 0x00000000ff200000, 0x00000000ff200000| Untracked 
|  51|0x00000000ff300000, 0x00000000ff300000, 0x00000000ff400000|  0%| F|  |TAMS 0x00000000ff300000, 0x00000000ff300000| Untracked 
|  52|0x00000000ff400000, 0x00000000ff400000, 0x00000000ff500000|  0%| F|  |TAMS 0x00000000ff400000, 0x00000000ff400000| Untracked 
|  53|0x00000000ff500000, 0x00000000ff500000, 0x00000000ff600000|  0%| F|  |TAMS 0x00000000ff500000, 0x00000000ff500000| Untracked 
|  54|0x00000000ff600000, 0x00000000ff600000, 0x00000000ff700000|  0%| F|  |TAMS 0x00000000ff600000, 0x00000000ff600000| Untracked 
|  55|0x00000000ff700000, 0x00000000ff700000, 0x00000000ff800000|  0%| F|  |TAMS 0x00000000ff700000, 0x00000000ff700000| Untracked 
|  56|0x00000000ff800000, 0x00000000ff800000, 0x00000000ff900000|  0%| F|  |TAMS 0x00000000ff800000, 0x00000000ff800000| Untracked 
|  57|0x00000000ff900000, 0x00000000ff900000, 0x00000000ffa00000|  0%| F|  |TAMS 0x00000000ff900000, 0x00000000ff900000| Untracked 
|  58|0x00000000ffa00000, 0x00000000ffa00000, 0x00000000ffb00000|  0%| F|  |TAMS 0x00000000ffa00000, 0x00000000ffa00000| Untracked 
|  59|0x00000000ffb00000, 0x00000000ffb00000, 0x00000000ffc00000|  0%| F|  |TAMS 0x00000000ffb00000, 0x00000000ffb00000| Untracked 
|  60|0x00000000ffc00000, 0x00000000ffc00000, 0x00000000ffd00000|  0%| F|  |TAMS 0x00000000ffc00000, 0x00000000ffc00000| Untracked 
|  61|0x00000000ffd00000, 0x00000000ffd00000, 0x00000000ffe00000|  0%| F|  |TAMS 0x00000000ffd00000, 0x00000000ffd00000| Untracked 
|  62|0x00000000ffe00000, 0x00000000ffed6be0, 0x00000000fff00000| 83%| E|  |TAMS 0x00000000ffe00000, 0x00000000ffe00000| Complete 
|  63|0x00000000fff00000, 0x0000000100000000, 0x0000000100000000|100%| E|CS|TAMS 0x00000000fff00000, 0x00000000fff00000| Complete 

Card table byte_map: [0x000001c940410000,0x000001c940430000] _byte_map_base: 0x000001c93fc30000

Marking Bits (Prev, Next): (CMBitMap*) 0x000001c940857d20, (CMBitMap*) 0x000001c940857d60
 Prev Bits: [0x000001c940450000, 0x000001c940550000)
 Next Bits: [0x000001c940550000, 0x000001c940650000)

Polling page: 0x000001c93e710000

Metaspace:

Usage:
  Non-class:      8.15 MB used.
      Class:      1.22 MB used.
       Both:      9.37 MB used.

Virtual space:
  Non-class space:       64.00 MB reserved,       8.25 MB ( 13%) committed,  1 nodes.
      Class space:        1.00 GB reserved,       1.31 MB ( <1%) committed,  1 nodes.
             Both:        1.06 GB reserved,       9.56 MB ( <1%) committed. 

Chunk freelists:
   Non-Class:  7.67 MB
       Class:  14.52 MB
        Both:  22.19 MB

MaxMetaspaceSize: unlimited
CompressedClassSpaceSize: 1.00 GB
Initial GC threshold: 21.00 MB
Current GC threshold: 21.00 MB
CDS: on
MetaspaceReclaimPolicy: balanced
 - commit_granule_bytes: 65536.
 - commit_granule_words: 8192.
 - virtual_space_node_default_size: 8388608.
 - enlarge_chunks_in_place: 1.
 - new_chunks_are_fully_committed: 0.
 - uncommit_free_chunks: 1.
 - use_allocation_guard: 0.
 - handle_deallocations: 1.


Internal statistics:

num_allocs_failed_limit: 0.
num_arena_births: 72.
num_arena_deaths: 0.
num_vsnodes_births: 2.
num_vsnodes_deaths: 0.
num_space_committed: 153.
num_space_uncommitted: 0.
num_chunks_returned_to_freelist: 0.
num_chunks_taken_from_freelist: 332.
num_chunk_merges: 0.
num_chunk_splits: 213.
num_chunks_enlarged: 177.
num_inconsistent_stats: 0.

CodeHeap 'non-profiled nmethods': size=120064Kb used=868Kb max_used=868Kb free=119195Kb
 bounds [0x000001c94fbc0000, 0x000001c94fe30000, 0x000001c957100000]
CodeHeap 'profiled nmethods': size=120000Kb used=3592Kb max_used=3592Kb free=116407Kb
 bounds [0x000001c948100000, 0x000001c948490000, 0x000001c94f630000]
CodeHeap 'non-nmethods': size=5696Kb used=1166Kb max_used=1204Kb free=4529Kb
 bounds [0x000001c94f630000, 0x000001c94f8a0000, 0x000001c94fbc0000]
 total_blobs=2362 nmethods=1898 adapters=378
 compilation: enabled
              stopped_count=0, restarted_count=0
 full_count=0

Compilation events (20 events):
Event: 602.776 Thread 0x000001c9592fd4f0 nmethod 1889 0x000001c94fc87690 code [0x000001c94fc878a0, 0x000001c94fc882d8]
Event: 602.776 Thread 0x000001c9592fd4f0 1890       4       java.util.ArrayList::remove (26 bytes)
Event: 602.784 Thread 0x000001c9592fd4f0 nmethod 1890 0x000001c94fc88a10 code [0x000001c94fc88ba0, 0x000001c94fc88db8]
Event: 602.953 Thread 0x000001c9592fd4f0 1891       4       java.util.concurrent.ScheduledThreadPoolExecutor$ScheduledFutureTask::getDelay (16 bytes)
Event: 602.959 Thread 0x000001c9592fd4f0 nmethod 1891 0x000001c94fc88f90 code [0x000001c94fc89120, 0x000001c94fc89258]
Event: 603.005 Thread 0x000001c9592fd4f0 1892       4       org.gradle.internal.logging.console.BuildStatusRenderer::onOutput (350 bytes)
Event: 603.858 Thread 0x000001c9592fd4f0 nmethod 1892 0x000001c94fc89390 code [0x000001c94fc89c40, 0x000001c94fc91948]
Event: 603.859 Thread 0x000001c9592fd4f0 1893       4       org.gradle.internal.logging.console.WorkInProgressRenderer::onOutput (53 bytes)
Event: 603.889 Thread 0x000001c9592fd4f0 nmethod 1893 0x000001c94fc96b10 code [0x000001c94fc96da0, 0x000001c94fc97ca0]
Event: 607.818 Thread 0x000001c9592fd4f0 1894       4       java.util.ArrayDeque$DeqIterator::hasNext (13 bytes)
Event: 607.819 Thread 0x000001c9592fd4f0 nmethod 1894 0x000001c94fc98690 code [0x000001c94fc98800, 0x000001c94fc98898]
Event: 607.828 Thread 0x000001c9592fd4f0 1895  s    4       java.io.BufferedOutputStream::flush (12 bytes)
Event: 607.835 Thread 0x000001c9592fd4f0 nmethod 1895 0x000001c94fc98990 code [0x000001c94fc98b20, 0x000001c94fc98e68]
Event: 608.021 Thread 0x000001c959303320 1896   !   3       sun.nio.cs.StreamEncoder::flush (26 bytes)
Event: 608.026 Thread 0x000001c9592fd4f0 1899       4       org.gradle.internal.logging.console.DefaultWorkInProgressFormatter::format (102 bytes)
Event: 608.033 Thread 0x000001c959303320 nmethod 1896 0x000001c948480d10 code [0x000001c948480f00, 0x000001c9484814c8]
Event: 608.033 Thread 0x000001c959303320 1897       3       sun.nio.cs.StreamEncoder::implFlush (19 bytes)
Event: 608.033 Thread 0x000001c959303320 nmethod 1897 0x000001c948481810 code [0x000001c9484819e0, 0x000001c948481cf8]
Event: 608.033 Thread 0x000001c959303320 1898       3       sun.nio.cs.StreamEncoder::implFlushBuffer (15 bytes)
Event: 608.034 Thread 0x000001c959303320 nmethod 1898 0x000001c948481e10 code [0x000001c948481fc0, 0x000001c948482168]

GC Heap History (8 events):
Event: 2.972 GC heap before
{Heap before GC invocations=0 (full 0):
 garbage-first heap   total 65536K, used 6144K [0x00000000fc000000, 0x0000000100000000)
  region size 1024K, 6 young (6144K), 0 survivors (0K)
 Metaspace       used 1628K, committed 1792K, reserved 1114112K
  class space    used 155K, committed 192K, reserved 1048576K
}
Event: 3.008 GC heap after
{Heap after GC invocations=1 (full 0):
 garbage-first heap   total 65536K, used 1214K [0x00000000fc000000, 0x0000000100000000)
  region size 1024K, 1 young (1024K), 1 survivors (1024K)
 Metaspace       used 1628K, committed 1792K, reserved 1114112K
  class space    used 155K, committed 192K, reserved 1048576K
}
Event: 3.278 GC heap before
{Heap before GC invocations=1 (full 0):
 garbage-first heap   total 65536K, used 6334K [0x00000000fc000000, 0x0000000100000000)
  region size 1024K, 7 young (7168K), 1 survivors (1024K)
 Metaspace       used 1662K, committed 1792K, reserved 1114112K
  class space    used 155K, committed 192K, reserved 1048576K
}
Event: 3.281 GC heap after
{Heap after GC invocations=2 (full 0):
 garbage-first heap   total 65536K, used 1603K [0x00000000fc000000, 0x0000000100000000)
  region size 1024K, 1 young (1024K), 1 survivors (1024K)
 Metaspace       used 1662K, committed 1792K, reserved 1114112K
  class space    used 155K, committed 192K, reserved 1048576K
}
Event: 4.769 GC heap before
{Heap before GC invocations=2 (full 0):
 garbage-first heap   total 65536K, used 13891K [0x00000000fc000000, 0x0000000100000000)
  region size 1024K, 14 young (14336K), 1 survivors (1024K)
 Metaspace       used 1860K, committed 1984K, reserved 1114112K
  class space    used 160K, committed 192K, reserved 1048576K
}
Event: 4.773 GC heap after
{Heap after GC invocations=3 (full 0):
 garbage-first heap   total 65536K, used 3840K [0x00000000fc000000, 0x0000000100000000)
  region size 1024K, 2 young (2048K), 2 survivors (2048K)
 Metaspace       used 1860K, committed 1984K, reserved 1114112K
  class space    used 160K, committed 192K, reserved 1048576K
}
Event: 442.345 GC heap before
{Heap before GC invocations=3 (full 0):
 garbage-first heap   total 65536K, used 42752K [0x00000000fc000000, 0x0000000100000000)
  region size 1024K, 38 young (38912K), 2 survivors (2048K)
 Metaspace       used 9589K, committed 9792K, reserved 1114112K
  class space    used 1247K, committed 1344K, reserved 1048576K
}
Event: 442.542 GC heap after
{Heap after GC invocations=4 (full 0):
 garbage-first heap   total 65536K, used 11904K [0x00000000fc000000, 0x0000000100000000)
  region size 1024K, 5 young (5120K), 5 survivors (5120K)
 Metaspace       used 9589K, committed 9792K, reserved 1114112K
  class space    used 1247K, committed 1344K, reserved 1048576K
}

Deoptimization events (20 events):
Event: 94.374 Thread 0x000001c940838280 Uncommon trap: trap_request=0xffffff45 fr.pc=0x000001c94fbdf744 relative=0x00000000000003a4
Event: 94.377 Thread 0x000001c940838280 Uncommon trap: reason=unstable_if action=reinterpret pc=0x000001c94fbdf744 method=java.lang.StringUTF16.compress([CII)[B @ 13 c2
Event: 94.378 Thread 0x000001c940838280 DEOPT PACKING pc=0x000001c94fbdf744 sp=0x000000386c9fcc30
Event: 94.379 Thread 0x000001c940838280 DEOPT UNPACKING pc=0x000001c94f68239d sp=0x000000386c9fcb70 mode 2
Event: 96.290 Thread 0x000001c9598c1be0 Uncommon trap: trap_request=0xffffff45 fr.pc=0x000001c94fbdf00c relative=0x000000000000016c
Event: 96.291 Thread 0x000001c9598c1be0 Uncommon trap: reason=unstable_if action=reinterpret pc=0x000001c94fbdf00c method=java.lang.String.indexOf(II)I @ 4 c2
Event: 96.291 Thread 0x000001c9598c1be0 DEOPT PACKING pc=0x000001c94fbdf00c sp=0x000000386ddfe410
Event: 96.291 Thread 0x000001c9598c1be0 DEOPT UNPACKING pc=0x000001c94f68239d sp=0x000000386ddfe3b0 mode 2
Event: 96.293 Thread 0x000001c9598c1be0 Uncommon trap: trap_request=0xffffff45 fr.pc=0x000001c94fc1ad3c relative=0x000000000000047c
Event: 96.293 Thread 0x000001c9598c1be0 Uncommon trap: reason=unstable_if action=reinterpret pc=0x000001c94fc1ad3c method=java.lang.AbstractStringBuilder.putStringAt(ILjava/lang/String;II)V @ 8 c2
Event: 96.293 Thread 0x000001c9598c1be0 DEOPT PACKING pc=0x000001c94fc1ad3c sp=0x000000386ddfe230
Event: 96.293 Thread 0x000001c9598c1be0 DEOPT UNPACKING pc=0x000001c94f68239d sp=0x000000386ddfe110 mode 2
Event: 96.293 Thread 0x000001c9598c1be0 Uncommon trap: trap_request=0xffffff45 fr.pc=0x000001c94fc2f6d8 relative=0x0000000000000338
Event: 96.293 Thread 0x000001c9598c1be0 Uncommon trap: reason=unstable_if action=reinterpret pc=0x000001c94fc2f6d8 method=java.lang.AbstractStringBuilder.isLatin1()Z @ 10 c2
Event: 96.293 Thread 0x000001c9598c1be0 DEOPT PACKING pc=0x000001c94fc2f6d8 sp=0x000000386ddfe5a0
Event: 96.293 Thread 0x000001c9598c1be0 DEOPT UNPACKING pc=0x000001c94f68239d sp=0x000000386ddfe520 mode 2
Event: 96.293 Thread 0x000001c9598c1be0 Uncommon trap: trap_request=0xffffff45 fr.pc=0x000001c94fbdcab8 relative=0x0000000000000218
Event: 96.293 Thread 0x000001c9598c1be0 Uncommon trap: reason=unstable_if action=reinterpret pc=0x000001c94fbdcab8 method=java.lang.String.getChars(II[CI)V @ 23 c2
Event: 96.293 Thread 0x000001c9598c1be0 DEOPT PACKING pc=0x000001c94fbdcab8 sp=0x000000386ddfe500
Event: 96.293 Thread 0x000001c9598c1be0 DEOPT UNPACKING pc=0x000001c94f68239d sp=0x000000386ddfe498 mode 2

Classes unloaded (0 events):
No events

Classes redefined (0 events):
No events

Internal exceptions (18 events):
Event: 1.254 Thread 0x000001c940838280 Exception <a 'java/lang/NoSuchMethodError'{0x00000000ffdad420}: 'int java.lang.invoke.DirectMethodHandle$Holder.invokeStaticInit(java.lang.Object, java.lang.Object)'> (0x00000000ffdad420) 
thrown [s\open\src\hotspot\share\interpreter\linkResolver.cpp, line 759]
Event: 5.585 Thread 0x000001c940838280 Exception <a 'java/lang/NoSuchMethodError'{0x00000000ff796b00}: 'int java.lang.invoke.DirectMethodHandle$Holder.invokeStatic(java.lang.Object, java.lang.Object, int)'> (0x00000000ff796b00) 
thrown [s\open\src\hotspot\share\interpreter\linkResolver.cpp, line 759]
Event: 5.799 Thread 0x000001c940838280 Exception <a 'java/lang/NoSuchMethodError'{0x00000000ff340088}: 'java.lang.Object java.lang.invoke.DirectMethodHandle$Holder.invokeStaticInit(java.lang.Object)'> (0x00000000ff340088) 
thrown [s\open\src\hotspot\share\interpreter\linkResolver.cpp, line 759]
Event: 5.846 Thread 0x000001c940838280 Exception <a 'java/lang/NoSuchMethodError'{0x00000000ff35ad50}: 'int java.lang.invoke.DirectMethodHandle$Holder.invokeSpecial(java.lang.Object, java.lang.Object, java.lang.Object)'> (0x00000000ff35ad50) 
thrown [s\open\src\hotspot\share\interpreter\linkResolver.cpp, line 759]
Event: 5.877 Thread 0x000001c940838280 Exception <a 'java/lang/NoSuchMethodError'{0x00000000ff397f28}: 'void java.lang.invoke.DirectMethodHandle$Holder.invokeStatic(java.lang.Object, java.lang.Object)'> (0x00000000ff397f28) 
thrown [s\open\src\hotspot\share\interpreter\linkResolver.cpp, line 759]
Event: 5.881 Thread 0x000001c940838280 Implicit null exception at 0x000001c94fc2fb0a to 0x000001c94fc30008
Event: 6.028 Thread 0x000001c940838280 Exception <a 'java/lang/NoSuchMethodError'{0x00000000fef45d30}: 'java.lang.Object java.lang.invoke.Invokers$Holder.invoker(java.lang.Object, java.lang.Object, java.lang.Object)'> (0x00000000fef45d30) 
thrown [s\open\src\hotspot\share\interpreter\linkResolver.cpp, line 759]
Event: 6.032 Thread 0x000001c940838280 Exception <a 'java/lang/NoSuchMethodError'{0x00000000fef4ee88}: 'java.lang.Object java.lang.invoke.DirectMethodHandle$Holder.invokeStatic(java.lang.Object, java.lang.Object, int)'> (0x00000000fef4ee88) 
thrown [s\open\src\hotspot\share\interpreter\linkResolver.cpp, line 759]
Event: 6.036 Thread 0x000001c940838280 Exception <a 'java/lang/NoSuchMethodError'{0x00000000fef5ab78}: 'void java.lang.invoke.DelegatingMethodHandle$Holder.delegate(java.lang.Object, java.lang.Object, int, java.lang.Object)'> (0x00000000fef5ab78) 
thrown [s\open\src\hotspot\share\interpreter\linkResolver.cpp, line 759]
Event: 6.048 Thread 0x000001c940838280 Exception <a 'java/lang/NoSuchMethodError'{0x00000000fef6e1c0}: 'java.lang.Object java.lang.invoke.Invokers$Holder.invokeExact_MT(java.lang.Object, java.lang.Object, java.lang.Object, java.lang.Object)'> (0x00000000fef6e1c0) 
thrown [s\open\src\hotspot\share\interpreter\linkResolver.cpp, line 759]
Event: 6.063 Thread 0x000001c940838280 Exception <a 'java/lang/NoSuchMethodError'{0x00000000fef9bd18}: 'java.lang.Object java.lang.invoke.DirectMethodHandle$Holder.invokeVirtual(java.lang.Object, java.lang.Object, java.lang.Object)'> (0x00000000fef9bd18) 
thrown [s\open\src\hotspot\share\interpreter\linkResolver.cpp, line 759]
Event: 6.395 Thread 0x000001c940838280 Exception <a 'java/lang/NoSuchMethodError'{0x00000000feb78c38}: 'java.lang.Object java.lang.invoke.DirectMethodHandle$Holder.newInvokeSpecial(java.lang.Object, java.lang.Object, java.lang.Object, java.lang.Object, java.lang.Object)'> (0x00000000feb78c38) 
thrown [s\open\src\hotspot\share\interpreter\linkResolver.cpp, line 759]
Event: 6.516 Thread 0x000001c940838280 Exception <a 'java/lang/NoSuchMethodError'{0x00000000fe967d08}: 'void java.lang.invoke.DirectMethodHandle$Holder.invokeSpecial(java.lang.Object, java.lang.Object, java.lang.Object)'> (0x00000000fe967d08) 
thrown [s\open\src\hotspot\share\interpreter\linkResolver.cpp, line 759]
Event: 6.524 Thread 0x000001c940838280 Implicit null exception at 0x000001c94fc0fd8f to 0x000001c94fc10288
Event: 7.003 Thread 0x000001c940838280 Exception <a 'java/lang/NoSuchMethodError'{0x00000000fe779d88}: 'void java.lang.invoke.DirectMethodHandle$Holder.invokeStatic(java.lang.Object, java.lang.Object, java.lang.Object)'> (0x00000000fe779d88) 
thrown [s\open\src\hotspot\share\interpreter\linkResolver.cpp, line 759]
Event: 7.197 Thread 0x000001c940838280 Exception <a 'java/lang/NoSuchMethodError'{0x00000000fe25d378}: 'java.lang.Object java.lang.invoke.DirectMethodHandle$Holder.invokeStaticInit(java.lang.Object, int, int, int, int)'> (0x00000000fe25d378) 
thrown [s\open\src\hotspot\share\interpreter\linkResolver.cpp, line 759]
Event: 7.328 Thread 0x000001c940838280 Exception <a 'java/lang/NoSuchMethodError'{0x00000000fe2a5b28}: 'java.lang.Object java.lang.invoke.DirectMethodHandle$Holder.invokeStaticInit(java.lang.Object, java.lang.Object, int, int, int, int)'> (0x00000000fe2a5b28) 
thrown [s\open\src\hotspot\share\interpreter\linkResolver.cpp, line 759]
Event: 7.795 Thread 0x000001c940838280 Implicit null exception at 0x000001c94fc0e9f2 to 0x000001c94fc0ef08

VM Operations (20 events):
Event: 251.327 Executing VM operation: Cleanup
Event: 251.327 Executing VM operation: Cleanup done
Event: 261.434 Executing VM operation: Cleanup
Event: 261.434 Executing VM operation: Cleanup done
Event: 268.453 Executing VM operation: Cleanup
Event: 268.454 Executing VM operation: Cleanup done
Event: 326.961 Executing VM operation: Cleanup
Event: 326.963 Executing VM operation: Cleanup done
Event: 341.117 Executing VM operation: Cleanup
Event: 341.117 Executing VM operation: Cleanup done
Event: 368.383 Executing VM operation: Cleanup
Event: 368.384 Executing VM operation: Cleanup done
Event: 442.337 Executing VM operation: G1CollectForAllocation
Event: 442.546 Executing VM operation: G1CollectForAllocation done
Event: 525.297 Executing VM operation: Cleanup
Event: 525.503 Executing VM operation: Cleanup done
Event: 603.238 Executing VM operation: Cleanup
Event: 603.241 Executing VM operation: Cleanup done
Event: 604.248 Executing VM operation: Cleanup
Event: 604.248 Executing VM operation: Cleanup done

Events (20 events):
Event: 94.725 loading class jdk/internal/logger/LazyLoggers$LazyLoggerFactories
Event: 94.727 loading class jdk/internal/logger/LazyLoggers$LazyLoggerFactories done
Event: 94.760 loading class jdk/internal/logger/LoggerFinderLoader
Event: 94.761 loading class jdk/internal/logger/LoggerFinderLoader done
Event: 94.810 loading class jdk/internal/logger/LoggerFinderLoader$TemporaryLoggerFinder
Event: 94.810 loading class jdk/internal/logger/LoggerFinderLoader$TemporaryLoggerFinder done
Event: 94.823 loading class sun/util/logging/internal/LoggingProviderImpl$JULWrapper
Event: 94.838 loading class sun/util/logging/PlatformLogger$ConfigurableBridge$LoggerConfiguration
Event: 94.839 loading class sun/util/logging/PlatformLogger$ConfigurableBridge$LoggerConfiguration done
Event: 94.839 loading class sun/util/logging/internal/LoggingProviderImpl$JULWrapper done
Event: 94.843 loading class java/io/ObjectInputFilter
Event: 94.844 loading class java/io/ObjectInputFilter done
Event: 94.849 loading class java/io/ObjectInputFilter$Config$BuiltinFilterFactory
Event: 94.850 loading class java/io/ObjectInputFilter$Config$BuiltinFilterFactory done
Event: 94.850 loading class jdk/internal/access/JavaObjectInputFilterAccess
Event: 94.850 loading class jdk/internal/access/JavaObjectInputFilterAccess done
Event: 94.862 loading class java/lang/System$Logger$Level
Event: 94.862 loading class java/lang/System$Logger$Level done
Event: 94.863 loading class java/io/Bits
Event: 94.864 loading class java/io/Bits done


Dynamic libraries:
0x00007ff76cad0000 - 0x00007ff76cae0000 	C:\Program Files\Java\jdk-17\bin\java.exe
0x00007ffead610000 - 0x00007ffead808000 	C:\Windows\SYSTEM32\ntdll.dll
0x00007ffeac6e0000 - 0x00007ffeac7a2000 	C:\Windows\System32\KERNEL32.DLL
0x00007ffeab0f0000 - 0x00007ffeab3e6000 	C:\Windows\System32\KERNELBASE.dll
0x00007ffeaaf30000 - 0x00007ffeab030000 	C:\Windows\System32\ucrtbase.dll
0x00007ffea7010000 - 0x00007ffea7029000 	C:\Program Files\Java\jdk-17\bin\jli.dll
0x00007ffeac620000 - 0x00007ffeac6d1000 	C:\Windows\System32\ADVAPI32.dll
0x00007ffeaca50000 - 0x00007ffeacaee000 	C:\Windows\System32\msvcrt.dll
0x00007ffeacc30000 - 0x00007ffeacccf000 	C:\Windows\System32\sechost.dll
0x00007ffeac930000 - 0x00007ffeaca50000 	C:\Windows\System32\RPCRT4.dll
0x00007ffeab030000 - 0x00007ffeab057000 	C:\Windows\System32\bcrypt.dll
0x00007ffea3950000 - 0x00007ffea396b000 	C:\Program Files\Java\jdk-17\bin\VCRUNTIME140.dll
0x00007ffeab630000 - 0x00007ffeab7d1000 	C:\Windows\System32\USER32.dll
0x00007ffeab440000 - 0x00007ffeab462000 	C:\Windows\System32\win32u.dll
0x00007ffead350000 - 0x00007ffead37b000 	C:\Windows\System32\GDI32.dll
0x00007ffeab510000 - 0x00007ffeab629000 	C:\Windows\System32\gdi32full.dll
0x00007ffeab470000 - 0x00007ffeab50d000 	C:\Windows\System32\msvcp_win.dll
0x00007ffe93f60000 - 0x00007ffe941fb000 	C:\Windows\WinSxS\amd64_microsoft.windows.common-controls_6595b64144ccf1df_6.0.19041.6456_none_60b8a6cb71f64256\COMCTL32.dll
0x00007ffe9ab60000 - 0x00007ffe9ab6a000 	C:\Windows\SYSTEM32\VERSION.dll
0x00007ffead430000 - 0x00007ffead45f000 	C:\Windows\System32\IMM32.DLL
0x00007ffea70b0000 - 0x00007ffea70bc000 	C:\Program Files\Java\jdk-17\bin\vcruntime140_1.dll
0x00007ffea3840000 - 0x00007ffea38ce000 	C:\Program Files\Java\jdk-17\bin\msvcp140.dll
0x00007ffe61430000 - 0x00007ffe62010000 	C:\Program Files\Java\jdk-17\bin\server\jvm.dll
0x00007ffeacc20000 - 0x00007ffeacc28000 	C:\Windows\System32\PSAPI.DLL
0x00007ffea3b10000 - 0x00007ffea3b19000 	C:\Windows\SYSTEM32\WSOCK32.dll
0x00007ffeac5a0000 - 0x00007ffeac60b000 	C:\Windows\System32\WS2_32.dll
0x00007ffe94830000 - 0x00007ffe94857000 	C:\Windows\SYSTEM32\WINMM.dll
0x00007ffea94b0000 - 0x00007ffea94c2000 	C:\Windows\SYSTEM32\kernel.appcore.dll
0x00007ffea3940000 - 0x00007ffea394a000 	C:\Program Files\Java\jdk-17\bin\jimage.dll
0x00007ffea91b0000 - 0x00007ffea93b1000 	C:\Windows\SYSTEM32\DBGHELP.DLL
0x00007ffe9fbd0000 - 0x00007ffe9fc04000 	C:\Windows\SYSTEM32\dbgcore.DLL
0x00007ffeab060000 - 0x00007ffeab0e2000 	C:\Windows\System32\bcryptPrimitives.dll
0x00007ffea3810000 - 0x00007ffea3835000 	C:\Program Files\Java\jdk-17\bin\java.dll
0x00007ffe98e80000 - 0x00007ffe98f57000 	C:\Program Files\Java\jdk-17\bin\jsvml.dll
0x00007ffeabd00000 - 0x00007ffeac470000 	C:\Windows\System32\SHELL32.dll
0x00007ffea8930000 - 0x00007ffea90d5000 	C:\Windows\SYSTEM32\windows.storage.dll
0x00007ffeab920000 - 0x00007ffeabc74000 	C:\Windows\System32\combase.dll
0x00007ffeaa5f0000 - 0x00007ffeaa61b000 	C:\Windows\SYSTEM32\Wldp.dll
0x00007ffeac470000 - 0x00007ffeac53d000 	C:\Windows\System32\OLEAUT32.dll
0x00007ffeab7f0000 - 0x00007ffeab89d000 	C:\Windows\System32\SHCORE.dll
0x00007ffeaccd0000 - 0x00007ffeacd2b000 	C:\Windows\System32\shlwapi.dll
0x00007ffeaabd0000 - 0x00007ffeaabf4000 	C:\Windows\SYSTEM32\profapi.dll
0x00007ffea3920000 - 0x00007ffea3939000 	C:\Program Files\Java\jdk-17\bin\net.dll
0x00007ffe9aa50000 - 0x00007ffe9ab5a000 	C:\Windows\SYSTEM32\WINHTTP.dll
0x00007ffeaa350000 - 0x00007ffeaa3ba000 	C:\Windows\system32\mswsock.dll
0x00007ffea37f0000 - 0x00007ffea3806000 	C:\Program Files\Java\jdk-17\bin\nio.dll
0x00007ffea37d0000 - 0x00007ffea37e8000 	C:\Program Files\Java\jdk-17\bin\zip.dll
0x00007ffea3780000 - 0x00007ffea378a000 	C:\Program Files\Java\jdk-17\bin\management.dll
0x00007ffea3770000 - 0x00007ffea377b000 	C:\Program Files\Java\jdk-17\bin\management_ext.dll
0x00007ffea3760000 - 0x00007ffea3770000 	C:\Program Files\Java\jdk-17\bin\verify.dll
0x00007ffea3790000 - 0x00007ffea37b7000 	C:\Users\muhanad\.gradle\native\1def1411415f61bf3af743bc5b6707747c0891f09f0c88961ee8f79bc544acac\windows-amd64\native-platform.dll
0x00007ffea70a0000 - 0x00007ffea70aa000 	C:\Users\muhanad\.gradle\native\jansi\1.18\windows64\jansi.dll
0x00007ffeaa030000 - 0x00007ffeaa06b000 	C:\Windows\SYSTEM32\IPHLPAPI.DLL
0x00007ffeab7e0000 - 0x00007ffeab7e8000 	C:\Windows\System32\NSI.dll
0x00007ffe9fca0000 - 0x00007ffe9fcb7000 	C:\Windows\SYSTEM32\dhcpcsvc6.DLL
0x00007ffea0c50000 - 0x00007ffea0c6d000 	C:\Windows\SYSTEM32\dhcpcsvc.DLL
0x00007ffeaa070000 - 0x00007ffeaa13a000 	C:\Windows\SYSTEM32\DNSAPI.dll
0x00007ffeaa550000 - 0x00007ffeaa568000 	C:\Windows\SYSTEM32\CRYPTSP.dll
0x00007ffea9c70000 - 0x00007ffea9ca8000 	C:\Windows\system32\rsaenh.dll
0x00007ffeaab50000 - 0x00007ffeaab7e000 	C:\Windows\SYSTEM32\USERENV.dll
0x00007ffeaa540000 - 0x00007ffeaa54c000 	C:\Windows\SYSTEM32\CRYPTBASE.dll
0x00007ffea2b00000 - 0x00007ffea2b0e000 	C:\Program Files\Java\jdk-17\bin\sunmscapi.dll
0x00007ffeaaca0000 - 0x00007ffeaadfd000 	C:\Windows\System32\CRYPT32.dll
0x00007ffeaa660000 - 0x00007ffeaa687000 	C:\Windows\SYSTEM32\ncrypt.dll
0x00007ffeaa620000 - 0x00007ffeaa65b000 	C:\Windows\SYSTEM32\NTASN1.dll
0x00007ffea1fb0000 - 0x00007ffea1fb7000 	C:\Windows\system32\wshunix.dll

dbghelp: loaded successfully - version: 4.0.5 - missing functions: none
symbol engine: initialized successfully - sym options: 0x614 - pdb path: .;C:\Program Files\Java\jdk-17\bin;C:\Windows\SYSTEM32;C:\Windows\WinSxS\amd64_microsoft.windows.common-controls_6595b64144ccf1df_6.0.19041.6456_none_60b8a6cb71f64256;C:\Program Files\Java\jdk-17\bin\server;C:\Users\muhanad\.gradle\native\1def1411415f61bf3af743bc5b6707747c0891f09f0c88961ee8f79bc544acac\windows-amd64;C:\Users\muhanad\.gradle\native\jansi\1.18\windows64

VM Arguments:
jvm_args: -Xmx64m -Xms64m -Dorg.gradle.appname=gradlew 
java_command: D:\mobile\appmobile\android\\gradle\wrapper\gradle-wrapper.jar assembleRelease
java_class_path (initial): D:\mobile\appmobile\android\\gradle\wrapper\gradle-wrapper.jar
Launcher Type: SUN_STANDARD

[Global flags]
     intx CICompilerCount                          = 2                                         {product} {ergonomic}
     uint ConcGCThreads                            = 1                                         {product} {ergonomic}
     uint G1ConcRefinementThreads                  = 2                                         {product} {ergonomic}
   size_t G1HeapRegionSize                         = 1048576                                   {product} {ergonomic}
    uintx GCDrainStackTargetSize                   = 64                                        {product} {ergonomic}
   size_t InitialHeapSize                          = 67108864                                  {product} {command line}
   size_t MarkStackSize                            = 4194304                                   {product} {ergonomic}
   size_t MaxHeapSize                              = 67108864                                  {product} {command line}
   size_t MaxNewSize                               = 39845888                                  {product} {ergonomic}
   size_t MinHeapDeltaBytes                        = 1048576                                   {product} {ergonomic}
   size_t MinHeapSize                              = 67108864                                  {product} {command line}
    uintx NonNMethodCodeHeapSize                   = 5826188                                {pd product} {ergonomic}
    uintx NonProfiledCodeHeapSize                  = 122916026                              {pd product} {ergonomic}
    uintx ProfiledCodeHeapSize                     = 122916026                              {pd product} {ergonomic}
    uintx ReservedCodeCacheSize                    = 251658240                              {pd product} {ergonomic}
     bool SegmentedCodeCache                       = true                                      {product} {ergonomic}
   size_t SoftMaxHeapSize                          = 67108864                               {manageable} {ergonomic}
     bool UseCompressedClassPointers               = true                           {product lp64_product} {ergonomic}
     bool UseCompressedOops                        = true                           {product lp64_product} {ergonomic}
     bool UseG1GC                                  = true                                      {product} {ergonomic}
     bool UseLargePagesIndividualAllocation        = false                                  {pd product} {ergonomic}

Logging:
Log output configuration:
 #0: stdout all=warning uptime,level,tags
 #1: stderr all=off uptime,level,tags

Environment Variables:
JAVA_HOME=C:\Program Files\Java\jdk-17
PATH=C:\Program Files\Common Files\Oracle\Java\javapath;C:\Python312\Scripts\;C:\Python312\;C:\Program Files\Microsoft\jdk-11.0.20.8-hotspot\bin;C:\flutter\bin;C:\Python311\;C:\Python310\Scripts\;C:\Python310\;C:\Windows\system32;C:\Windows;C:\Windows\System32\Wbem;C:\Windows\System32\WindowsPowerShell\v1.0\;C:\Windows\System32\OpenSSH\;c:\Program Files (x86)\Microsoft SQL Server\100\Tools\Binn\;c:\Program Files\Microsoft SQL Server\100\Tools\Binn\;c:\Program Files\Microsoft SQL Server\100\DTS\Binn\;C:\ProgramData\chocolatey\bin;C:\Program Files\nodejs\samer;C:\Program Files (x86)\Yarn\bin\;C:\Users\muhanad\AppData\Local\Android\Sdk\platform-tools;%LOCALAPPDATA%\Android\Sdk\platform-tools;C:\Program Files\Git\cmd;C:\Program Files\Git\bin;C:\Program Files\nodejs\samer\;C:\gradle-8.13-bin\gradle-8.13\bin;C:\Program Files\Java\jdk-17\bin;C:\Program Files\Java\jdk-17\bin;C:\platform-tools;C:\Users\muhanad\AppData\Local\Android\Sdk\tools;C:\Users\muhanad\AppData\Local\Programs\Microsoft VS Code\bin;C:\Program Files\nodejs\samer;D:\AndroidSDK\platform-tools;C:\flutter\bin;C:\Users\muhanad\AppData\Roaming\npm;C:\Program Files\Java\jdk-17\bin;C:\ProgramData\chocolatey\lib\postgresql\tools\;C:\Users\muhanad\AppData\Local\Programs\cursor\resources\app\bin;c:\Users\muhanad\.vscode\extensions\vscjava.vscode-java-debug-0.58.3\bundled\scripts\noConfigScripts
USERNAME=muhanad
LANG=en_US.UTF-8
OS=Windows_NT
PROCESSOR_IDENTIFIER=Intel64 Family 6 Model 122 Stepping 8, GenuineIntel



---------------  S Y S T E M  ---------------

OS:
 Windows 10 , 64 bit Build 19041 (10.0.19041.5915)
OS uptime: 1 days 10:58 hours

CPU: total 2 (initial active 2) (2 cores per cpu, 1 threads per core) family 6 model 122 stepping 8 microcode 0x1a, cx8, cmov, fxsr, mmx, 3dnowpref, sse, sse2, sse3, ssse3, sse4.1, sse4.2, popcnt, tsc, tscinvbit, aes, erms, clmul, sha, clflush, clflushopt

Memory: 4k page, system-wide physical 3737M (249M free)
TotalPageFile size 15001M (AvailPageFile size 0M)
current process WorkingSet (physical memory assigned to process): 20M, peak: 95M
current process commit charge ("private bytes"): 155M, peak: 174M

vm_info: Java HotSpot(TM) 64-Bit Server VM (17.0.12+8-LTS-286) for windows-amd64 JRE (17.0.12+8-LTS-286), built on Jun  5 2024 06:46:59 by "mach5one" with MS VC++ 17.6 (VS2022)

END.
