#
# There is insufficient memory for the Java Runtime Environment to continue.
# Native memory allocation (mmap) failed to map 139460608 bytes for G1 virtual space
# Possible reasons:
#   The system is out of physical RAM or swap space
#   The process is running with CompressedOops enabled, and the Java Heap may be blocking the growth of the native heap
# Possible solutions:
#   Reduce memory load on the system
#   Increase physical memory or swap space
#   Check if swap backing store is full
#   Decrease Java heap size (-Xmx/-Xms)
#   Decrease number of Java threads
#   Decrease Java thread stack sizes (-Xss)
#   Set larger code cache with -XX:ReservedCodeCacheSize=
#   JVM is running with Unscaled Compressed Oops mode in which the Java heap is
#     placed in the first 4GB address space. The Java Heap base address is the
#     maximum limit for the native heap growth. Please use -XX:HeapBaseMinAddress
#     to set the Java Heap base and to place the Java Heap above 4GB virtual address.
# This output file may be truncated or incomplete.
#
#  Out of Memory Error (os_windows.cpp:3548), pid=14432, tid=4648
#
# JRE version: Java(TM) SE Runtime Environment (17.0.12+8) (build 17.0.12+8-LTS-286)
# Java VM: Java HotSpot(TM) 64-Bit Server VM (17.0.12+8-LTS-286, mixed mode, sharing, tiered, compressed oops, compressed class ptrs, g1 gc, windows-amd64)
# No core dump will be written. Minidumps are not enabled by default on client versions of Windows
#

---------------  S U M M A R Y ------------

Command Line: --add-opens=java.base/java.lang=ALL-UNNAMED --add-opens=java.base/java.lang.invoke=ALL-UNNAMED --add-opens=java.base/java.util=ALL-UNNAMED --add-opens=java.prefs/java.util.prefs=ALL-UNNAMED --add-exports=jdk.compiler/com.sun.tools.javac.api=ALL-UNNAMED --add-exports=jdk.compiler/com.sun.tools.javac.util=ALL-UNNAMED --add-opens=java.base/java.util=ALL-UNNAMED --add-opens=java.prefs/java.util.prefs=ALL-UNNAMED --add-opens=java.base/java.nio.charset=ALL-UNNAMED --add-opens=java.base/java.net=ALL-UNNAMED --add-opens=java.base/java.util.concurrent=ALL-UNNAMED --add-opens=java.base/java.util.concurrent.atomic=ALL-UNNAMED --add-opens=java.xml/javax.xml.namespace=ALL-UNNAMED -XX:MaxMetaspaceSize=512m -Xmx1536m -Dfile.encoding=windows-1252 -Duser.country=US -Duser.language=en -Duser.variant -javaagent:C:\Users\muhanad\.gradle\wrapper\dists\gradle-9.0.0-bin\d6wjpkvcgsg3oed0qlfss3wgl\gradle-9.0.0\lib\agents\gradle-instrumentation-agent-9.0.0.jar org.gradle.launcher.daemon.bootstrap.GradleDaemon 9.0.0

Host: Intel(R) Celeron(R) N4020 CPU @ 1.10GHz, 2 cores, 3G,  Windows 10 , 64 bit Build 19041 (10.0.19041.5915)
Time: Mon Dec  1 21:43:20 2025 Pacific Standard Time elapsed time: 458.234490 seconds (0d 0h 7m 38s)

---------------  T H R E A D  ---------------

Current thread (0x000001d0a847e400):  VMThread "VM Thread" [stack: 0x000000543b000000,0x000000543b100000] [id=4648]

Stack: [0x000000543b000000,0x000000543b100000]
Native frames: (J=compiled Java code, j=interpreted, Vv=VM code, C=native code)
V  [jvm.dll+0x67a04a]
V  [jvm.dll+0x7da4ed]
V  [jvm.dll+0x7dbe33]
V  [jvm.dll+0x7dc4a3]
V  [jvm.dll+0x24508f]
V  [jvm.dll+0x677089]
V  [jvm.dll+0x66bd32]
V  [jvm.dll+0x301fa6]
V  [jvm.dll+0x309546]
V  [jvm.dll+0x359d2e]
V  [jvm.dll+0x359f5f]
V  [jvm.dll+0x2d9078]
V  [jvm.dll+0x2dc0e6]
V  [jvm.dll+0x2e67eb]
V  [jvm.dll+0x31a870]
V  [jvm.dll+0x7e0d9b]
V  [jvm.dll+0x7e1ad4]
V  [jvm.dll+0x7e1fed]
V  [jvm.dll+0x7e23c4]
V  [jvm.dll+0x7e2490]
V  [jvm.dll+0x78abea]
V  [jvm.dll+0x678f35]
C  [ucrtbase.dll+0x21bb2]
C  [KERNEL32.DLL+0x17374]
C  [ntdll.dll+0x4cc91]

VM_Operation (0x000000543acff390): G1Concurrent, mode: safepoint, requested by thread 0x000001d0a833d690


---------------  P R O C E S S  ---------------

Threads class SMR info:
_java_thread_list=0x000001d0eb5763b0, length=54, elements={
0x000001d0a83d37c0, 0x000001d0a8485f90, 0x000001d0a8486d20, 0x000001d0a849ae70,
0x000001d0a849cab0, 0x000001d0a849d380, 0x000001d0a849dc50, 0x000001d0a849e900,
0x000001d0c65a21c0, 0x000001d0c65a26e0, 0x000001d0c65ce520, 0x000001d0c677c810,
0x000001d0e7329750, 0x000001d0e68a4b70, 0x000001d0e697d190, 0x000001d0e6916a10,
0x000001d0c6804090, 0x000001d0e681d300, 0x000001d0e681cdf0, 0x000001d0e681d810,
0x000001d0e681af90, 0x000001d0e681a060, 0x000001d0e681b9b0, 0x000001d0e681aa80,
0x000001d0e681a570, 0x000001d0e681c3d0, 0x000001d0e681c8e0, 0x000001d0e681bec0,
0x000001d0e746dfd0, 0x000001d0e7471780, 0x000001d0e7475950, 0x000001d0e7474f30,
0x000001d0e746ef00, 0x000001d0e7473af0, 0x000001d0e7471c90, 0x000001d0e746f410,
0x000001d0e746e4e0, 0x000001d0e74721a0, 0x000001d0e7474000, 0x000001d0e746f920,
0x000001d0e7475440, 0x000001d0e746fe30, 0x000001d0e7470340, 0x000001d0e82d4060,
0x000001d0e82d5ec0, 0x000001d0e82d7300, 0x000001d0e82d59b0, 0x000001d0e82d4570,
0x000001d0e82d63d0, 0x000001d0e82d6df0, 0x000001d0e82d4f90, 0x000001d0e7470d60,
0x000001d0e681b4a0, 0x000001d0ea8e0000
}

Java Threads: ( => current thread )
  0x000001d0a83d37c0 JavaThread "main" [_thread_blocked, id=10564, stack(0x000000543a900000,0x000000543aa00000)]
  0x000001d0a8485f90 JavaThread "Reference Handler" daemon [_thread_blocked, id=15608, stack(0x000000543b100000,0x000000543b200000)]
  0x000001d0a8486d20 JavaThread "Finalizer" daemon [_thread_blocked, id=8964, stack(0x000000543b200000,0x000000543b300000)]
  0x000001d0a849ae70 JavaThread "Signal Dispatcher" daemon [_thread_blocked, id=664, stack(0x000000543b300000,0x000000543b400000)]
  0x000001d0a849cab0 JavaThread "Attach Listener" daemon [_thread_blocked, id=2740, stack(0x000000543b400000,0x000000543b500000)]
  0x000001d0a849d380 JavaThread "Service Thread" daemon [_thread_blocked, id=8472, stack(0x000000543b500000,0x000000543b600000)]
  0x000001d0a849dc50 JavaThread "Monitor Deflation Thread" daemon [_thread_blocked, id=4140, stack(0x000000543b600000,0x000000543b700000)]
  0x000001d0a849e900 JavaThread "C2 CompilerThread0" daemon [_thread_blocked, id=2184, stack(0x000000543b700000,0x000000543b800000)]
  0x000001d0c65a21c0 JavaThread "C1 CompilerThread0" daemon [_thread_blocked, id=14344, stack(0x000000543b800000,0x000000543b900000)]
  0x000001d0c65a26e0 JavaThread "Sweeper thread" daemon [_thread_blocked, id=8896, stack(0x000000543b900000,0x000000543ba00000)]
  0x000001d0c65ce520 JavaThread "Common-Cleaner" daemon [_thread_blocked, id=13984, stack(0x000000543ba00000,0x000000543bb00000)]
  0x000001d0c677c810 JavaThread "Notification Thread" daemon [_thread_blocked, id=10760, stack(0x000000543bb00000,0x000000543bc00000)]
  0x000001d0e7329750 JavaThread "Daemon health stats" [_thread_blocked, id=6784, stack(0x000000543be00000,0x000000543bf00000)]
  0x000001d0e68a4b70 JavaThread "Incoming local TCP Connector on port 58751" [_thread_in_native, id=9400, stack(0x000000543bf00000,0x000000543c000000)]
  0x000001d0e697d190 JavaThread "Daemon periodic checks" [_thread_blocked, id=7824, stack(0x000000543c000000,0x000000543c100000)]
  0x000001d0e6916a10 JavaThread "Daemon" [_thread_blocked, id=9136, stack(0x000000543c100000,0x000000543c200000)]
  0x000001d0c6804090 JavaThread "Handler for socket connection from /127.0.0.1:58751 to /127.0.0.1:58752" [_thread_in_native, id=668, stack(0x000000543c200000,0x000000543c300000)]
  0x000001d0e681d300 JavaThread "Cancel handler" [_thread_blocked, id=13392, stack(0x000000543c300000,0x000000543c400000)]
  0x000001d0e681cdf0 JavaThread "Daemon worker" [_thread_blocked, id=13108, stack(0x000000543c400000,0x000000543c500000)]
  0x000001d0e681d810 JavaThread "Asynchronous log dispatcher for DefaultDaemonConnection: socket connection from /127.0.0.1:58751 to /127.0.0.1:58752" [_thread_blocked, id=16352, stack(0x000000543c500000,0x000000543c600000)]
  0x000001d0e681af90 JavaThread "Stdin handler" [_thread_blocked, id=7400, stack(0x000000543c600000,0x000000543c700000)]
  0x000001d0e681a060 JavaThread "Daemon client event forwarder" [_thread_blocked, id=12400, stack(0x000000543c700000,0x000000543c800000)]
  0x000001d0e681b9b0 JavaThread "Cache worker for journal cache (C:\Users\muhanad\.gradle\caches\journal-1)" [_thread_blocked, id=1340, stack(0x000000543c800000,0x000000543c900000)]
  0x000001d0e681aa80 JavaThread "File lock request listener" [_thread_in_native, id=15952, stack(0x000000543c900000,0x000000543ca00000)]
  0x000001d0e681a570 JavaThread "Cache worker for file hash cache (C:\Users\muhanad\.gradle\caches\9.0.0\fileHashes)" [_thread_blocked, id=13400, stack(0x000000543ca00000,0x000000543cb00000)]
  0x000001d0e681c3d0 JavaThread "Cache worker for file hash cache (D:\mobile\appmobile\android\.gradle\9.0.0\fileHashes)" [_thread_blocked, id=8268, stack(0x000000543cb00000,0x000000543cc00000)]
  0x000001d0e681c8e0 JavaThread "Cache worker for Build Output Cleanup Cache (D:\mobile\appmobile\android\.gradle\buildOutputCleanup)" [_thread_blocked, id=5608, stack(0x000000543cc00000,0x000000543cd00000)]
  0x000001d0e681bec0 JavaThread "File watcher server" daemon [_thread_in_native, id=2348, stack(0x000000543cd00000,0x000000543ce00000)]
  0x000001d0e746dfd0 JavaThread "File watcher consumer" daemon [_thread_blocked, id=14732, stack(0x000000543ce00000,0x000000543cf00000)]
  0x000001d0e7471780 JavaThread "Cache worker for checksums cache (D:\mobile\appmobile\android\.gradle\9.0.0\checksums)" [_thread_blocked, id=1996, stack(0x000000543cf00000,0x000000543d000000)]
  0x000001d0e7475950 JavaThread "Cache worker for file content cache (C:\Users\muhanad\.gradle\caches\9.0.0\fileContent)" [_thread_blocked, id=10816, stack(0x000000543d000000,0x000000543d100000)]
  0x000001d0e7474f30 JavaThread "Cache worker for cache directory md-supplier (C:\Users\muhanad\.gradle\caches\9.0.0\md-supplier)" [_thread_blocked, id=8312, stack(0x000000543d100000,0x000000543d200000)]
  0x000001d0e746ef00 JavaThread "Cache worker for cache directory md-rule (C:\Users\muhanad\.gradle\caches\9.0.0\md-rule)" [_thread_blocked, id=16052, stack(0x000000543d200000,0x000000543d300000)]
  0x000001d0e7473af0 JavaThread "jar transforms" [_thread_blocked, id=14784, stack(0x000000543d500000,0x000000543d600000)]
  0x000001d0e7471c90 JavaThread "Cache worker for Build Output Cleanup Cache (D:\mobile\appmobile\node_modules\@react-native\gradle-plugin\.gradle\buildOutputCleanup)" [_thread_blocked, id=9652, stack(0x000000543d600000,0x000000543d700000)]
  0x000001d0e746f410 JavaThread "Unconstrained build operations" [_thread_blocked, id=12056, stack(0x000000543a800000,0x000000543a900000)]
  0x000001d0e746e4e0 JavaThread "Unconstrained build operations Thread 2" [_thread_blocked, id=14476, stack(0x000000543d700000,0x000000543d800000)]
  0x000001d0e74721a0 JavaThread "Unconstrained build operations Thread 3" [_thread_blocked, id=10968, stack(0x000000543d800000,0x000000543d900000)]
  0x000001d0e7474000 JavaThread "Unconstrained build operations Thread 4" [_thread_blocked, id=2456, stack(0x000000543d900000,0x000000543da00000)]
  0x000001d0e746f920 JavaThread "Unconstrained build operations Thread 5" [_thread_blocked, id=4348, stack(0x000000543da00000,0x000000543db00000)]
  0x000001d0e7475440 JavaThread "Unconstrained build operations Thread 6" [_thread_blocked, id=3188, stack(0x000000543db00000,0x000000543dc00000)]
  0x000001d0e746fe30 JavaThread "build event listener" [_thread_blocked, id=7232, stack(0x000000543dc00000,0x000000543dd00000)]
  0x000001d0e7470340 JavaThread "Memory manager" [_thread_blocked, id=7268, stack(0x000000543dd00000,0x000000543de00000)]
  0x000001d0e82d4060 JavaThread "Cache worker for execution history cache (D:\mobile\appmobile\node_modules\@react-native\gradle-plugin\.gradle\9.0.0\executionHistory)" [_thread_blocked, id=12728, stack(0x000000543e300000,0x000000543e400000)]
  0x000001d0e82d5ec0 JavaThread "Unconstrained build operations Thread 7" [_thread_blocked, id=11244, stack(0x000000543e400000,0x000000543e500000)]
  0x000001d0e82d7300 JavaThread "Unconstrained build operations Thread 8" [_thread_blocked, id=14544, stack(0x000000543e500000,0x000000543e600000)]
  0x000001d0e82d59b0 JavaThread "Unconstrained build operations Thread 9" [_thread_blocked, id=9024, stack(0x000000543e600000,0x000000543e700000)]
  0x000001d0e82d4570 JavaThread "Unconstrained build operations Thread 10" [_thread_blocked, id=13428, stack(0x000000543e700000,0x000000543e800000)]
  0x000001d0e82d63d0 JavaThread "jar transforms Thread 2" [_thread_blocked, id=13884, stack(0x000000543e800000,0x000000543e900000)]
  0x000001d0e82d6df0 JavaThread "build event listener" [_thread_blocked, id=11360, stack(0x000000543d300000,0x000000543d400000)]
  0x000001d0e82d4f90 JavaThread "Problems report writer" [_thread_blocked, id=1796, stack(0x000000543d400000,0x000000543d500000)]
  0x000001d0e7470d60 JavaThread "Exec process" [_thread_blocked, id=3104, stack(0x000000543aa00000,0x000000543ab00000)]
  0x000001d0e681b4a0 JavaThread "Exec process Thread 2" [_thread_blocked, id=12228, stack(0x000000543de00000,0x000000543df00000)]
  0x000001d0ea8e0000 JavaThread "Exec process Thread 3" [_thread_blocked, id=3952, stack(0x000000543df00000,0x000000543e000000)]

Other Threads:
=>0x000001d0a847e400 VMThread "VM Thread" [stack: 0x000000543b000000,0x000000543b100000] [id=4648]
  0x000001d0c677ccf0 WatcherThread [stack: 0x000000543bc00000,0x000000543bd00000] [id=1184]
  0x000001d0a841a6d0 GCTaskThread "GC Thread#0" [stack: 0x000000543ab00000,0x000000543ac00000] [id=10312]
  0x000001d0c6890150 GCTaskThread "GC Thread#1" [stack: 0x000000543bd00000,0x000000543be00000] [id=3960]
  0x000001d0a833d690 ConcurrentGCThread "G1 Main Marker" [stack: 0x000000543ac00000,0x000000543ad00000] [id=8460]
  0x000001d0a8426e60 ConcurrentGCThread "G1 Conc#0" [stack: 0x000000543ad00000,0x000000543ae00000] [id=7224]
  0x000001d0a8459530 ConcurrentGCThread "G1 Refine#0" [stack: 0x000000543ae00000,0x000000543af00000] [id=13540]
  0x000001d0a845b280 ConcurrentGCThread "G1 Service" [stack: 0x000000543af00000,0x000000543b000000] [id=14912]

Threads with active compile tasks:

VM state: at safepoint (normal execution)

VM Mutex/Monitor currently owned by a thread:  ([mutex/lock_event])
[0x000001d0a83cfbf0] Threads_lock - owner thread: 0x000001d0a847e400
[0x000001d0a83cfc80] Heap_lock - owner thread: 0x000001d0a833d690

Heap address: 0x00000000a0000000, size: 1536 MB, Compressed Oops mode: 32-bit

CDS archive(s) mapped at: [0x000001d0c7000000-0x000001d0c7bd0000-0x000001d0c7bd0000), size 12386304, SharedBaseAddress: 0x000001d0c7000000, ArchiveRelocationMode: 1.
Compressed class space mapped at: 0x000001d0c8000000-0x000001d0e2000000, reserved size: 436207616
Narrow klass base: 0x000001d0c7000000, Narrow klass shift: 0, Narrow klass range: 0x100000000

GC Precious Log:
 CPUs: 2 total, 2 available
 Memory: 3737M
 Large Page Support: Disabled
 NUMA Support: Disabled
 Compressed Oops: Enabled (32-bit)
 Heap Region Size: 1M
 Heap Min Capacity: 8M
 Heap Initial Capacity: 60M
 Heap Max Capacity: 1536M
 Pre-touch: Disabled
 Parallel Workers: 2
 Concurrent Workers: 1
 Concurrent Refinement Workers: 2
 Periodic GC: Disabled

Heap:
 garbage-first heap   total 304128K, used 262443K [0x00000000a0000000, 0x0000000100000000)
  region size 1024K, 4 young (4096K), 2 survivors (2048K)
 Metaspace       used 108704K, committed 110464K, reserved 557056K
  class space    used 15275K, committed 16128K, reserved 425984K

Heap Regions: E=young(eden), S=young(survivor), O=old, HS=humongous(starts), HC=humongous(continues), CS=collection set, F=free, OA=open archive, CA=closed archive, TAMS=top-at-mark-start (previous, next)
|   0|0x00000000a0000000, 0x00000000a0100000, 0x00000000a0100000|100%| O|  |TAMS 0x00000000a0100000, 0x00000000a0000000| Updating 
|   1|0x00000000a0100000, 0x00000000a0200000, 0x00000000a0200000|100%| O|  |TAMS 0x00000000a0200000, 0x00000000a0100000| Untracked 
|   2|0x00000000a0200000, 0x00000000a0300000, 0x00000000a0300000|100%| O|  |TAMS 0x00000000a0300000, 0x00000000a0200000| Untracked 
|   3|0x00000000a0300000, 0x00000000a0400000, 0x00000000a0400000|100%|HS|  |TAMS 0x00000000a0400000, 0x00000000a0300000| Complete 
|   4|0x00000000a0400000, 0x00000000a0500000, 0x00000000a0500000|100%|HC|  |TAMS 0x00000000a0500000, 0x00000000a0400000| Complete 
|   5|0x00000000a0500000, 0x00000000a0600000, 0x00000000a0600000|100%|HC|  |TAMS 0x00000000a0600000, 0x00000000a0500000| Complete 
|   6|0x00000000a0600000, 0x00000000a0700000, 0x00000000a0700000|100%| O|  |TAMS 0x00000000a0700000, 0x00000000a0600000| Untracked 
|   7|0x00000000a0700000, 0x00000000a0800000, 0x00000000a0800000|100%|HS|  |TAMS 0x00000000a0800000, 0x00000000a0700000| Complete 
|   8|0x00000000a0800000, 0x00000000a0900000, 0x00000000a0900000|100%| O|  |TAMS 0x00000000a0900000, 0x00000000a0800000| Untracked 
|   9|0x00000000a0900000, 0x00000000a0a00000, 0x00000000a0a00000|100%| O|  |TAMS 0x00000000a0a00000, 0x00000000a0900000| Untracked 
|  10|0x00000000a0a00000, 0x00000000a0b00000, 0x00000000a0b00000|100%| O|  |TAMS 0x00000000a0b00000, 0x00000000a0a00000| Untracked 
|  11|0x00000000a0b00000, 0x00000000a0c00000, 0x00000000a0c00000|100%| O|  |TAMS 0x00000000a0c00000, 0x00000000a0b00000| Updating 
|  12|0x00000000a0c00000, 0x00000000a0d00000, 0x00000000a0d00000|100%| O|  |TAMS 0x00000000a0d00000, 0x00000000a0c00000| Updating 
|  13|0x00000000a0d00000, 0x00000000a0e00000, 0x00000000a0e00000|100%| O|  |TAMS 0x00000000a0e00000, 0x00000000a0d00000| Untracked 
|  14|0x00000000a0e00000, 0x00000000a0f00000, 0x00000000a0f00000|100%| O|  |TAMS 0x00000000a0f00000, 0x00000000a0e00000| Updating 
|  15|0x00000000a0f00000, 0x00000000a1000000, 0x00000000a1000000|100%| O|  |TAMS 0x00000000a1000000, 0x00000000a0f00000| Untracked 
|  16|0x00000000a1000000, 0x00000000a1100000, 0x00000000a1100000|100%| O|  |TAMS 0x00000000a1100000, 0x00000000a1000000| Untracked 
|  17|0x00000000a1100000, 0x00000000a1200000, 0x00000000a1200000|100%| O|  |TAMS 0x00000000a1200000, 0x00000000a1100000| Untracked 
|  18|0x00000000a1200000, 0x00000000a1300000, 0x00000000a1300000|100%| O|  |TAMS 0x00000000a1300000, 0x00000000a1200000| Updating 
|  19|0x00000000a1300000, 0x00000000a1400000, 0x00000000a1400000|100%| O|  |TAMS 0x00000000a1400000, 0x00000000a1300000| Updating 
|  20|0x00000000a1400000, 0x00000000a1500000, 0x00000000a1500000|100%| O|  |TAMS 0x00000000a1500000, 0x00000000a1400000| Untracked 
|  21|0x00000000a1500000, 0x00000000a1600000, 0x00000000a1600000|100%| O|  |TAMS 0x00000000a1600000, 0x00000000a1500000| Untracked 
|  22|0x00000000a1600000, 0x00000000a1700000, 0x00000000a1700000|100%| O|  |TAMS 0x00000000a1700000, 0x00000000a1600000| Untracked 
|  23|0x00000000a1700000, 0x00000000a1800000, 0x00000000a1800000|100%| O|  |TAMS 0x00000000a1800000, 0x00000000a1700000| Untracked 
|  24|0x00000000a1800000, 0x00000000a1900000, 0x00000000a1900000|100%| O|  |TAMS 0x00000000a1900000, 0x00000000a1800000| Untracked 
|  25|0x00000000a1900000, 0x00000000a1a00000, 0x00000000a1a00000|100%| O|  |TAMS 0x00000000a1a00000, 0x00000000a1900000| Untracked 
|  26|0x00000000a1a00000, 0x00000000a1b00000, 0x00000000a1b00000|100%| O|  |TAMS 0x00000000a1b00000, 0x00000000a1a00000| Untracked 
|  27|0x00000000a1b00000, 0x00000000a1c00000, 0x00000000a1c00000|100%| O|  |TAMS 0x00000000a1c00000, 0x00000000a1b00000| Untracked 
|  28|0x00000000a1c00000, 0x00000000a1d00000, 0x00000000a1d00000|100%| O|  |TAMS 0x00000000a1d00000, 0x00000000a1c00000| Updating 
|  29|0x00000000a1d00000, 0x00000000a1e00000, 0x00000000a1e00000|100%| O|  |TAMS 0x00000000a1e00000, 0x00000000a1d00000| Updating 
|  30|0x00000000a1e00000, 0x00000000a1f00000, 0x00000000a1f00000|100%| O|  |TAMS 0x00000000a1f00000, 0x00000000a1e00000| Untracked 
|  31|0x00000000a1f00000, 0x00000000a2000000, 0x00000000a2000000|100%| O|  |TAMS 0x00000000a2000000, 0x00000000a1f00000| Untracked 
|  32|0x00000000a2000000, 0x00000000a2100000, 0x00000000a2100000|100%| O|  |TAMS 0x00000000a2100000, 0x00000000a2000000| Untracked 
|  33|0x00000000a2100000, 0x00000000a2200000, 0x00000000a2200000|100%| O|  |TAMS 0x00000000a2200000, 0x00000000a2100000| Untracked 
|  34|0x00000000a2200000, 0x00000000a2300000, 0x00000000a2300000|100%| O|  |TAMS 0x00000000a2300000, 0x00000000a2200000| Untracked 
|  35|0x00000000a2300000, 0x00000000a2400000, 0x00000000a2400000|100%| O|  |TAMS 0x00000000a2400000, 0x00000000a2300000| Untracked 
|  36|0x00000000a2400000, 0x00000000a2500000, 0x00000000a2500000|100%| O|  |TAMS 0x00000000a2500000, 0x00000000a2400000| Updating 
|  37|0x00000000a2500000, 0x00000000a2600000, 0x00000000a2600000|100%| O|  |TAMS 0x00000000a2600000, 0x00000000a2500000| Untracked 
|  38|0x00000000a2600000, 0x00000000a2700000, 0x00000000a2700000|100%| O|  |TAMS 0x00000000a2700000, 0x00000000a2600000| Untracked 
|  39|0x00000000a2700000, 0x00000000a2800000, 0x00000000a2800000|100%| O|  |TAMS 0x00000000a2800000, 0x00000000a2700000| Untracked 
|  40|0x00000000a2800000, 0x00000000a2900000, 0x00000000a2900000|100%|HS|  |TAMS 0x00000000a2900000, 0x00000000a2800000| Complete 
|  41|0x00000000a2900000, 0x00000000a2a00000, 0x00000000a2a00000|100%|HC|  |TAMS 0x00000000a2a00000, 0x00000000a2900000| Complete 
|  42|0x00000000a2a00000, 0x00000000a2b00000, 0x00000000a2b00000|100%|HC|  |TAMS 0x00000000a2b00000, 0x00000000a2a00000| Complete 
|  43|0x00000000a2b00000, 0x00000000a2c00000, 0x00000000a2c00000|100%|HS|  |TAMS 0x00000000a2c00000, 0x00000000a2b00000| Complete 
|  44|0x00000000a2c00000, 0x00000000a2d00000, 0x00000000a2d00000|100%|HC|  |TAMS 0x00000000a2d00000, 0x00000000a2c00000| Complete 
|  45|0x00000000a2d00000, 0x00000000a2e00000, 0x00000000a2e00000|100%|HC|  |TAMS 0x00000000a2e00000, 0x00000000a2d00000| Complete 
|  46|0x00000000a2e00000, 0x00000000a2f00000, 0x00000000a2f00000|100%| O|  |TAMS 0x00000000a2f00000, 0x00000000a2e00000| Untracked 
|  47|0x00000000a2f00000, 0x00000000a3000000, 0x00000000a3000000|100%| O|  |TAMS 0x00000000a3000000, 0x00000000a2f00000| Updating 
|  48|0x00000000a3000000, 0x00000000a3100000, 0x00000000a3100000|100%| O|  |TAMS 0x00000000a3100000, 0x00000000a3000000| Updating 
|  49|0x00000000a3100000, 0x00000000a3200000, 0x00000000a3200000|100%| O|  |TAMS 0x00000000a3200000, 0x00000000a3100000| Untracked 
|  50|0x00000000a3200000, 0x00000000a3300000, 0x00000000a3300000|100%| O|  |TAMS 0x00000000a3300000, 0x00000000a3200000| Untracked 
|  51|0x00000000a3300000, 0x00000000a3400000, 0x00000000a3400000|100%| O|  |TAMS 0x00000000a3400000, 0x00000000a3300000| Untracked 
|  52|0x00000000a3400000, 0x00000000a3500000, 0x00000000a3500000|100%| O|  |TAMS 0x00000000a3500000, 0x00000000a3400000| Updating 
|  53|0x00000000a3500000, 0x00000000a3600000, 0x00000000a3600000|100%| O|  |TAMS 0x00000000a3600000, 0x00000000a3500000| Untracked 
|  54|0x00000000a3600000, 0x00000000a3700000, 0x00000000a3700000|100%| O|  |TAMS 0x00000000a3700000, 0x00000000a3600000| Untracked 
|  55|0x00000000a3700000, 0x00000000a3800000, 0x00000000a3800000|100%| O|  |TAMS 0x00000000a3800000, 0x00000000a3700000| Untracked 
|  56|0x00000000a3800000, 0x00000000a3900000, 0x00000000a3900000|100%| O|  |TAMS 0x00000000a3900000, 0x00000000a3800000| Updating 
|  57|0x00000000a3900000, 0x00000000a3a00000, 0x00000000a3a00000|100%| O|  |TAMS 0x00000000a3a00000, 0x00000000a3900000| Untracked 
|  58|0x00000000a3a00000, 0x00000000a3b00000, 0x00000000a3b00000|100%| O|  |TAMS 0x00000000a3b00000, 0x00000000a3a00000| Untracked 
|  59|0x00000000a3b00000, 0x00000000a3c00000, 0x00000000a3c00000|100%| O|  |TAMS 0x00000000a3c00000, 0x00000000a3b00000| Untracked 
|  60|0x00000000a3c00000, 0x00000000a3d00000, 0x00000000a3d00000|100%| O|  |TAMS 0x00000000a3d00000, 0x00000000a3c00000| Updating 
|  61|0x00000000a3d00000, 0x00000000a3e00000, 0x00000000a3e00000|100%| O|  |TAMS 0x00000000a3e00000, 0x00000000a3d00000| Untracked 
|  62|0x00000000a3e00000, 0x00000000a3f00000, 0x00000000a3f00000|100%| O|  |TAMS 0x00000000a3f00000, 0x00000000a3e00000| Untracked 
|  63|0x00000000a3f00000, 0x00000000a4000000, 0x00000000a4000000|100%| O|  |TAMS 0x00000000a4000000, 0x00000000a3f00000| Untracked 
|  64|0x00000000a4000000, 0x00000000a4100000, 0x00000000a4100000|100%| O|  |TAMS 0x00000000a4100000, 0x00000000a4000000| Untracked 
|  65|0x00000000a4100000, 0x00000000a4200000, 0x00000000a4200000|100%| O|  |TAMS 0x00000000a4200000, 0x00000000a4100000| Untracked 
|  66|0x00000000a4200000, 0x00000000a4300000, 0x00000000a4300000|100%| O|  |TAMS 0x00000000a4300000, 0x00000000a4200000| Updating 
|  67|0x00000000a4300000, 0x00000000a4400000, 0x00000000a4400000|100%| O|  |TAMS 0x00000000a4400000, 0x00000000a4300000| Updating 
|  68|0x00000000a4400000, 0x00000000a4500000, 0x00000000a4500000|100%|HS|  |TAMS 0x00000000a4500000, 0x00000000a4400000| Complete 
|  69|0x00000000a4500000, 0x00000000a4600000, 0x00000000a4600000|100%|HS|  |TAMS 0x00000000a4600000, 0x00000000a4500000| Complete 
|  70|0x00000000a4600000, 0x00000000a4700000, 0x00000000a4700000|100%|HS|  |TAMS 0x00000000a4700000, 0x00000000a4600000| Complete 
|  71|0x00000000a4700000, 0x00000000a4800000, 0x00000000a4800000|100%|HS|  |TAMS 0x00000000a4800000, 0x00000000a4700000| Complete 
|  72|0x00000000a4800000, 0x00000000a4900000, 0x00000000a4900000|100%| O|  |TAMS 0x00000000a4900000, 0x00000000a4800000| Untracked 
|  73|0x00000000a4900000, 0x00000000a4a00000, 0x00000000a4a00000|100%|HS|  |TAMS 0x00000000a4a00000, 0x00000000a4900000| Complete 
|  74|0x00000000a4a00000, 0x00000000a4b00000, 0x00000000a4b00000|100%|HS|  |TAMS 0x00000000a4b00000, 0x00000000a4a00000| Complete 
|  75|0x00000000a4b00000, 0x00000000a4c00000, 0x00000000a4c00000|100%| O|  |TAMS 0x00000000a4c00000, 0x00000000a4b00000| Updating 
|  76|0x00000000a4c00000, 0x00000000a4d00000, 0x00000000a4d00000|100%| O|  |TAMS 0x00000000a4d00000, 0x00000000a4c00000| Updating 
|  77|0x00000000a4d00000, 0x00000000a4e00000, 0x00000000a4e00000|100%| O|  |TAMS 0x00000000a4e00000, 0x00000000a4d00000| Untracked 
|  78|0x00000000a4e00000, 0x00000000a4f00000, 0x00000000a4f00000|100%| O|  |TAMS 0x00000000a4f00000, 0x00000000a4e00000| Untracked 
|  79|0x00000000a4f00000, 0x00000000a5000000, 0x00000000a5000000|100%| O|  |TAMS 0x00000000a5000000, 0x00000000a4f00000| Untracked 
|  80|0x00000000a5000000, 0x00000000a5100000, 0x00000000a5100000|100%| O|  |TAMS 0x00000000a5100000, 0x00000000a5000000| Untracked 
|  81|0x00000000a5100000, 0x00000000a5200000, 0x00000000a5200000|100%| O|  |TAMS 0x00000000a5200000, 0x00000000a5100000| Updating 
|  82|0x00000000a5200000, 0x00000000a5300000, 0x00000000a5300000|100%| O|  |TAMS 0x00000000a5300000, 0x00000000a5200000| Untracked 
|  83|0x00000000a5300000, 0x00000000a5400000, 0x00000000a5400000|100%| O|  |TAMS 0x00000000a5400000, 0x00000000a5300000| Updating 
|  84|0x00000000a5400000, 0x00000000a5500000, 0x00000000a5500000|100%|HS|  |TAMS 0x00000000a5500000, 0x00000000a5400000| Complete 
|  85|0x00000000a5500000, 0x00000000a5600000, 0x00000000a5600000|100%|HC|  |TAMS 0x00000000a5600000, 0x00000000a5500000| Complete 
|  86|0x00000000a5600000, 0x00000000a5700000, 0x00000000a5700000|100%|HC|  |TAMS 0x00000000a5700000, 0x00000000a5600000| Complete 
|  87|0x00000000a5700000, 0x00000000a5800000, 0x00000000a5800000|100%| O|  |TAMS 0x00000000a5800000, 0x00000000a5700000| Untracked 
|  88|0x00000000a5800000, 0x00000000a5900000, 0x00000000a5900000|100%|HS|  |TAMS 0x00000000a5900000, 0x00000000a5800000| Complete 
|  89|0x00000000a5900000, 0x00000000a5a00000, 0x00000000a5a00000|100%| O|  |TAMS 0x00000000a5a00000, 0x00000000a5900000| Untracked 
|  90|0x00000000a5a00000, 0x00000000a5b00000, 0x00000000a5b00000|100%| O|  |TAMS 0x00000000a5b00000, 0x00000000a5a00000| Untracked 
|  91|0x00000000a5b00000, 0x00000000a5c00000, 0x00000000a5c00000|100%| O|  |TAMS 0x00000000a5c00000, 0x00000000a5b00000| Untracked 
|  92|0x00000000a5c00000, 0x00000000a5d00000, 0x00000000a5d00000|100%| O|  |TAMS 0x00000000a5d00000, 0x00000000a5c00000| Untracked 
|  93|0x00000000a5d00000, 0x00000000a5e00000, 0x00000000a5e00000|100%| O|  |TAMS 0x00000000a5e00000, 0x00000000a5d00000| Untracked 
|  94|0x00000000a5e00000, 0x00000000a5f00000, 0x00000000a5f00000|100%| O|  |TAMS 0x00000000a5f00000, 0x00000000a5e00000| Untracked 
|  95|0x00000000a5f00000, 0x00000000a6000000, 0x00000000a6000000|100%| O|  |TAMS 0x00000000a6000000, 0x00000000a5f00000| Updating 
|  96|0x00000000a6000000, 0x00000000a6100000, 0x00000000a6100000|100%| O|  |TAMS 0x00000000a6100000, 0x00000000a6000000| Untracked 
|  97|0x00000000a6100000, 0x00000000a6200000, 0x00000000a6200000|100%| O|  |TAMS 0x00000000a6200000, 0x00000000a6100000| Untracked 
|  98|0x00000000a6200000, 0x00000000a6300000, 0x00000000a6300000|100%| O|  |TAMS 0x00000000a6300000, 0x00000000a6200000| Untracked 
|  99|0x00000000a6300000, 0x00000000a6400000, 0x00000000a6400000|100%| O|  |TAMS 0x00000000a6400000, 0x00000000a6300000| Untracked 
| 100|0x00000000a6400000, 0x00000000a6500000, 0x00000000a6500000|100%| O|  |TAMS 0x00000000a6500000, 0x00000000a6400000| Updating 
| 101|0x00000000a6500000, 0x00000000a6600000, 0x00000000a6600000|100%| O|  |TAMS 0x00000000a6600000, 0x00000000a6500000| Updating 
| 102|0x00000000a6600000, 0x00000000a6700000, 0x00000000a6700000|100%| O|  |TAMS 0x00000000a6700000, 0x00000000a6600000| Untracked 
| 103|0x00000000a6700000, 0x00000000a6800000, 0x00000000a6800000|100%| O|  |TAMS 0x00000000a6800000, 0x00000000a6700000| Untracked 
| 104|0x00000000a6800000, 0x00000000a6900000, 0x00000000a6900000|100%| O|  |TAMS 0x00000000a6900000, 0x00000000a6800000| Untracked 
| 105|0x00000000a6900000, 0x00000000a6a00000, 0x00000000a6a00000|100%| O|  |TAMS 0x00000000a6a00000, 0x00000000a6900000| Untracked 
| 106|0x00000000a6a00000, 0x00000000a6b00000, 0x00000000a6b00000|100%| O|  |TAMS 0x00000000a6b00000, 0x00000000a6a00000| Updating 
| 107|0x00000000a6b00000, 0x00000000a6c00000, 0x00000000a6c00000|100%| O|  |TAMS 0x00000000a6c00000, 0x00000000a6b00000| Untracked 
| 108|0x00000000a6c00000, 0x00000000a6d00000, 0x00000000a6d00000|100%| O|  |TAMS 0x00000000a6d00000, 0x00000000a6c00000| Untracked 
| 109|0x00000000a6d00000, 0x00000000a6e00000, 0x00000000a6e00000|100%| O|  |TAMS 0x00000000a6e00000, 0x00000000a6d00000| Untracked 
| 110|0x00000000a6e00000, 0x00000000a6f00000, 0x00000000a6f00000|100%| O|  |TAMS 0x00000000a6f00000, 0x00000000a6e00000| Untracked 
| 111|0x00000000a6f00000, 0x00000000a7000000, 0x00000000a7000000|100%| O|  |TAMS 0x00000000a7000000, 0x00000000a6f00000| Untracked 
| 112|0x00000000a7000000, 0x00000000a7100000, 0x00000000a7100000|100%| O|  |TAMS 0x00000000a7100000, 0x00000000a7000000| Untracked 
| 113|0x00000000a7100000, 0x00000000a7200000, 0x00000000a7200000|100%| O|  |TAMS 0x00000000a7200000, 0x00000000a7100000| Untracked 
| 114|0x00000000a7200000, 0x00000000a7300000, 0x00000000a7300000|100%| O|  |TAMS 0x00000000a7300000, 0x00000000a7200000| Updating 
| 115|0x00000000a7300000, 0x00000000a7400000, 0x00000000a7400000|100%| O|  |TAMS 0x00000000a7400000, 0x00000000a7300000| Untracked 
| 116|0x00000000a7400000, 0x00000000a7500000, 0x00000000a7500000|100%| O|  |TAMS 0x00000000a7500000, 0x00000000a7400000| Updating 
| 117|0x00000000a7500000, 0x00000000a7600000, 0x00000000a7600000|100%| O|  |TAMS 0x00000000a7600000, 0x00000000a7500000| Untracked 
| 118|0x00000000a7600000, 0x00000000a7700000, 0x00000000a7700000|100%| O|  |TAMS 0x00000000a7700000, 0x00000000a7600000| Untracked 
| 119|0x00000000a7700000, 0x00000000a7800000, 0x00000000a7800000|100%| O|  |TAMS 0x00000000a7800000, 0x00000000a7700000| Updating 
| 120|0x00000000a7800000, 0x00000000a7900000, 0x00000000a7900000|100%| O|  |TAMS 0x00000000a7900000, 0x00000000a7800000| Untracked 
| 121|0x00000000a7900000, 0x00000000a7a00000, 0x00000000a7a00000|100%| O|  |TAMS 0x00000000a7a00000, 0x00000000a7900000| Updating 
| 122|0x00000000a7a00000, 0x00000000a7b00000, 0x00000000a7b00000|100%| O|  |TAMS 0x00000000a7b00000, 0x00000000a7a00000| Updating 
| 123|0x00000000a7b00000, 0x00000000a7c00000, 0x00000000a7c00000|100%| O|  |TAMS 0x00000000a7c00000, 0x00000000a7b00000| Untracked 
| 124|0x00000000a7c00000, 0x00000000a7d00000, 0x00000000a7d00000|100%| O|  |TAMS 0x00000000a7d00000, 0x00000000a7c00000| Updating 
| 125|0x00000000a7d00000, 0x00000000a7e00000, 0x00000000a7e00000|100%| O|  |TAMS 0x00000000a7e00000, 0x00000000a7d00000| Untracked 
| 126|0x00000000a7e00000, 0x00000000a7f00000, 0x00000000a7f00000|100%| O|  |TAMS 0x00000000a7f00000, 0x00000000a7e00000| Untracked 
| 127|0x00000000a7f00000, 0x00000000a8000000, 0x00000000a8000000|100%| O|  |TAMS 0x00000000a8000000, 0x00000000a7f00000| Updating 
| 128|0x00000000a8000000, 0x00000000a8100000, 0x00000000a8100000|100%| O|  |TAMS 0x00000000a8100000, 0x00000000a8000000| Untracked 
| 129|0x00000000a8100000, 0x00000000a8200000, 0x00000000a8200000|100%| O|  |TAMS 0x00000000a8200000, 0x00000000a8100000| Updating 
| 130|0x00000000a8200000, 0x00000000a8300000, 0x00000000a8300000|100%| O|  |TAMS 0x00000000a8300000, 0x00000000a8200000| Updating 
| 131|0x00000000a8300000, 0x00000000a8400000, 0x00000000a8400000|100%| O|  |TAMS 0x00000000a8400000, 0x00000000a8300000| Untracked 
| 132|0x00000000a8400000, 0x00000000a8500000, 0x00000000a8500000|100%| O|  |TAMS 0x00000000a8500000, 0x00000000a8400000| Untracked 
| 133|0x00000000a8500000, 0x00000000a8600000, 0x00000000a8600000|100%| O|  |TAMS 0x00000000a8600000, 0x00000000a8500000| Updating 
| 134|0x00000000a8600000, 0x00000000a8700000, 0x00000000a8700000|100%| O|  |TAMS 0x00000000a8700000, 0x00000000a8600000| Updating 
| 135|0x00000000a8700000, 0x00000000a8800000, 0x00000000a8800000|100%| O|  |TAMS 0x00000000a8800000, 0x00000000a8700000| Updating 
| 136|0x00000000a8800000, 0x00000000a8900000, 0x00000000a8900000|100%| O|  |TAMS 0x00000000a8900000, 0x00000000a8800000| Updating 
| 137|0x00000000a8900000, 0x00000000a8a00000, 0x00000000a8a00000|100%| O|  |TAMS 0x00000000a8a00000, 0x00000000a8900000| Updating 
| 138|0x00000000a8a00000, 0x00000000a8b00000, 0x00000000a8b00000|100%|HS|  |TAMS 0x00000000a8b00000, 0x00000000a8a00000| Complete 
| 139|0x00000000a8b00000, 0x00000000a8c00000, 0x00000000a8c00000|100%|HS|  |TAMS 0x00000000a8c00000, 0x00000000a8b00000| Complete 
| 140|0x00000000a8c00000, 0x00000000a8d00000, 0x00000000a8d00000|100%|HS|  |TAMS 0x00000000a8d00000, 0x00000000a8c00000| Complete 
| 141|0x00000000a8d00000, 0x00000000a8e00000, 0x00000000a8e00000|100%|HC|  |TAMS 0x00000000a8e00000, 0x00000000a8d00000| Complete 
| 142|0x00000000a8e00000, 0x00000000a8f00000, 0x00000000a8f00000|100%| O|  |TAMS 0x00000000a8f00000, 0x00000000a8e00000| Untracked 
| 143|0x00000000a8f00000, 0x00000000a9000000, 0x00000000a9000000|100%| O|  |TAMS 0x00000000a9000000, 0x00000000a8f00000| Untracked 
| 144|0x00000000a9000000, 0x00000000a9100000, 0x00000000a9100000|100%| O|  |TAMS 0x00000000a9100000, 0x00000000a9000000| Updating 
| 145|0x00000000a9100000, 0x00000000a9200000, 0x00000000a9200000|100%| O|  |TAMS 0x00000000a9200000, 0x00000000a9100000| Updating 
| 146|0x00000000a9200000, 0x00000000a9300000, 0x00000000a9300000|100%| O|  |TAMS 0x00000000a9300000, 0x00000000a9200000| Updating 
| 147|0x00000000a9300000, 0x00000000a9400000, 0x00000000a9400000|100%| O|  |TAMS 0x00000000a9400000, 0x00000000a9300000| Untracked 
| 148|0x00000000a9400000, 0x00000000a9500000, 0x00000000a9500000|100%| O|  |TAMS 0x00000000a9500000, 0x00000000a9400000| Untracked 
| 149|0x00000000a9500000, 0x00000000a9600000, 0x00000000a9600000|100%| O|  |TAMS 0x00000000a9600000, 0x00000000a9500000| Untracked 
| 150|0x00000000a9600000, 0x00000000a9700000, 0x00000000a9700000|100%| O|  |TAMS 0x00000000a9700000, 0x00000000a9600000| Untracked 
| 151|0x00000000a9700000, 0x00000000a9800000, 0x00000000a9800000|100%| O|  |TAMS 0x00000000a9800000, 0x00000000a9700000| Untracked 
| 152|0x00000000a9800000, 0x00000000a9900000, 0x00000000a9900000|100%| O|  |TAMS 0x00000000a9900000, 0x00000000a9800000| Updating 
| 153|0x00000000a9900000, 0x00000000a9a00000, 0x00000000a9a00000|100%| O|  |TAMS 0x00000000a9a00000, 0x00000000a9900000| Untracked 
| 154|0x00000000a9a00000, 0x00000000a9b00000, 0x00000000a9b00000|100%| O|  |TAMS 0x00000000a9b00000, 0x00000000a9a00000| Updating 
| 155|0x00000000a9b00000, 0x00000000a9c00000, 0x00000000a9c00000|100%| O|  |TAMS 0x00000000a9c00000, 0x00000000a9b00000| Updating 
| 156|0x00000000a9c00000, 0x00000000a9d00000, 0x00000000a9d00000|100%| O|  |TAMS 0x00000000a9d00000, 0x00000000a9c00000| Updating 
| 157|0x00000000a9d00000, 0x00000000a9e00000, 0x00000000a9e00000|100%| O|  |TAMS 0x00000000a9e00000, 0x00000000a9d00000| Updating 
| 158|0x00000000a9e00000, 0x00000000a9f00000, 0x00000000a9f00000|100%| O|  |TAMS 0x00000000a9f00000, 0x00000000a9e00000| Untracked 
| 159|0x00000000a9f00000, 0x00000000aa000000, 0x00000000aa000000|100%|HS|  |TAMS 0x00000000aa000000, 0x00000000a9f00000| Complete 
| 160|0x00000000aa000000, 0x00000000aa100000, 0x00000000aa100000|100%| O|  |TAMS 0x00000000aa100000, 0x00000000aa000000| Updating 
| 161|0x00000000aa100000, 0x00000000aa200000, 0x00000000aa200000|100%| O|  |TAMS 0x00000000aa200000, 0x00000000aa100000| Updating 
| 162|0x00000000aa200000, 0x00000000aa300000, 0x00000000aa300000|100%| O|  |TAMS 0x00000000aa300000, 0x00000000aa200000| Updating 
| 163|0x00000000aa300000, 0x00000000aa400000, 0x00000000aa400000|100%| O|  |TAMS 0x00000000aa400000, 0x00000000aa300000| Untracked 
| 164|0x00000000aa400000, 0x00000000aa500000, 0x00000000aa500000|100%| O|  |TAMS 0x00000000aa500000, 0x00000000aa400000| Untracked 
| 165|0x00000000aa500000, 0x00000000aa600000, 0x00000000aa600000|100%| O|  |TAMS 0x00000000aa600000, 0x00000000aa500000| Untracked 
| 166|0x00000000aa600000, 0x00000000aa700000, 0x00000000aa700000|100%| O|  |TAMS 0x00000000aa700000, 0x00000000aa600000| Untracked 
| 167|0x00000000aa700000, 0x00000000aa800000, 0x00000000aa800000|100%|HS|  |TAMS 0x00000000aa800000, 0x00000000aa700000| Complete 
| 168|0x00000000aa800000, 0x00000000aa900000, 0x00000000aa900000|100%|HS|  |TAMS 0x00000000aa900000, 0x00000000aa800000| Complete 
| 169|0x00000000aa900000, 0x00000000aaa00000, 0x00000000aaa00000|100%| O|  |TAMS 0x00000000aaa00000, 0x00000000aa900000| Untracked 
| 170|0x00000000aaa00000, 0x00000000aab00000, 0x00000000aab00000|100%| O|  |TAMS 0x00000000aab00000, 0x00000000aaa00000| Untracked 
| 171|0x00000000aab00000, 0x00000000aac00000, 0x00000000aac00000|100%| O|  |TAMS 0x00000000aac00000, 0x00000000aab00000| Untracked 
| 172|0x00000000aac00000, 0x00000000aad00000, 0x00000000aad00000|100%| O|  |TAMS 0x00000000aad00000, 0x00000000aac00000| Untracked 
| 173|0x00000000aad00000, 0x00000000aae00000, 0x00000000aae00000|100%| O|  |TAMS 0x00000000aae00000, 0x00000000aad00000| Untracked 
| 174|0x00000000aae00000, 0x00000000aaf00000, 0x00000000aaf00000|100%| O|  |TAMS 0x00000000aaf00000, 0x00000000aae00000| Untracked 
| 175|0x00000000aaf00000, 0x00000000ab000000, 0x00000000ab000000|100%| O|  |TAMS 0x00000000ab000000, 0x00000000aaf00000| Untracked 
| 176|0x00000000ab000000, 0x00000000ab100000, 0x00000000ab100000|100%| O|  |TAMS 0x00000000ab100000, 0x00000000ab000000| Untracked 
| 177|0x00000000ab100000, 0x00000000ab200000, 0x00000000ab200000|100%| O|  |TAMS 0x00000000ab200000, 0x00000000ab100000| Updating 
| 178|0x00000000ab200000, 0x00000000ab300000, 0x00000000ab300000|100%| O|  |TAMS 0x00000000ab300000, 0x00000000ab200000| Untracked 
| 179|0x00000000ab300000, 0x00000000ab400000, 0x00000000ab400000|100%| O|  |TAMS 0x00000000ab400000, 0x00000000ab300000| Updating 
| 180|0x00000000ab400000, 0x00000000ab500000, 0x00000000ab500000|100%| O|  |TAMS 0x00000000ab500000, 0x00000000ab400000| Updating 
| 181|0x00000000ab500000, 0x00000000ab600000, 0x00000000ab600000|100%| O|  |TAMS 0x00000000ab600000, 0x00000000ab500000| Untracked 
| 182|0x00000000ab600000, 0x00000000ab700000, 0x00000000ab700000|100%| O|  |TAMS 0x00000000ab700000, 0x00000000ab600000| Untracked 
| 183|0x00000000ab700000, 0x00000000ab800000, 0x00000000ab800000|100%| O|  |TAMS 0x00000000ab800000, 0x00000000ab700000| Updating 
| 184|0x00000000ab800000, 0x00000000ab900000, 0x00000000ab900000|100%|HS|  |TAMS 0x00000000ab900000, 0x00000000ab800000| Complete 
| 185|0x00000000ab900000, 0x00000000aba00000, 0x00000000aba00000|100%|HS|  |TAMS 0x00000000aba00000, 0x00000000ab900000| Complete 
| 186|0x00000000aba00000, 0x00000000abb00000, 0x00000000abb00000|100%|HS|  |TAMS 0x00000000abb00000, 0x00000000aba00000| Complete 
| 187|0x00000000abb00000, 0x00000000abc00000, 0x00000000abc00000|100%|HS|  |TAMS 0x00000000abc00000, 0x00000000abb00000| Complete 
| 188|0x00000000abc00000, 0x00000000abd00000, 0x00000000abd00000|100%| O|  |TAMS 0x00000000abd00000, 0x00000000abc00000| Untracked 
| 189|0x00000000abd00000, 0x00000000abe00000, 0x00000000abe00000|100%| O|  |TAMS 0x00000000abe00000, 0x00000000abd00000| Untracked 
| 190|0x00000000abe00000, 0x00000000abf00000, 0x00000000abf00000|100%| O|  |TAMS 0x00000000abf00000, 0x00000000abe00000| Updating 
| 191|0x00000000abf00000, 0x00000000ac000000, 0x00000000ac000000|100%| O|  |TAMS 0x00000000ac000000, 0x00000000abf00000| Updating 
| 192|0x00000000ac000000, 0x00000000ac100000, 0x00000000ac100000|100%| O|  |TAMS 0x00000000ac100000, 0x00000000ac000000| Updating 
| 193|0x00000000ac100000, 0x00000000ac200000, 0x00000000ac200000|100%| O|  |TAMS 0x00000000ac200000, 0x00000000ac100000| Untracked 
| 194|0x00000000ac200000, 0x00000000ac300000, 0x00000000ac300000|100%| O|  |TAMS 0x00000000ac300000, 0x00000000ac200000| Updating 
| 195|0x00000000ac300000, 0x00000000ac400000, 0x00000000ac400000|100%| O|  |TAMS 0x00000000ac400000, 0x00000000ac300000| Untracked 
| 196|0x00000000ac400000, 0x00000000ac500000, 0x00000000ac500000|100%| O|  |TAMS 0x00000000ac500000, 0x00000000ac400000| Untracked 
| 197|0x00000000ac500000, 0x00000000ac600000, 0x00000000ac600000|100%| O|  |TAMS 0x00000000ac600000, 0x00000000ac500000| Untracked 
| 198|0x00000000ac600000, 0x00000000ac700000, 0x00000000ac700000|100%| O|  |TAMS 0x00000000ac700000, 0x00000000ac600000| Untracked 
| 199|0x00000000ac700000, 0x00000000ac800000, 0x00000000ac800000|100%| O|  |TAMS 0x00000000ac800000, 0x00000000ac700000| Untracked 
| 200|0x00000000ac800000, 0x00000000ac900000, 0x00000000ac900000|100%| O|  |TAMS 0x00000000ac900000, 0x00000000ac800000| Updating 
| 201|0x00000000ac900000, 0x00000000aca00000, 0x00000000aca00000|100%| O|  |TAMS 0x00000000aca00000, 0x00000000ac900000| Updating 
| 202|0x00000000aca00000, 0x00000000acb00000, 0x00000000acb00000|100%| O|  |TAMS 0x00000000acb00000, 0x00000000aca00000| Updating 
| 203|0x00000000acb00000, 0x00000000acc00000, 0x00000000acc00000|100%|HS|  |TAMS 0x00000000acc00000, 0x00000000acb00000| Complete 
| 204|0x00000000acc00000, 0x00000000acd00000, 0x00000000acd00000|100%|HS|  |TAMS 0x00000000acd00000, 0x00000000acc00000| Complete 
| 205|0x00000000acd00000, 0x00000000ace00000, 0x00000000ace00000|100%| O|  |TAMS 0x00000000ace00000, 0x00000000acd00000| Untracked 
| 206|0x00000000ace00000, 0x00000000acf00000, 0x00000000acf00000|100%| O|  |TAMS 0x00000000acf00000, 0x00000000ace00000| Updating 
| 207|0x00000000acf00000, 0x00000000ad000000, 0x00000000ad000000|100%| O|  |TAMS 0x00000000ad000000, 0x00000000acf00000| Updating 
| 208|0x00000000ad000000, 0x00000000ad100000, 0x00000000ad100000|100%| O|  |TAMS 0x00000000ad100000, 0x00000000ad000000| Updating 
| 209|0x00000000ad100000, 0x00000000ad200000, 0x00000000ad200000|100%| O|  |TAMS 0x00000000ad200000, 0x00000000ad100000| Untracked 
| 210|0x00000000ad200000, 0x00000000ad300000, 0x00000000ad300000|100%| O|  |TAMS 0x00000000ad300000, 0x00000000ad200000| Untracked 
| 211|0x00000000ad300000, 0x00000000ad400000, 0x00000000ad400000|100%| O|  |TAMS 0x00000000ad400000, 0x00000000ad300000| Updating 
| 212|0x00000000ad400000, 0x00000000ad500000, 0x00000000ad500000|100%| O|  |TAMS 0x00000000ad500000, 0x00000000ad400000| Untracked 
| 213|0x00000000ad500000, 0x00000000ad600000, 0x00000000ad600000|100%| O|  |TAMS 0x00000000ad600000, 0x00000000ad500000| Untracked 
| 214|0x00000000ad600000, 0x00000000ad700000, 0x00000000ad700000|100%| O|  |TAMS 0x00000000ad700000, 0x00000000ad600000| Untracked 
| 215|0x00000000ad700000, 0x00000000ad800000, 0x00000000ad800000|100%| O|  |TAMS 0x00000000ad800000, 0x00000000ad700000| Untracked 
| 216|0x00000000ad800000, 0x00000000ad900000, 0x00000000ad900000|100%| O|  |TAMS 0x00000000ad900000, 0x00000000ad800000| Updating 
| 217|0x00000000ad900000, 0x00000000ada00000, 0x00000000ada00000|100%| O|  |TAMS 0x00000000ada00000, 0x00000000ad900000| Untracked 
| 218|0x00000000ada00000, 0x00000000adb00000, 0x00000000adb00000|100%| O|  |TAMS 0x00000000adb00000, 0x00000000ada00000| Updating 
| 219|0x00000000adb00000, 0x00000000adc00000, 0x00000000adc00000|100%| O|  |TAMS 0x00000000adc00000, 0x00000000adb00000| Updating 
| 220|0x00000000adc00000, 0x00000000add00000, 0x00000000add00000|100%| O|  |TAMS 0x00000000add00000, 0x00000000adc00000| Untracked 
| 221|0x00000000add00000, 0x00000000ade00000, 0x00000000ade00000|100%|HS|  |TAMS 0x00000000ade00000, 0x00000000add00000| Complete 
| 222|0x00000000ade00000, 0x00000000adf00000, 0x00000000adf00000|100%|HS|  |TAMS 0x00000000adf00000, 0x00000000ade00000| Complete 
| 223|0x00000000adf00000, 0x00000000ae000000, 0x00000000ae000000|100%|HS|  |TAMS 0x00000000ae000000, 0x00000000adf00000| Complete 
| 224|0x00000000ae000000, 0x00000000ae100000, 0x00000000ae100000|100%| O|  |TAMS 0x00000000ae100000, 0x00000000ae000000| Untracked 
| 225|0x00000000ae100000, 0x00000000ae200000, 0x00000000ae200000|100%| O|  |TAMS 0x00000000ae200000, 0x00000000ae100000| Updating 
| 226|0x00000000ae200000, 0x00000000ae200000, 0x00000000ae300000|  0%| F|  |TAMS 0x00000000ae200000, 0x00000000ae200000| Untracked 
| 227|0x00000000ae300000, 0x00000000ae400000, 0x00000000ae400000|100%| O|  |TAMS 0x00000000ae400000, 0x00000000ae300000| Updating 
| 228|0x00000000ae400000, 0x00000000ae500000, 0x00000000ae500000|100%| O|  |TAMS 0x00000000ae500000, 0x00000000ae400000| Untracked 
| 229|0x00000000ae500000, 0x00000000ae600000, 0x00000000ae600000|100%| O|  |TAMS 0x00000000ae600000, 0x00000000ae500000| Untracked 
| 230|0x00000000ae600000, 0x00000000ae700000, 0x00000000ae700000|100%| O|  |TAMS 0x00000000ae700000, 0x00000000ae600000| Untracked 
| 231|0x00000000ae700000, 0x00000000ae800000, 0x00000000ae800000|100%| O|  |TAMS 0x00000000ae800000, 0x00000000ae700000| Untracked 
| 232|0x00000000ae800000, 0x00000000ae900000, 0x00000000ae900000|100%| O|  |TAMS 0x00000000ae900000, 0x00000000ae800000| Untracked 
| 233|0x00000000ae900000, 0x00000000aea00000, 0x00000000aea00000|100%| O|  |TAMS 0x00000000aea00000, 0x00000000ae900000| Updating 
| 234|0x00000000aea00000, 0x00000000aeb00000, 0x00000000aeb00000|100%| O|  |TAMS 0x00000000aeb00000, 0x00000000aea00000| Untracked 
| 235|0x00000000aeb00000, 0x00000000aec00000, 0x00000000aec00000|100%| O|  |TAMS 0x00000000aec00000, 0x00000000aeb00000| Updating 
| 236|0x00000000aec00000, 0x00000000aed00000, 0x00000000aed00000|100%| O|  |TAMS 0x00000000aed00000, 0x00000000aec00000| Updating 
| 237|0x00000000aed00000, 0x00000000aee00000, 0x00000000aee00000|100%| O|  |TAMS 0x00000000aee00000, 0x00000000aed00000| Updating 
| 238|0x00000000aee00000, 0x00000000aef00000, 0x00000000aef00000|100%|HS|  |TAMS 0x00000000aef00000, 0x00000000aee00000| Complete 
| 239|0x00000000aef00000, 0x00000000af000000, 0x00000000af000000|100%|HS|  |TAMS 0x00000000af000000, 0x00000000aef00000| Complete 
| 240|0x00000000af000000, 0x00000000af100000, 0x00000000af100000|100%| O|  |TAMS 0x00000000af100000, 0x00000000af000000| Updating 
| 241|0x00000000af100000, 0x00000000af200000, 0x00000000af200000|100%| O|  |TAMS 0x00000000af200000, 0x00000000af100000| Updating 
| 242|0x00000000af200000, 0x00000000af300000, 0x00000000af300000|100%| O|  |TAMS 0x00000000af300000, 0x00000000af200000| Updating 
| 243|0x00000000af300000, 0x00000000af400000, 0x00000000af400000|100%| O|  |TAMS 0x00000000af400000, 0x00000000af300000| Updating 
| 244|0x00000000af400000, 0x00000000af500000, 0x00000000af500000|100%| O|  |TAMS 0x00000000af500000, 0x00000000af400000| Untracked 
| 245|0x00000000af500000, 0x00000000af600000, 0x00000000af600000|100%| O|  |TAMS 0x00000000af600000, 0x00000000af500000| Updating 
| 246|0x00000000af600000, 0x00000000af700000, 0x00000000af700000|100%| O|  |TAMS 0x00000000af700000, 0x00000000af600000| Updating 
| 247|0x00000000af700000, 0x00000000af800000, 0x00000000af800000|100%| O|  |TAMS 0x00000000af800000, 0x00000000af700000| Untracked 
| 248|0x00000000af800000, 0x00000000af900000, 0x00000000af900000|100%| O|  |TAMS 0x00000000af900000, 0x00000000af800000| Updating 
| 249|0x00000000af900000, 0x00000000afa00000, 0x00000000afa00000|100%| O|  |TAMS 0x00000000afa00000, 0x00000000af900000| Updating 
| 250|0x00000000afa00000, 0x00000000afb00000, 0x00000000afb00000|100%| O|  |TAMS 0x00000000afb00000, 0x00000000afa00000| Updating 
| 251|0x00000000afb00000, 0x00000000afc00000, 0x00000000afc00000|100%| O|  |TAMS 0x00000000afc00000, 0x00000000afb00000| Updating 
| 252|0x00000000afc00000, 0x00000000afd00000, 0x00000000afd00000|100%| O|  |TAMS 0x00000000afc87200, 0x00000000afc00000| Updating 
| 253|0x00000000afd00000, 0x00000000afe00000, 0x00000000afe00000|100%| O|  |TAMS 0x00000000afd00000, 0x00000000afd00000| Untracked 
| 254|0x00000000afe00000, 0x00000000afe4ac00, 0x00000000aff00000| 29%| O|  |TAMS 0x00000000afe00000, 0x00000000afe00000| Updating 
| 255|0x00000000aff00000, 0x00000000aff00000, 0x00000000b0000000|  0%| F|  |TAMS 0x00000000aff00000, 0x00000000aff00000| Untracked 
| 256|0x00000000b0000000, 0x00000000b0000000, 0x00000000b0100000|  0%| F|  |TAMS 0x00000000b0000000, 0x00000000b0000000| Untracked 
| 257|0x00000000b0100000, 0x00000000b0100000, 0x00000000b0200000|  0%| F|  |TAMS 0x00000000b0100000, 0x00000000b0100000| Untracked 
| 258|0x00000000b0200000, 0x00000000b0200000, 0x00000000b0300000|  0%| F|  |TAMS 0x00000000b0200000, 0x00000000b0200000| Untracked 
| 259|0x00000000b0300000, 0x00000000b0300000, 0x00000000b0400000|  0%| F|  |TAMS 0x00000000b0300000, 0x00000000b0300000| Untracked 
| 260|0x00000000b0400000, 0x00000000b0400000, 0x00000000b0500000|  0%| F|  |TAMS 0x00000000b0400000, 0x00000000b0400000| Untracked 
| 261|0x00000000b0500000, 0x00000000b0500000, 0x00000000b0600000|  0%| F|  |TAMS 0x00000000b0500000, 0x00000000b0500000| Untracked 
| 262|0x00000000b0600000, 0x00000000b0600000, 0x00000000b0700000|  0%| F|  |TAMS 0x00000000b0600000, 0x00000000b0600000| Untracked 
| 263|0x00000000b0700000, 0x00000000b0700000, 0x00000000b0800000|  0%| F|  |TAMS 0x00000000b0700000, 0x00000000b0700000| Untracked 
| 264|0x00000000b0800000, 0x00000000b0800000, 0x00000000b0900000|  0%| F|  |TAMS 0x00000000b0800000, 0x00000000b0800000| Untracked 
| 265|0x00000000b0900000, 0x00000000b0900000, 0x00000000b0a00000|  0%| F|  |TAMS 0x00000000b0900000, 0x00000000b0900000| Untracked 
| 266|0x00000000b0a00000, 0x00000000b0a00000, 0x00000000b0b00000|  0%| F|  |TAMS 0x00000000b0a00000, 0x00000000b0a00000| Untracked 
| 267|0x00000000b0b00000, 0x00000000b0b00000, 0x00000000b0c00000|  0%| F|  |TAMS 0x00000000b0b00000, 0x00000000b0b00000| Untracked 
| 268|0x00000000b0c00000, 0x00000000b0c00000, 0x00000000b0d00000|  0%| F|  |TAMS 0x00000000b0c00000, 0x00000000b0c00000| Untracked 
| 269|0x00000000b0d00000, 0x00000000b0d00000, 0x00000000b0e00000|  0%| F|  |TAMS 0x00000000b0d00000, 0x00000000b0d00000| Untracked 
| 270|0x00000000b0e00000, 0x00000000b0e00000, 0x00000000b0f00000|  0%| F|  |TAMS 0x00000000b0e00000, 0x00000000b0e00000| Untracked 
| 271|0x00000000b0f00000, 0x00000000b0f00000, 0x00000000b1000000|  0%| F|  |TAMS 0x00000000b0f00000, 0x00000000b0f00000| Untracked 
| 272|0x00000000b1000000, 0x00000000b1000000, 0x00000000b1100000|  0%| F|  |TAMS 0x00000000b1000000, 0x00000000b1000000| Untracked 
| 273|0x00000000b1100000, 0x00000000b1100000, 0x00000000b1200000|  0%| F|  |TAMS 0x00000000b1100000, 0x00000000b1100000| Untracked 
| 274|0x00000000b1200000, 0x00000000b1200000, 0x00000000b1300000|  0%| F|  |TAMS 0x00000000b1200000, 0x00000000b1200000| Untracked 
| 275|0x00000000b1300000, 0x00000000b1300000, 0x00000000b1400000|  0%| F|  |TAMS 0x00000000b1300000, 0x00000000b1300000| Untracked 
| 276|0x00000000b1400000, 0x00000000b1400000, 0x00000000b1500000|  0%| F|  |TAMS 0x00000000b1400000, 0x00000000b1400000| Untracked 
| 277|0x00000000b1500000, 0x00000000b1500000, 0x00000000b1600000|  0%| F|  |TAMS 0x00000000b1500000, 0x00000000b1500000| Untracked 
| 278|0x00000000b1600000, 0x00000000b1600000, 0x00000000b1700000|  0%| F|  |TAMS 0x00000000b1600000, 0x00000000b1600000| Untracked 
| 279|0x00000000b1700000, 0x00000000b1700000, 0x00000000b1800000|  0%| F|  |TAMS 0x00000000b1700000, 0x00000000b1700000| Untracked 
| 280|0x00000000b1800000, 0x00000000b1800000, 0x00000000b1900000|  0%| F|  |TAMS 0x00000000b1800000, 0x00000000b1800000| Untracked 
| 281|0x00000000b1900000, 0x00000000b1a00000, 0x00000000b1a00000|100%| S|CS|TAMS 0x00000000b1900000, 0x00000000b1900000| Complete 
| 282|0x00000000b1a00000, 0x00000000b1b00000, 0x00000000b1b00000|100%| S|CS|TAMS 0x00000000b1a00000, 0x00000000b1a00000| Complete 
| 283|0x00000000b1b00000, 0x00000000b1b00000, 0x00000000b1c00000|  0%| F|  |TAMS 0x00000000b1b00000, 0x00000000b1b00000| Untracked 
| 284|0x00000000b1c00000, 0x00000000b1c00000, 0x00000000b1d00000|  0%| F|  |TAMS 0x00000000b1c00000, 0x00000000b1c00000| Untracked 
| 285|0x00000000b1d00000, 0x00000000b1d00000, 0x00000000b1e00000|  0%| F|  |TAMS 0x00000000b1d00000, 0x00000000b1d00000| Untracked 
| 286|0x00000000b1e00000, 0x00000000b1e00000, 0x00000000b1f00000|  0%| F|  |TAMS 0x00000000b1e00000, 0x00000000b1e00000| Untracked 
| 287|0x00000000b1f00000, 0x00000000b1f00000, 0x00000000b2000000|  0%| F|  |TAMS 0x00000000b1f00000, 0x00000000b1f00000| Untracked 
| 288|0x00000000b2000000, 0x00000000b2000000, 0x00000000b2100000|  0%| F|  |TAMS 0x00000000b2000000, 0x00000000b2000000| Untracked 
| 289|0x00000000b2100000, 0x00000000b2100000, 0x00000000b2200000|  0%| F|  |TAMS 0x00000000b2100000, 0x00000000b2100000| Untracked 
| 290|0x00000000b2200000, 0x00000000b2200000, 0x00000000b2300000|  0%| F|  |TAMS 0x00000000b2200000, 0x00000000b2200000| Untracked 
| 291|0x00000000b2300000, 0x00000000b2300000, 0x00000000b2400000|  0%| F|  |TAMS 0x00000000b2300000, 0x00000000b2300000| Untracked 
| 292|0x00000000b2400000, 0x00000000b2400000, 0x00000000b2500000|  0%| F|  |TAMS 0x00000000b2400000, 0x00000000b2400000| Untracked 
| 293|0x00000000b2500000, 0x00000000b2500000, 0x00000000b2600000|  0%| F|  |TAMS 0x00000000b2500000, 0x00000000b2500000| Untracked 
| 294|0x00000000b2600000, 0x00000000b2600000, 0x00000000b2700000|  0%| F|  |TAMS 0x00000000b2600000, 0x00000000b2600000| Untracked 
| 295|0x00000000b2700000, 0x00000000b2792118, 0x00000000b2800000| 57%| E|  |TAMS 0x00000000b2700000, 0x00000000b2700000| Complete 
| 296|0x00000000b2800000, 0x00000000b2900000, 0x00000000b2900000|100%| E|CS|TAMS 0x00000000b2800000, 0x00000000b2800000| Complete 

Card table byte_map: [0x000001d0c0b80000,0x000001d0c0e80000] _byte_map_base: 0x000001d0c0680000

Marking Bits (Prev, Next): (CMBitMap*) 0x000001d0a833d010, (CMBitMap*) 0x000001d0a833cfd0
 Prev Bits: [0x000001d0c2980000, 0x000001d0c4180000)
 Next Bits: [0x000001d0c1180000, 0x000001d0c2980000)

Polling page: 0x000001d0a84a0000

Metaspace:

Usage:
  Non-class:     91.24 MB used.
      Class:     14.92 MB used.
       Both:    106.16 MB used.

Virtual space:
  Non-class space:      128.00 MB reserved,      92.12 MB ( 72%) committed,  2 nodes.
      Class space:      416.00 MB reserved,      15.75 MB (  4%) committed,  1 nodes.
             Both:      544.00 MB reserved,     107.88 MB ( 20%) committed. 

Chunk freelists:
   Non-Class:  3.25 MB
       Class:  85.00 KB
        Both:  3.33 MB

MaxMetaspaceSize: 512.00 MB
CompressedClassSpaceSize: 416.00 MB
Initial GC threshold: 21.00 MB
Current GC threshold: 175.31 MB
CDS: on
MetaspaceReclaimPolicy: balanced
 - commit_granule_bytes: 65536.
 - commit_granule_words: 8192.
 - virtual_space_node_default_size: 8388608.
 - enlarge_chunks_in_place: 1.
 - new_chunks_are_fully_committed: 0.
 - uncommit_free_chunks: 1.
 - use_allocation_guard: 0.
 - handle_deallocations: 1.


Internal statistics:

num_allocs_failed_limit: 9.
num_arena_births: 2568.
num_arena_deaths: 0.
num_vsnodes_births: 3.
num_vsnodes_deaths: 0.
num_space_committed: 1726.
num_space_uncommitted: 0.
num_chunks_returned_to_freelist: 9.
num_chunks_taken_from_freelist: 7867.
num_chunk_merges: 9.
num_chunk_splits: 4920.
num_chunks_enlarged: 2878.
num_inconsistent_stats: 0.

CodeHeap 'non-profiled nmethods': size=120064Kb used=11647Kb max_used=11647Kb free=108416Kb
 bounds [0x000001d0b8f40000, 0x000001d0b9aa0000, 0x000001d0c0480000]
CodeHeap 'profiled nmethods': size=120000Kb used=28014Kb max_used=28826Kb free=91985Kb
 bounds [0x000001d0b1480000, 0x000001d0b30b0000, 0x000001d0b89b0000]
CodeHeap 'non-nmethods': size=5696Kb used=1769Kb max_used=1818Kb free=3926Kb
 bounds [0x000001d0b89b0000, 0x000001d0b8c20000, 0x000001d0b8f40000]
 total_blobs=15172 nmethods=14291 adapters=793
 compilation: enabled
              stopped_count=0, restarted_count=0
 full_count=0

Compilation events (20 events):
Event: 451.344 Thread 0x000001d0a849e900 17344       4       org.gradle.api.internal.artifacts.transform.TransformExecutionResult$Builder$MixedInputAndProducedOutputResult$$Lambda$966/0x000001d0c8616d00::apply (12 bytes)
Event: 451.347 Thread 0x000001d0a849e900 nmethod 17344 0x000001d0b9a90510 code [0x000001d0b9a906c0, 0x000001d0b9a908c8]
Event: 451.523 Thread 0x000001d0a849e900 17345       4       org.gradle.internal.snapshot.AbstractFileSystemLocationSnapshot::rootSnapshots (5 bytes)
Event: 451.525 Thread 0x000001d0a849e900 nmethod 17345 0x000001d0b9a90b10 code [0x000001d0b9a90ca0, 0x000001d0b9a90e18]
Event: 451.552 Thread 0x000001d0a849e900 17346   !   4       org.gradle.internal.vfs.impl.DefaultFileSystemAccess$StripedProducerGuard::guardByKey (46 bytes)
Event: 451.604 Thread 0x000001d0a849e900 nmethod 17346 0x000001d0b9a90f90 code [0x000001d0b9a91200, 0x000001d0b9a92348]
Event: 451.605 Thread 0x000001d0a849e900 17347       4       net.rubygrapefruit.platform.internal.WindowsFileStat::details (24 bytes)
Event: 451.608 Thread 0x000001d0a849e900 nmethod 17347 0x000001d0b9a93210 code [0x000001d0b9a933a0, 0x000001d0b9a93618]
Event: 451.619 Thread 0x000001d0a849e900 17348       4       org.gradle.internal.watch.registry.impl.SnapshotCollectingDiffListener$$Lambda$564/0x000001d0c849b268::accept (14 bytes)
Event: 451.629 Thread 0x000001d0a849e900 nmethod 17348 0x000001d0b9a93710 code [0x000001d0b9a938c0, 0x000001d0b9a940b8]
Event: 451.630 Thread 0x000001d0a849e900 17349       4       org.gradle.internal.execution.steps.WorkspaceResult$$Lambda$586/0x000001d0c84a8218::apply (12 bytes)
Event: 451.753 Thread 0x000001d0a849e900 nmethod 17349 0x000001d0b9a94390 code [0x000001d0b9a947e0, 0x000001d0b9a96c78]
Event: 451.753 Thread 0x000001d0a849e900 17350       4       org.gradle.internal.execution.ExecutionEngine$Execution$1::getOutput (11 bytes)
Event: 452.028 Thread 0x000001d0a849e900 nmethod 17350 0x000001d0b9a98590 code [0x000001d0b9a989e0, 0x000001d0b9a9ae18]
Event: 452.058 Thread 0x000001d0c65a21c0 17351       3       org.gradle.internal.jvm.Jvm::current (44 bytes)
Event: 452.070 Thread 0x000001d0c65a21c0 nmethod 17351 0x000001d0b2151790 code [0x000001d0b2151aa0, 0x000001d0b2152be8]
Event: 453.393 Thread 0x000001d0a849e900 17352       4       org.gradle.internal.execution.steps.IdentityCacheStep$$Lambda$963/0x000001d0c8611828::get (16 bytes)
Event: 453.454 Thread 0x000001d0a849e900 nmethod 17352 0x000001d0b9a9c690 code [0x000001d0b9a9c900, 0x000001d0b9a9d830]
Event: 453.454 Thread 0x000001d0a849e900 17353       4       org.gradle.internal.execution.steps.IdentityCacheStep::executeInCache (45 bytes)
Event: 453.489 Thread 0x000001d0a849e900 nmethod 17353 0x000001d0b9a9e290 code [0x000001d0b9a9e500, 0x000001d0b9a9f3d0]

GC Heap History (20 events):
Event: 450.090 GC heap before
{Heap before GC invocations=118 (full 0):
 garbage-first heap   total 304128K, used 265080K [0x00000000a0000000, 0x0000000100000000)
  region size 1024K, 15 young (15360K), 3 survivors (3072K)
 Metaspace       used 108702K, committed 110464K, reserved 557056K
  class space    used 15275K, committed 16128K, reserved 425984K
}
Event: 450.104 GC heap after
{Heap after GC invocations=119 (full 0):
 garbage-first heap   total 304128K, used 254735K [0x00000000a0000000, 0x0000000100000000)
  region size 1024K, 2 young (2048K), 2 survivors (2048K)
 Metaspace       used 108702K, committed 110464K, reserved 557056K
  class space    used 15275K, committed 16128K, reserved 425984K
}
Event: 450.525 GC heap before
{Heap before GC invocations=119 (full 0):
 garbage-first heap   total 304128K, used 267023K [0x00000000a0000000, 0x0000000100000000)
  region size 1024K, 14 young (14336K), 2 survivors (2048K)
 Metaspace       used 108702K, committed 110464K, reserved 557056K
  class space    used 15275K, committed 16128K, reserved 425984K
}
Event: 450.540 GC heap after
{Heap after GC invocations=120 (full 0):
 garbage-first heap   total 304128K, used 257258K [0x00000000a0000000, 0x0000000100000000)
  region size 1024K, 2 young (2048K), 2 survivors (2048K)
 Metaspace       used 108702K, committed 110464K, reserved 557056K
  class space    used 15275K, committed 16128K, reserved 425984K
}
Event: 450.977 GC heap before
{Heap before GC invocations=120 (full 0):
 garbage-first heap   total 304128K, used 268522K [0x00000000a0000000, 0x0000000100000000)
  region size 1024K, 14 young (14336K), 2 survivors (2048K)
 Metaspace       used 108703K, committed 110464K, reserved 557056K
  class space    used 15275K, committed 16128K, reserved 425984K
}
Event: 450.986 GC heap after
{Heap after GC invocations=121 (full 0):
 garbage-first heap   total 304128K, used 258048K [0x00000000a0000000, 0x0000000100000000)
  region size 1024K, 2 young (2048K), 2 survivors (2048K)
 Metaspace       used 108703K, committed 110464K, reserved 557056K
  class space    used 15275K, committed 16128K, reserved 425984K
}
Event: 451.410 GC heap before
{Heap before GC invocations=121 (full 0):
 garbage-first heap   total 304128K, used 269312K [0x00000000a0000000, 0x0000000100000000)
  region size 1024K, 14 young (14336K), 2 survivors (2048K)
 Metaspace       used 108703K, committed 110464K, reserved 557056K
  class space    used 15275K, committed 16128K, reserved 425984K
}
Event: 451.421 GC heap after
{Heap after GC invocations=122 (full 0):
 garbage-first heap   total 304128K, used 258817K [0x00000000a0000000, 0x0000000100000000)
  region size 1024K, 2 young (2048K), 2 survivors (2048K)
 Metaspace       used 108703K, committed 110464K, reserved 557056K
  class space    used 15275K, committed 16128K, reserved 425984K
}
Event: 452.911 GC heap before
{Heap before GC invocations=122 (full 0):
 garbage-first heap   total 304128K, used 271105K [0x00000000a0000000, 0x0000000100000000)
  region size 1024K, 14 young (14336K), 2 survivors (2048K)
 Metaspace       used 108704K, committed 110464K, reserved 557056K
  class space    used 15275K, committed 16128K, reserved 425984K
}
Event: 452.925 GC heap after
{Heap after GC invocations=123 (full 0):
 garbage-first heap   total 304128K, used 259504K [0x00000000a0000000, 0x0000000100000000)
  region size 1024K, 2 young (2048K), 2 survivors (2048K)
 Metaspace       used 108704K, committed 110464K, reserved 557056K
  class space    used 15275K, committed 16128K, reserved 425984K
}
Event: 453.838 GC heap before
{Heap before GC invocations=123 (full 0):
 garbage-first heap   total 304128K, used 270768K [0x00000000a0000000, 0x0000000100000000)
  region size 1024K, 14 young (14336K), 2 survivors (2048K)
 Metaspace       used 108704K, committed 110464K, reserved 557056K
  class space    used 15275K, committed 16128K, reserved 425984K
}
Event: 453.850 GC heap after
{Heap after GC invocations=124 (full 0):
 garbage-first heap   total 304128K, used 260057K [0x00000000a0000000, 0x0000000100000000)
  region size 1024K, 2 young (2048K), 2 survivors (2048K)
 Metaspace       used 108704K, committed 110464K, reserved 557056K
  class space    used 15275K, committed 16128K, reserved 425984K
}
Event: 454.578 GC heap before
{Heap before GC invocations=124 (full 0):
 garbage-first heap   total 304128K, used 271321K [0x00000000a0000000, 0x0000000100000000)
  region size 1024K, 14 young (14336K), 2 survivors (2048K)
 Metaspace       used 108704K, committed 110464K, reserved 557056K
  class space    used 15275K, committed 16128K, reserved 425984K
}
Event: 454.595 GC heap after
{Heap after GC invocations=125 (full 0):
 garbage-first heap   total 304128K, used 260636K [0x00000000a0000000, 0x0000000100000000)
  region size 1024K, 2 young (2048K), 2 survivors (2048K)
 Metaspace       used 108704K, committed 110464K, reserved 557056K
  class space    used 15275K, committed 16128K, reserved 425984K
}
Event: 455.143 GC heap before
{Heap before GC invocations=125 (full 0):
 garbage-first heap   total 304128K, used 271900K [0x00000000a0000000, 0x0000000100000000)
  region size 1024K, 14 young (14336K), 2 survivors (2048K)
 Metaspace       used 108704K, committed 110464K, reserved 557056K
  class space    used 15275K, committed 16128K, reserved 425984K
}
Event: 455.304 GC heap after
{Heap after GC invocations=126 (full 0):
 garbage-first heap   total 304128K, used 261383K [0x00000000a0000000, 0x0000000100000000)
  region size 1024K, 2 young (2048K), 2 survivors (2048K)
 Metaspace       used 108704K, committed 110464K, reserved 557056K
  class space    used 15275K, committed 16128K, reserved 425984K
}
Event: 456.920 GC heap before
{Heap before GC invocations=126 (full 0):
 garbage-first heap   total 304128K, used 272647K [0x00000000a0000000, 0x0000000100000000)
  region size 1024K, 14 young (14336K), 2 survivors (2048K)
 Metaspace       used 108704K, committed 110464K, reserved 557056K
  class space    used 15275K, committed 16128K, reserved 425984K
}
Event: 456.938 GC heap after
{Heap after GC invocations=127 (full 0):
 garbage-first heap   total 304128K, used 261905K [0x00000000a0000000, 0x0000000100000000)
  region size 1024K, 2 young (2048K), 2 survivors (2048K)
 Metaspace       used 108704K, committed 110464K, reserved 557056K
  class space    used 15275K, committed 16128K, reserved 425984K
}
Event: 457.731 GC heap before
{Heap before GC invocations=127 (full 0):
 garbage-first heap   total 304128K, used 274193K [0x00000000a0000000, 0x0000000100000000)
  region size 1024K, 14 young (14336K), 2 survivors (2048K)
 Metaspace       used 108704K, committed 110464K, reserved 557056K
  class space    used 15275K, committed 16128K, reserved 425984K
}
Event: 457.745 GC heap after
{Heap after GC invocations=128 (full 0):
 garbage-first heap   total 304128K, used 262443K [0x00000000a0000000, 0x0000000100000000)
  region size 1024K, 2 young (2048K), 2 survivors (2048K)
 Metaspace       used 108704K, committed 110464K, reserved 557056K
  class space    used 15275K, committed 16128K, reserved 425984K
}

Deoptimization events (20 events):
Event: 443.142 Thread 0x000001d0e681cdf0 Uncommon trap: trap_request=0xffffffd6 fr.pc=0x000001d0b99b6b24 relative=0x0000000000000504
Event: 443.142 Thread 0x000001d0e681cdf0 Uncommon trap: reason=array_check action=maybe_recompile pc=0x000001d0b99b6b24 method=java.util.HashMap.valuesToArray([Ljava/lang/Object;)[Ljava/lang/Object; @ 62 c2
Event: 443.142 Thread 0x000001d0e681cdf0 DEOPT PACKING pc=0x000001d0b99b6b24 sp=0x000000543c4f13b0
Event: 443.143 Thread 0x000001d0e681cdf0 DEOPT UNPACKING pc=0x000001d0b8a0239d sp=0x000000543c4f1348 mode 2
Event: 449.331 Thread 0x000001d0e681cdf0 Uncommon trap: trap_request=0xffffff45 fr.pc=0x000001d0b9807a08 relative=0x0000000000000268
Event: 449.331 Thread 0x000001d0e681cdf0 Uncommon trap: reason=unstable_if action=reinterpret pc=0x000001d0b9807a08 method=java.lang.String.encodeUTF8(B[BZ)[B @ 2 c2
Event: 449.332 Thread 0x000001d0e681cdf0 DEOPT PACKING pc=0x000001d0b9807a08 sp=0x000000543c4f9c20
Event: 449.332 Thread 0x000001d0e681cdf0 DEOPT UNPACKING pc=0x000001d0b8a0239d sp=0x000000543c4f9a68 mode 2
Event: 449.704 Thread 0x000001d0e681cdf0 Uncommon trap: trap_request=0xffffff45 fr.pc=0x000001d0b9a33a64 relative=0x00000000000016e4
Event: 449.704 Thread 0x000001d0e681cdf0 Uncommon trap: reason=unstable_if action=reinterpret pc=0x000001d0b9a33a64 method=org.gradle.api.internal.artifacts.ModuleComponentSelectorSerializer.readCapabilitySelectors(Lorg/gradle/internal/serialize/Decoder;)Lcom/google/common/collect/ImmutableSet; 
Event: 449.704 Thread 0x000001d0e681cdf0 DEOPT PACKING pc=0x000001d0b9a33a64 sp=0x000000543c4f7dd0
Event: 449.704 Thread 0x000001d0e681cdf0 DEOPT UNPACKING pc=0x000001d0b8a0239d sp=0x000000543c4f7d28 mode 2
Event: 449.704 Thread 0x000001d0e681cdf0 Uncommon trap: trap_request=0xffffff45 fr.pc=0x000001d0b98ab8b8 relative=0x0000000000000df8
Event: 449.704 Thread 0x000001d0e681cdf0 Uncommon trap: reason=unstable_if action=reinterpret pc=0x000001d0b98ab8b8 method=org.gradle.internal.component.external.model.DefaultImmutableCapability.safeHash(Ljava/lang/String;)I @ 1 c2
Event: 449.704 Thread 0x000001d0e681cdf0 DEOPT PACKING pc=0x000001d0b98ab8b8 sp=0x000000543c4f7bb0
Event: 449.704 Thread 0x000001d0e681cdf0 DEOPT UNPACKING pc=0x000001d0b8a0239d sp=0x000000543c4f7ab8 mode 2
Event: 449.704 Thread 0x000001d0e681cdf0 Uncommon trap: trap_request=0xffffff45 fr.pc=0x000001d0b9a36570 relative=0x00000000000003d0
Event: 449.704 Thread 0x000001d0e681cdf0 Uncommon trap: reason=unstable_if action=reinterpret pc=0x000001d0b9a36570 method=org.gradle.api.internal.artifacts.ModuleComponentSelectorSerializer.readCapabilitySelectors(Lorg/gradle/internal/serialize/Decoder;)Lcom/google/common/collect/ImmutableSet; 
Event: 449.705 Thread 0x000001d0e681cdf0 DEOPT PACKING pc=0x000001d0b9a36570 sp=0x000000543c4f7d50
Event: 449.705 Thread 0x000001d0e681cdf0 DEOPT UNPACKING pc=0x000001d0b8a0239d sp=0x000000543c4f7d18 mode 2

Classes unloaded (0 events):
No events

Classes redefined (0 events):
No events

Internal exceptions (20 events):
Event: 442.380 Thread 0x000001d0e681cdf0 Exception <a 'java/lang/ClassNotFoundException'{0x00000000b155e950}: org/gradle/api/internal/plugins/DefaultPluginContainerCustomizer> (0x00000000b155e950) 
thrown [s\open\src\hotspot\share\classfile\systemDictionary.cpp, line 256]
Event: 442.969 Thread 0x000001d0e681cdf0 Exception <a 'java/lang/ClassNotFoundException'{0x00000000b128b620}: org/gradle/api/internal/artifacts/dsl/dependencies/DefaultDependencyConstraintHandler_DecoratedBeanInfo> (0x00000000b128b620) 
thrown [s\open\src\hotspot\share\classfile\systemDictionary.cpp, line 256]
Event: 443.029 Thread 0x000001d0e681cdf0 Exception <a 'java/lang/ClassNotFoundException'{0x00000000b12aa890}: org/gradle/api/internal/artifacts/dsl/dependencies/DefaultDependencyConstraintHandlerBeanInfo> (0x00000000b12aa890) 
thrown [s\open\src\hotspot\share\classfile\systemDictionary.cpp, line 256]
Event: 443.054 Thread 0x000001d0e681cdf0 Exception <a 'java/lang/ClassNotFoundException'{0x00000000b12ca1c0}: org/gradle/api/internal/artifacts/dsl/dependencies/DefaultDependencyConstraintHandlerCustomizer> (0x00000000b12ca1c0) 
thrown [s\open\src\hotspot\share\classfile\systemDictionary.cpp, line 256]
Event: 443.116 Thread 0x000001d0e681cdf0 Exception <a 'java/lang/ClassNotFoundException'{0x00000000b1112420}: org/gradle/api/internal/artifacts/dsl/dependencies/DefaultDependencyConstraintHandler_DecoratedCustomizer> (0x00000000b1112420) 
thrown [s\open\src\hotspot\share\classfile\systemDictionary.cpp, line 256]
Event: 443.132 Thread 0x000001d0e681cdf0 Exception <a 'java/lang/ClassNotFoundException'{0x00000000b117f9d0}: org/gradle/api/internal/artifacts/dependencies/DefaultDependencyConstraint_DecoratedBeanInfo> (0x00000000b117f9d0) 
thrown [s\open\src\hotspot\share\classfile\systemDictionary.cpp, line 256]
Event: 443.136 Thread 0x000001d0e681cdf0 Exception <a 'java/lang/ClassNotFoundException'{0x00000000b11a0d00}: org/gradle/api/internal/artifacts/dependencies/DefaultDependencyConstraintBeanInfo> (0x00000000b11a0d00) 
thrown [s\open\src\hotspot\share\classfile\systemDictionary.cpp, line 256]
Event: 443.139 Thread 0x000001d0e681cdf0 Exception <a 'java/lang/ClassNotFoundException'{0x00000000b11c2308}: org/gradle/api/internal/artifacts/dependencies/AbstractDependencyConstraintBeanInfo> (0x00000000b11c2308) 
thrown [s\open\src\hotspot\share\classfile\systemDictionary.cpp, line 256]
Event: 443.141 Thread 0x000001d0e681cdf0 Exception <a 'java/lang/ClassNotFoundException'{0x00000000b11e3640}: org/gradle/api/internal/artifacts/dependencies/AbstractDependencyConstraintCustomizer> (0x00000000b11e3640) 
thrown [s\open\src\hotspot\share\classfile\systemDictionary.cpp, line 256]
Event: 443.153 Thread 0x000001d0e681cdf0 Exception <a 'java/lang/ClassNotFoundException'{0x00000000b1008658}: org/gradle/api/internal/artifacts/dependencies/DefaultDependencyConstraintCustomizer> (0x00000000b1008658) 
thrown [s\open\src\hotspot\share\classfile\systemDictionary.cpp, line 256]
Event: 443.158 Thread 0x000001d0e681cdf0 Exception <a 'java/lang/ClassNotFoundException'{0x00000000b103ac98}: org/gradle/api/internal/artifacts/dependencies/DefaultDependencyConstraint_DecoratedCustomizer> (0x00000000b103ac98) 
thrown [s\open\src\hotspot\share\classfile\systemDictionary.cpp, line 256]
Event: 444.695 Thread 0x000001d0e681cdf0 Exception <a 'java/lang/ClassNotFoundException'{0x00000000b232f1c8}: build_4ma83exs6f5v9wvd1emvuprdlBeanInfo> (0x00000000b232f1c8) 
thrown [s\open\src\hotspot\share\classfile\systemDictionary.cpp, line 256]
Event: 444.696 Thread 0x000001d0e681cdf0 Exception <a 'java/lang/ClassNotFoundException'{0x00000000b23368b8}: build_4ma83exs6f5v9wvd1emvuprdlCustomizer> (0x00000000b23368b8) 
thrown [s\open\src\hotspot\share\classfile\systemDictionary.cpp, line 256]
Event: 448.581 Thread 0x000001d0e681cdf0 Exception <a 'java/lang/ClassNotFoundException'{0x00000000b21a9f10}: build_4ma83exs6f5v9wvd1emvuprdlBeanInfo> (0x00000000b21a9f10) 
thrown [s\open\src\hotspot\share\classfile\systemDictionary.cpp, line 256]
Event: 448.581 Thread 0x000001d0e681cdf0 Exception <a 'java/lang/ClassNotFoundException'{0x00000000b21b1568}: build_4ma83exs6f5v9wvd1emvuprdlCustomizer> (0x00000000b21b1568) 
thrown [s\open\src\hotspot\share\classfile\systemDictionary.cpp, line 256]
Event: 448.934 Thread 0x000001d0e681cdf0 Exception <a 'java/lang/ClassNotFoundException'{0x00000000b1a534a8}: build_4ma83exs6f5v9wvd1emvuprdl$_run_closure1BeanInfo> (0x00000000b1a534a8) 
thrown [s\open\src\hotspot\share\classfile\systemDictionary.cpp, line 256]
Event: 448.936 Thread 0x000001d0e681cdf0 Exception <a 'java/lang/ClassNotFoundException'{0x00000000b1a611b0}: build_4ma83exs6f5v9wvd1emvuprdl$_run_closure1Customizer> (0x00000000b1a611b0) 
thrown [s\open\src\hotspot\share\classfile\systemDictionary.cpp, line 256]
Event: 449.402 Thread 0x000001d0e681cdf0 Exception <a 'java/lang/ClassNotFoundException'{0x00000000b2808190}: build_dau9rkbls2tli4s9aymfhjebkBeanInfo> (0x00000000b2808190) 
thrown [s\open\src\hotspot\share\classfile\systemDictionary.cpp, line 256]
Event: 449.403 Thread 0x000001d0e681cdf0 Exception <a 'java/lang/ClassNotFoundException'{0x00000000b280f880}: build_dau9rkbls2tli4s9aymfhjebkCustomizer> (0x00000000b280f880) 
thrown [s\open\src\hotspot\share\classfile\systemDictionary.cpp, line 256]
Event: 449.704 Thread 0x000001d0e681cdf0 Implicit null exception at 0x000001d0b98aabf4 to 0x000001d0b98ab894

VM Operations (20 events):
Event: 450.540 Executing VM operation: G1CollectForAllocation done
Event: 450.976 Executing VM operation: G1CollectForAllocation
Event: 450.986 Executing VM operation: G1CollectForAllocation done
Event: 451.410 Executing VM operation: G1CollectForAllocation
Event: 451.421 Executing VM operation: G1CollectForAllocation done
Event: 452.433 Executing VM operation: Cleanup
Event: 452.433 Executing VM operation: Cleanup done
Event: 452.911 Executing VM operation: G1CollectForAllocation
Event: 452.925 Executing VM operation: G1CollectForAllocation done
Event: 453.838 Executing VM operation: G1CollectForAllocation
Event: 453.850 Executing VM operation: G1CollectForAllocation done
Event: 454.578 Executing VM operation: G1CollectForAllocation
Event: 454.597 Executing VM operation: G1CollectForAllocation done
Event: 455.135 Executing VM operation: G1CollectForAllocation
Event: 455.307 Executing VM operation: G1CollectForAllocation done
Event: 456.919 Executing VM operation: G1CollectForAllocation
Event: 456.938 Executing VM operation: G1CollectForAllocation done
Event: 457.731 Executing VM operation: G1CollectForAllocation
Event: 457.745 Executing VM operation: G1CollectForAllocation done
Event: 457.822 Executing VM operation: G1Concurrent

Events (20 events):
Event: 417.910 Thread 0x000001d0c65a26e0 flushing nmethod 0x000001d0b2d0b190
Event: 417.910 Thread 0x000001d0c65a26e0 flushing nmethod 0x000001d0b2d37e90
Event: 417.910 Thread 0x000001d0c65a26e0 flushing nmethod 0x000001d0b2d4b390
Event: 417.910 Thread 0x000001d0c65a26e0 flushing nmethod 0x000001d0b2d4cd10
Event: 417.910 Thread 0x000001d0c65a26e0 flushing nmethod 0x000001d0b2dac710
Event: 417.910 Thread 0x000001d0c65a26e0 flushing nmethod 0x000001d0b2db6590
Event: 417.911 Thread 0x000001d0c65a26e0 flushing nmethod 0x000001d0b2db7f10
Event: 417.911 Thread 0x000001d0c65a26e0 flushing nmethod 0x000001d0b2e5a010
Event: 417.912 Thread 0x000001d0c65a26e0 flushing nmethod 0x000001d0b2ea3c10
Event: 417.912 Thread 0x000001d0c65a26e0 flushing nmethod 0x000001d0b2eaad90
Event: 417.912 Thread 0x000001d0c65a26e0 flushing nmethod 0x000001d0b2f11790
Event: 417.912 Thread 0x000001d0c65a26e0 flushing nmethod 0x000001d0b2f2b690
Event: 417.912 Thread 0x000001d0c65a26e0 flushing nmethod 0x000001d0b2f33190
Event: 442.881 Thread 0x000001d0c65a26e0 flushing nmethod 0x000001d0b1c98410
Event: 442.925 Thread 0x000001d0c65a26e0 flushing nmethod 0x000001d0b21f0a10
Event: 442.925 Thread 0x000001d0c65a26e0 flushing nmethod 0x000001d0b21f2990
Event: 442.925 Thread 0x000001d0c65a26e0 flushing nmethod 0x000001d0b21f3290
Event: 442.925 Thread 0x000001d0c65a26e0 flushing nmethod 0x000001d0b21f3610
Event: 442.965 Thread 0x000001d0c65a26e0 flushing nmethod 0x000001d0b2634d90
Event: 442.965 Thread 0x000001d0c65a26e0 flushing nmethod 0x000001d0b2637610


Dynamic libraries:
0x00007ff6500a0000 - 0x00007ff6500b0000 	C:\Program Files\Java\jdk-17\bin\java.exe
0x00007ffda2330000 - 0x00007ffda2528000 	C:\Windows\SYSTEM32\ntdll.dll
0x00007ffda1e40000 - 0x00007ffda1f02000 	C:\Windows\System32\KERNEL32.DLL
0x00007ffd9fc20000 - 0x00007ffd9ff16000 	C:\Windows\System32\KERNELBASE.dll
0x00007ffda0100000 - 0x00007ffda0200000 	C:\Windows\System32\ucrtbase.dll
0x00007ffd9a690000 - 0x00007ffd9a6a9000 	C:\Program Files\Java\jdk-17\bin\jli.dll
0x00007ffda0d80000 - 0x00007ffda0e31000 	C:\Windows\System32\ADVAPI32.dll
0x00007ffda1b50000 - 0x00007ffda1bee000 	C:\Windows\System32\msvcrt.dll
0x00007ffda1d10000 - 0x00007ffda1daf000 	C:\Windows\System32\sechost.dll
0x00007ffda1270000 - 0x00007ffda1390000 	C:\Windows\System32\RPCRT4.dll
0x00007ffd9fa40000 - 0x00007ffd9fa67000 	C:\Windows\System32\bcrypt.dll
0x00007ffda0350000 - 0x00007ffda04f1000 	C:\Windows\System32\USER32.dll
0x00007ffd9ff20000 - 0x00007ffd9ff42000 	C:\Windows\System32\win32u.dll
0x00007ffda05d0000 - 0x00007ffda05fb000 	C:\Windows\System32\GDI32.dll
0x00007ffd9ff50000 - 0x00007ffda0069000 	C:\Windows\System32\gdi32full.dll
0x00007ffda0200000 - 0x00007ffda029d000 	C:\Windows\System32\msvcp_win.dll
0x00007ffd91410000 - 0x00007ffd9142b000 	C:\Program Files\Java\jdk-17\bin\VCRUNTIME140.dll
0x00007ffd8c680000 - 0x00007ffd8c91b000 	C:\Windows\WinSxS\amd64_microsoft.windows.common-controls_6595b64144ccf1df_6.0.19041.6456_none_60b8a6cb71f64256\COMCTL32.dll
0x00007ffd8cce0000 - 0x00007ffd8ccea000 	C:\Windows\SYSTEM32\VERSION.dll
0x00007ffda1390000 - 0x00007ffda13bf000 	C:\Windows\System32\IMM32.DLL
0x00007ffd9a5e0000 - 0x00007ffd9a5ec000 	C:\Program Files\Java\jdk-17\bin\vcruntime140_1.dll
0x00007ffd8ce90000 - 0x00007ffd8cf1e000 	C:\Program Files\Java\jdk-17\bin\msvcp140.dll
0x00007ffd53df0000 - 0x00007ffd549d0000 	C:\Program Files\Java\jdk-17\bin\server\jvm.dll
0x00007ffda1260000 - 0x00007ffda1268000 	C:\Windows\System32\PSAPI.DLL
0x00007ffd98090000 - 0x00007ffd98099000 	C:\Windows\SYSTEM32\WSOCK32.dll
0x00007ffda2170000 - 0x00007ffda21db000 	C:\Windows\System32\WS2_32.dll
0x00007ffd841a0000 - 0x00007ffd841c7000 	C:\Windows\SYSTEM32\WINMM.dll
0x00007ffd9e220000 - 0x00007ffd9e232000 	C:\Windows\SYSTEM32\kernel.appcore.dll
0x00007ffd90f20000 - 0x00007ffd90f2a000 	C:\Program Files\Java\jdk-17\bin\jimage.dll
0x00007ffd9ded0000 - 0x00007ffd9e0d1000 	C:\Windows\SYSTEM32\DBGHELP.DLL
0x00007ffd89500000 - 0x00007ffd89534000 	C:\Windows\SYSTEM32\dbgcore.DLL
0x00007ffda0070000 - 0x00007ffda00f2000 	C:\Windows\System32\bcryptPrimitives.dll
0x00007ffd8c5c0000 - 0x00007ffd8c5ce000 	C:\Program Files\Java\jdk-17\bin\instrument.dll
0x00007ffd8bac0000 - 0x00007ffd8bae5000 	C:\Program Files\Java\jdk-17\bin\java.dll
0x00007ffd75590000 - 0x00007ffd75667000 	C:\Program Files\Java\jdk-17\bin\jsvml.dll
0x00007ffda13c0000 - 0x00007ffda1b30000 	C:\Windows\System32\SHELL32.dll
0x00007ffd9d650000 - 0x00007ffd9ddf5000 	C:\Windows\SYSTEM32\windows.storage.dll
0x00007ffda0f00000 - 0x00007ffda1254000 	C:\Windows\System32\combase.dll
0x00007ffd9f380000 - 0x00007ffd9f3ab000 	C:\Windows\SYSTEM32\Wldp.dll
0x00007ffda0500000 - 0x00007ffda05cd000 	C:\Windows\System32\OLEAUT32.dll
0x00007ffda1bf0000 - 0x00007ffda1c9d000 	C:\Windows\System32\SHCORE.dll
0x00007ffda1cb0000 - 0x00007ffda1d0b000 	C:\Windows\System32\shlwapi.dll
0x00007ffd9f8f0000 - 0x00007ffd9f914000 	C:\Windows\SYSTEM32\profapi.dll
0x00007ffd8be40000 - 0x00007ffd8be58000 	C:\Program Files\Java\jdk-17\bin\zip.dll
0x00007ffd8baa0000 - 0x00007ffd8bab9000 	C:\Program Files\Java\jdk-17\bin\net.dll
0x00007ffd8bcb0000 - 0x00007ffd8bdba000 	C:\Windows\SYSTEM32\WINHTTP.dll
0x00007ffd9f070000 - 0x00007ffd9f0da000 	C:\Windows\system32\mswsock.dll
0x00007ffd8ba80000 - 0x00007ffd8ba96000 	C:\Program Files\Java\jdk-17\bin\nio.dll
0x00007ffd8bbf0000 - 0x00007ffd8bc00000 	C:\Program Files\Java\jdk-17\bin\verify.dll
0x00007ffd8be60000 - 0x00007ffd8be87000 	C:\Users\muhanad\.gradle\native\1def1411415f61bf3af743bc5b6707747c0891f09f0c88961ee8f79bc544acac\windows-amd64\native-platform.dll
0x00007ffd82d80000 - 0x00007ffd82df7000 	C:\Users\muhanad\.gradle\native\0.2.8\x86_64-windows-gnu\gradle-fileevents.dll
0x00007ffd8ba70000 - 0x00007ffd8ba7a000 	C:\Program Files\Java\jdk-17\bin\management.dll
0x00007ffd8ba60000 - 0x00007ffd8ba6b000 	C:\Program Files\Java\jdk-17\bin\management_ext.dll
0x00007ffd9ed50000 - 0x00007ffd9ed8b000 	C:\Windows\SYSTEM32\IPHLPAPI.DLL
0x00007ffda2030000 - 0x00007ffda2038000 	C:\Windows\System32\NSI.dll
0x00007ffd8b430000 - 0x00007ffd8b447000 	C:\Windows\SYSTEM32\dhcpcsvc6.DLL
0x00007ffd8cab0000 - 0x00007ffd8cacd000 	C:\Windows\SYSTEM32\dhcpcsvc.DLL
0x00007ffd9eda0000 - 0x00007ffd9ee6a000 	C:\Windows\SYSTEM32\DNSAPI.dll
0x00007ffd9f270000 - 0x00007ffd9f288000 	C:\Windows\SYSTEM32\CRYPTSP.dll
0x00007ffd9e990000 - 0x00007ffd9e9c8000 	C:\Windows\system32\rsaenh.dll
0x00007ffd9f870000 - 0x00007ffd9f89e000 	C:\Windows\SYSTEM32\USERENV.dll
0x00007ffd9f260000 - 0x00007ffd9f26c000 	C:\Windows\SYSTEM32\CRYPTBASE.dll
0x00007ffd8b5a0000 - 0x00007ffd8b5ae000 	C:\Program Files\Java\jdk-17\bin\sunmscapi.dll
0x00007ffd9fa70000 - 0x00007ffd9fbcd000 	C:\Windows\System32\CRYPT32.dll
0x00007ffd9f3f0000 - 0x00007ffd9f417000 	C:\Windows\SYSTEM32\ncrypt.dll
0x00007ffd9f3b0000 - 0x00007ffd9f3eb000 	C:\Windows\SYSTEM32\NTASN1.dll
0x00007ffd8ccf0000 - 0x00007ffd8ccf7000 	C:\Windows\system32\wshunix.dll

dbghelp: loaded successfully - version: 4.0.5 - missing functions: none
symbol engine: initialized successfully - sym options: 0x614 - pdb path: .;C:\Program Files\Java\jdk-17\bin;C:\Windows\SYSTEM32;C:\Windows\WinSxS\amd64_microsoft.windows.common-controls_6595b64144ccf1df_6.0.19041.6456_none_60b8a6cb71f64256;C:\Program Files\Java\jdk-17\bin\server;C:\Users\muhanad\.gradle\native\1def1411415f61bf3af743bc5b6707747c0891f09f0c88961ee8f79bc544acac\windows-amd64;C:\Users\muhanad\.gradle\native\0.2.8\x86_64-windows-gnu

VM Arguments:
jvm_args: --add-opens=java.base/java.lang=ALL-UNNAMED --add-opens=java.base/java.lang.invoke=ALL-UNNAMED --add-opens=java.base/java.util=ALL-UNNAMED --add-opens=java.prefs/java.util.prefs=ALL-UNNAMED --add-exports=jdk.compiler/com.sun.tools.javac.api=ALL-UNNAMED --add-exports=jdk.compiler/com.sun.tools.javac.util=ALL-UNNAMED --add-opens=java.base/java.util=ALL-UNNAMED --add-opens=java.prefs/java.util.prefs=ALL-UNNAMED --add-opens=java.base/java.nio.charset=ALL-UNNAMED --add-opens=java.base/java.net=ALL-UNNAMED --add-opens=java.base/java.util.concurrent=ALL-UNNAMED --add-opens=java.base/java.util.concurrent.atomic=ALL-UNNAMED --add-opens=java.xml/javax.xml.namespace=ALL-UNNAMED -XX:MaxMetaspaceSize=512m -Xmx1536m -Dfile.encoding=windows-1252 -Duser.country=US -Duser.language=en -Duser.variant -javaagent:C:\Users\muhanad\.gradle\wrapper\dists\gradle-9.0.0-bin\d6wjpkvcgsg3oed0qlfss3wgl\gradle-9.0.0\lib\agents\gradle-instrumentation-agent-9.0.0.jar 
java_command: org.gradle.launcher.daemon.bootstrap.GradleDaemon 9.0.0
java_class_path (initial): C:\Users\muhanad\.gradle\wrapper\dists\gradle-9.0.0-bin\d6wjpkvcgsg3oed0qlfss3wgl\gradle-9.0.0\lib\gradle-daemon-main-9.0.0.jar
Launcher Type: SUN_STANDARD

[Global flags]
     intx CICompilerCount                          = 2                                         {product} {ergonomic}
   size_t CompressedClassSpaceSize                 = 436207616                                 {product} {ergonomic}
     uint ConcGCThreads                            = 1                                         {product} {ergonomic}
     uint G1ConcRefinementThreads                  = 2                                         {product} {ergonomic}
   size_t G1HeapRegionSize                         = 1048576                                   {product} {ergonomic}
    uintx GCDrainStackTargetSize                   = 64                                        {product} {ergonomic}
   size_t InitialHeapSize                          = 62914560                                  {product} {ergonomic}
   size_t MarkStackSize                            = 4194304                                   {product} {ergonomic}
   size_t MaxHeapSize                              = 1610612736                                {product} {command line}
   size_t MaxMetaspaceSize                         = 536870912                                 {product} {command line}
   size_t MaxNewSize                               = 965738496                                 {product} {ergonomic}
   size_t MinHeapDeltaBytes                        = 1048576                                   {product} {ergonomic}
   size_t MinHeapSize                              = 8388608                                   {product} {ergonomic}
    uintx NonNMethodCodeHeapSize                   = 5826188                                {pd product} {ergonomic}
    uintx NonProfiledCodeHeapSize                  = 122916026                              {pd product} {ergonomic}
    uintx ProfiledCodeHeapSize                     = 122916026                              {pd product} {ergonomic}
    uintx ReservedCodeCacheSize                    = 251658240                              {pd product} {ergonomic}
     bool SegmentedCodeCache                       = true                                      {product} {ergonomic}
   size_t SoftMaxHeapSize                          = 1610612736                             {manageable} {ergonomic}
     bool UseCompressedClassPointers               = true                           {product lp64_product} {ergonomic}
     bool UseCompressedOops                        = true                           {product lp64_product} {ergonomic}
     bool UseG1GC                                  = true                                      {product} {ergonomic}
     bool UseLargePagesIndividualAllocation        = false                                  {pd product} {ergonomic}

Logging:
Log output configuration:
 #0: stdout all=warning uptime,level,tags
 #1: stderr all=off uptime,level,tags

Environment Variables:
JAVA_HOME=C:\Program Files\Java\jdk-17
PATH=D:\mobile\appmobile\node_modules\.bin;D:\mobile\appmobile\node_modules\.bin;D:\mobile\node_modules\.bin;D:\node_modules\.bin;C:\Program Files\nodejs\samer\node_modules\npm\node_modules\@npmcli\run-script\lib\node-gyp-bin;C:\Program Files\Common Files\Oracle\Java\javapath;C:\Python312\Scripts\;C:\Python312\;C:\Program Files\Microsoft\jdk-11.0.20.8-hotspot\bin;C:\flutter\bin;C:\Python311\;C:\Python310\Scripts\;C:\Python310\;C:\Windows\system32;C:\Windows;C:\Windows\System32\Wbem;C:\Windows\System32\WindowsPowerShell\v1.0\;C:\Windows\System32\OpenSSH\;c:\Program Files (x86)\Microsoft SQL Server\100\Tools\Binn\;c:\Program Files\Microsoft SQL Server\100\Tools\Binn\;c:\Program Files\Microsoft SQL Server\100\DTS\Binn\;C:\ProgramData\chocolatey\bin;C:\Program Files\nodejs\samer;C:\Program Files (x86)\Yarn\bin\;C:\Users\muhanad\AppData\Local\Android\Sdk\platform-tools;C:\Users\muhanad\AppData\Local\Android\Sdk\platform-tools;C:\Program Files\Git\cmd;C:\Program Files\Git\bin;C:\Program Files\nodejs\samer\;C:\gradle-8.13-bin\gradle-8.13\bin;C:\Program Files\Java\jdk-17\bin;C:\Program Files\Java\jdk-17\bin;C:\platform-tools;C:\Users\muhanad\AppData\Local\Android\Sdk\tools;C:\Users\muhanad\AppData\Local\Programs\Microsoft VS Code\bin;C:\Program Files\nodejs\samer;D:\AndroidSDK\platform-tools;C:\flutter\bin;C:\Users\muhanad\AppData\Roaming\npm;C:\Program Files\Java\jdk-17\bin;C:\ProgramData\chocolatey\lib\postgresql\tools\;C:\Users\muhanad\AppData\Local\Programs\cursor\resources\app\bin;c:\Users\muhanad\.vscode\extensions\vscjava.vscode-java-debug-0.58.3\bundled\scripts\noConfigScripts
USERNAME=muhanad
LANG=en_US.UTF-8
OS=Windows_NT
PROCESSOR_IDENTIFIER=Intel64 Family 6 Model 122 Stepping 8, GenuineIntel



---------------  S Y S T E M  ---------------

OS:
 Windows 10 , 64 bit Build 19041 (10.0.19041.5915)
OS uptime: 2 days 6:22 hours

CPU: total 2 (initial active 2) (2 cores per cpu, 1 threads per core) family 6 model 122 stepping 8 microcode 0x1a, cx8, cmov, fxsr, mmx, 3dnowpref, sse, sse2, sse3, ssse3, sse4.1, sse4.2, popcnt, tsc, tscinvbit, aes, erms, clmul, sha, clflush, clflushopt

Memory: 4k page, system-wide physical 3737M (83M free)
TotalPageFile size 15001M (AvailPageFile size 46M)
current process WorkingSet (physical memory assigned to process): 238M, peak: 321M
current process commit charge ("private bytes"): 633M, peak: 766M

vm_info: Java HotSpot(TM) 64-Bit Server VM (17.0.12+8-LTS-286) for windows-amd64 JRE (17.0.12+8-LTS-286), built on Jun  5 2024 06:46:59 by "mach5one" with MS VC++ 17.6 (VS2022)

END.
