#
# There is insufficient memory for the Java Runtime Environment to continue.
# Native memory allocation (malloc) failed to allocate 1775376 bytes for Chunk::new
# Possible reasons:
#   The system is out of physical RAM or swap space
#   The process is running with CompressedOops enabled, and the Java Heap may be blocking the growth of the native heap
# Possible solutions:
#   Reduce memory load on the system
#   Increase physical memory or swap space
#   Check if swap backing store is full
#   Decrease Java heap size (-Xmx/-Xms)
#   Decrease number of Java threads
#   Decrease Java thread stack sizes (-Xss)
#   Set larger code cache with -XX:ReservedCodeCacheSize=
#   JVM is running with Unscaled Compressed Oops mode in which the Java heap is
#     placed in the first 4GB address space. The Java Heap base address is the
#     maximum limit for the native heap growth. Please use -XX:HeapBaseMinAddress
#     to set the Java Heap base and to place the Java Heap above 4GB virtual address.
# This output file may be truncated or incomplete.
#
#  Out of Memory Error (arena.cpp:189), pid=2824, tid=3920
#
# JRE version: Java(TM) SE Runtime Environment (17.0.12+8) (build 17.0.12+8-LTS-286)
# Java VM: Java HotSpot(TM) 64-Bit Server VM (17.0.12+8-LTS-286, mixed mode, sharing, tiered, compressed oops, compressed class ptrs, g1 gc, windows-amd64)
# No core dump will be written. Minidumps are not enabled by default on client versions of Windows
#

---------------  S U M M A R Y ------------

Command Line: --add-opens=java.base/java.lang=ALL-UNNAMED --add-opens=java.base/java.lang.invoke=ALL-UNNAMED --add-opens=java.base/java.util=ALL-UNNAMED --add-opens=java.prefs/java.util.prefs=ALL-UNNAMED --add-exports=jdk.compiler/com.sun.tools.javac.api=ALL-UNNAMED --add-exports=jdk.compiler/com.sun.tools.javac.util=ALL-UNNAMED --add-opens=java.base/java.util=ALL-UNNAMED --add-opens=java.prefs/java.util.prefs=ALL-UNNAMED --add-opens=java.base/java.nio.charset=ALL-UNNAMED --add-opens=java.base/java.net=ALL-UNNAMED --add-opens=java.base/java.util.concurrent=ALL-UNNAMED --add-opens=java.base/java.util.concurrent.atomic=ALL-UNNAMED --add-opens=java.xml/javax.xml.namespace=ALL-UNNAMED -XX:MaxMetaspaceSize=512m -Xmx1536m -Dfile.encoding=windows-1252 -Duser.country=US -Duser.language=en -Duser.variant -javaagent:C:\Users\muhanad\.gradle\wrapper\dists\gradle-9.0.0-bin\d6wjpkvcgsg3oed0qlfss3wgl\gradle-9.0.0\lib\agents\gradle-instrumentation-agent-9.0.0.jar org.gradle.launcher.daemon.bootstrap.GradleDaemon 9.0.0

Host: Intel(R) Celeron(R) N4020 CPU @ 1.10GHz, 2 cores, 3G,  Windows 10 , 64 bit Build 19041 (10.0.19041.5915)
Time: Mon Dec  1 22:08:49 2025 Pacific Standard Time elapsed time: 226.528628 seconds (0d 0h 3m 46s)

---------------  T H R E A D  ---------------

Current thread (0x0000021a006de8c0):  JavaThread "C2 CompilerThread0" daemon [_thread_in_native, id=3920, stack(0x00000028e6e00000,0x00000028e6f00000)]


Current CompileTask:
C2: 226529 16828   !   4       org.gradle.api.internal.artifacts.ivyservice.resolveengine.artifact.VariantResolvingArtifactSet::select (178 bytes)

Stack: [0x00000028e6e00000,0x00000028e6f00000]
Native frames: (J=compiled Java code, j=interpreted, Vv=VM code, C=native code)
V  [jvm.dll+0x67a04a]
V  [jvm.dll+0x7da4ed]
V  [jvm.dll+0x7dbe33]
V  [jvm.dll+0x7dc4a3]
V  [jvm.dll+0x24508f]
V  [jvm.dll+0xab773]
V  [jvm.dll+0xabd3c]
V  [jvm.dll+0x361b9f]
V  [jvm.dll+0x32c431]
V  [jvm.dll+0x32b8ca]
V  [jvm.dll+0x21683f]
V  [jvm.dll+0x215c6f]
V  [jvm.dll+0x1a2960]
V  [jvm.dll+0x22610b]
V  [jvm.dll+0x2242ab]
V  [jvm.dll+0x79075c]
V  [jvm.dll+0x78abea]
V  [jvm.dll+0x678f35]
C  [ucrtbase.dll+0x21bb2]
C  [KERNEL32.DLL+0x17374]
C  [ntdll.dll+0x4cc91]


---------------  P R O C E S S  ---------------

Threads class SMR info:
_java_thread_list=0x0000021a49ace450, length=54, elements={
0x0000021a006137c0, 0x0000021a006c5f50, 0x0000021a006c6ce0, 0x0000021a006dae30,
0x0000021a006dca70, 0x0000021a006dd340, 0x0000021a006ddc10, 0x0000021a006de8c0,
0x0000021a1e7d2200, 0x0000021a1e7d2720, 0x0000021a006b21e0, 0x0000021a1ea99dd0,
0x0000021a3ee70430, 0x0000021a3e9f2b90, 0x0000021a3e8b0790, 0x0000021a3ec13980,
0x0000021a1ec48480, 0x0000021a3e1e9300, 0x0000021a3e1e6060, 0x0000021a3e1e88e0,
0x0000021a3e1e6a80, 0x0000021a3e1e8df0, 0x0000021a3e1e79b0, 0x0000021a3e1e6f90,
0x0000021a3e1e74a0, 0x0000021a3e1e7ec0, 0x0000021a3e1e83d0, 0x0000021a3e1e9810,
0x0000021a3e1e6570, 0x0000021a3f4c9980, 0x0000021a3f4cb2d0, 0x0000021a3f4c8a50,
0x0000021a3f4cadc0, 0x0000021a3f4cb7e0, 0x0000021a3f4c9e90, 0x0000021a3f4ca3a0,
0x0000021a3f4c8030, 0x0000021a3f4c8f60, 0x0000021a3f4c9470, 0x0000021a3f4ca8b0,
0x0000021a1e7a6090, 0x0000021a1e7a9840, 0x0000021a1e7a5b80, 0x0000021a1e7a9d50,
0x0000021a1e7a5160, 0x0000021a1e7a6fc0, 0x0000021a1e7a5670, 0x0000021a1e7a74d0,
0x0000021a1e7a79e0, 0x0000021a3f747860, 0x0000021a3f743ba0, 0x0000021a3f74ab00,
0x0000021a3f7491b0, 0x0000021a3f7440b0
}

Java Threads: ( => current thread )
  0x0000021a006137c0 JavaThread "main" [_thread_blocked, id=4120, stack(0x00000028e6000000,0x00000028e6100000)]
  0x0000021a006c5f50 JavaThread "Reference Handler" daemon [_thread_blocked, id=12996, stack(0x00000028e6800000,0x00000028e6900000)]
  0x0000021a006c6ce0 JavaThread "Finalizer" daemon [_thread_blocked, id=12884, stack(0x00000028e6900000,0x00000028e6a00000)]
  0x0000021a006dae30 JavaThread "Signal Dispatcher" daemon [_thread_blocked, id=13324, stack(0x00000028e6a00000,0x00000028e6b00000)]
  0x0000021a006dca70 JavaThread "Attach Listener" daemon [_thread_blocked, id=7896, stack(0x00000028e6b00000,0x00000028e6c00000)]
  0x0000021a006dd340 JavaThread "Service Thread" daemon [_thread_blocked, id=2004, stack(0x00000028e6c00000,0x00000028e6d00000)]
  0x0000021a006ddc10 JavaThread "Monitor Deflation Thread" daemon [_thread_blocked, id=6032, stack(0x00000028e6d00000,0x00000028e6e00000)]
=>0x0000021a006de8c0 JavaThread "C2 CompilerThread0" daemon [_thread_in_native, id=3920, stack(0x00000028e6e00000,0x00000028e6f00000)]
  0x0000021a1e7d2200 JavaThread "C1 CompilerThread0" daemon [_thread_blocked, id=7072, stack(0x00000028e6f00000,0x00000028e7000000)]
  0x0000021a1e7d2720 JavaThread "Sweeper thread" daemon [_thread_blocked, id=8196, stack(0x00000028e7000000,0x00000028e7100000)]
  0x0000021a006b21e0 JavaThread "Common-Cleaner" daemon [_thread_blocked, id=10780, stack(0x00000028e7100000,0x00000028e7200000)]
  0x0000021a1ea99dd0 JavaThread "Notification Thread" daemon [_thread_blocked, id=15088, stack(0x00000028e7200000,0x00000028e7300000)]
  0x0000021a3ee70430 JavaThread "Daemon health stats" [_thread_blocked, id=2968, stack(0x00000028e7500000,0x00000028e7600000)]
  0x0000021a3e9f2b90 JavaThread "Incoming local TCP Connector on port 59207" [_thread_in_native, id=2940, stack(0x00000028e7600000,0x00000028e7700000)]
  0x0000021a3e8b0790 JavaThread "Daemon periodic checks" [_thread_blocked, id=100, stack(0x00000028e7700000,0x00000028e7800000)]
  0x0000021a3ec13980 JavaThread "Daemon" [_thread_blocked, id=13528, stack(0x00000028e7800000,0x00000028e7900000)]
  0x0000021a1ec48480 JavaThread "Handler for socket connection from /127.0.0.1:59207 to /127.0.0.1:59208" [_thread_in_native, id=13832, stack(0x00000028e7900000,0x00000028e7a00000)]
  0x0000021a3e1e9300 JavaThread "Cancel handler" [_thread_blocked, id=14500, stack(0x00000028e7a00000,0x00000028e7b00000)]
  0x0000021a3e1e6060 JavaThread "Daemon worker" [_thread_in_native, id=10620, stack(0x00000028e7b00000,0x00000028e7c00000)]
  0x0000021a3e1e88e0 JavaThread "Asynchronous log dispatcher for DefaultDaemonConnection: socket connection from /127.0.0.1:59207 to /127.0.0.1:59208" [_thread_blocked, id=12796, stack(0x00000028e7c00000,0x00000028e7d00000)]
  0x0000021a3e1e6a80 JavaThread "Stdin handler" [_thread_blocked, id=13848, stack(0x00000028e7d00000,0x00000028e7e00000)]
  0x0000021a3e1e8df0 JavaThread "Daemon client event forwarder" [_thread_blocked, id=6888, stack(0x00000028e7e00000,0x00000028e7f00000)]
  0x0000021a3e1e79b0 JavaThread "Cache worker for journal cache (C:\Users\muhanad\.gradle\caches\journal-1)" [_thread_blocked, id=10584, stack(0x00000028e7f00000,0x00000028e8000000)]
  0x0000021a3e1e6f90 JavaThread "File lock request listener" [_thread_in_native, id=8620, stack(0x00000028e8000000,0x00000028e8100000)]
  0x0000021a3e1e74a0 JavaThread "Cache worker for file hash cache (C:\Users\muhanad\.gradle\caches\9.0.0\fileHashes)" [_thread_blocked, id=4240, stack(0x00000028e8100000,0x00000028e8200000)]
  0x0000021a3e1e7ec0 JavaThread "Cache worker for file hash cache (D:\mobile\appmobile\android\.gradle\9.0.0\fileHashes)" [_thread_blocked, id=9148, stack(0x00000028e8200000,0x00000028e8300000)]
  0x0000021a3e1e83d0 JavaThread "Cache worker for Build Output Cleanup Cache (D:\mobile\appmobile\android\.gradle\buildOutputCleanup)" [_thread_blocked, id=2660, stack(0x00000028e8300000,0x00000028e8400000)]
  0x0000021a3e1e9810 JavaThread "File watcher server" daemon [_thread_in_native, id=7728, stack(0x00000028e8400000,0x00000028e8500000)]
  0x0000021a3e1e6570 JavaThread "File watcher consumer" daemon [_thread_blocked, id=8356, stack(0x00000028e8500000,0x00000028e8600000)]
  0x0000021a3f4c9980 JavaThread "Cache worker for checksums cache (D:\mobile\appmobile\android\.gradle\9.0.0\checksums)" [_thread_blocked, id=4288, stack(0x00000028e8600000,0x00000028e8700000)]
  0x0000021a3f4cb2d0 JavaThread "Cache worker for file content cache (C:\Users\muhanad\.gradle\caches\9.0.0\fileContent)" [_thread_blocked, id=1616, stack(0x00000028e8700000,0x00000028e8800000)]
  0x0000021a3f4c8a50 JavaThread "Cache worker for cache directory md-supplier (C:\Users\muhanad\.gradle\caches\9.0.0\md-supplier)" [_thread_blocked, id=11672, stack(0x00000028e8900000,0x00000028e8a00000)]
  0x0000021a3f4cadc0 JavaThread "Cache worker for cache directory md-rule (C:\Users\muhanad\.gradle\caches\9.0.0\md-rule)" [_thread_blocked, id=1912, stack(0x00000028e8a00000,0x00000028e8b00000)]
  0x0000021a3f4cb7e0 JavaThread "jar transforms" [_thread_blocked, id=9788, stack(0x00000028e8d00000,0x00000028e8e00000)]
  0x0000021a3f4c9e90 JavaThread "Cache worker for Build Output Cleanup Cache (D:\mobile\appmobile\node_modules\@react-native\gradle-plugin\.gradle\buildOutputCleanup)" [_thread_blocked, id=15936, stack(0x00000028e8e00000,0x00000028e8f00000)]
  0x0000021a3f4ca3a0 JavaThread "Unconstrained build operations" [_thread_blocked, id=10308, stack(0x00000028e8f00000,0x00000028e9000000)]
  0x0000021a3f4c8030 JavaThread "Unconstrained build operations Thread 2" [_thread_blocked, id=13852, stack(0x00000028e9000000,0x00000028e9100000)]
  0x0000021a3f4c8f60 JavaThread "Unconstrained build operations Thread 3" [_thread_blocked, id=14768, stack(0x00000028e9100000,0x00000028e9200000)]
  0x0000021a3f4c9470 JavaThread "Unconstrained build operations Thread 4" [_thread_blocked, id=8612, stack(0x00000028e9200000,0x00000028e9300000)]
  0x0000021a3f4ca8b0 JavaThread "Unconstrained build operations Thread 5" [_thread_blocked, id=11640, stack(0x00000028e9300000,0x00000028e9400000)]
  0x0000021a1e7a6090 JavaThread "Unconstrained build operations Thread 6" [_thread_blocked, id=12140, stack(0x00000028e9400000,0x00000028e9500000)]
  0x0000021a1e7a9840 JavaThread "build event listener" [_thread_blocked, id=8936, stack(0x00000028e5f00000,0x00000028e6000000)]
  0x0000021a1e7a5b80 JavaThread "Memory manager" [_thread_blocked, id=12960, stack(0x00000028e6100000,0x00000028e6200000)]
  0x0000021a1e7a9d50 JavaThread "Cache worker for execution history cache (D:\mobile\appmobile\node_modules\@react-native\gradle-plugin\.gradle\9.0.0\executionHistory)" [_thread_blocked, id=14072, stack(0x00000028e9a00000,0x00000028e9b00000)]
  0x0000021a1e7a5160 JavaThread "Unconstrained build operations Thread 7" [_thread_blocked, id=15228, stack(0x00000028e9b00000,0x00000028e9c00000)]
  0x0000021a1e7a6fc0 JavaThread "Unconstrained build operations Thread 8" [_thread_blocked, id=4984, stack(0x00000028e9c00000,0x00000028e9d00000)]
  0x0000021a1e7a5670 JavaThread "Unconstrained build operations Thread 9" [_thread_blocked, id=9044, stack(0x00000028e9d00000,0x00000028e9e00000)]
  0x0000021a1e7a74d0 JavaThread "Unconstrained build operations Thread 10" [_thread_blocked, id=10632, stack(0x00000028e9e00000,0x00000028e9f00000)]
  0x0000021a1e7a79e0 JavaThread "jar transforms Thread 2" [_thread_blocked, id=3924, stack(0x00000028e9f00000,0x00000028ea000000)]
  0x0000021a3f747860 JavaThread "build event listener" [_thread_blocked, id=788, stack(0x00000028ea000000,0x00000028ea100000)]
  0x0000021a3f743ba0 JavaThread "Problems report writer" [_thread_blocked, id=10076, stack(0x00000028ea100000,0x00000028ea200000)]
  0x0000021a3f74ab00 JavaThread "Exec process" [_thread_blocked, id=15872, stack(0x00000028e9500000,0x00000028e9600000)]
  0x0000021a3f7491b0 JavaThread "Exec process Thread 2" [_thread_blocked, id=5176, stack(0x00000028e9600000,0x00000028e9700000)]
  0x0000021a3f7440b0 JavaThread "Exec process Thread 3" [_thread_blocked, id=15236, stack(0x00000028e9700000,0x00000028e9800000)]

Other Threads:
  0x0000021a006be3c0 VMThread "VM Thread" [stack: 0x00000028e6700000,0x00000028e6800000] [id=7640]
  0x0000021a00614690 WatcherThread [stack: 0x00000028e7300000,0x00000028e7400000] [id=3712]
  0x0000021a0065a6d0 GCTaskThread "GC Thread#0" [stack: 0x00000028e6200000,0x00000028e6300000] [id=14644]
  0x0000021a1ea1d330 GCTaskThread "GC Thread#1" [stack: 0x00000028e7400000,0x00000028e7500000] [id=4196]
  0x0000021a004bd690 ConcurrentGCThread "G1 Main Marker" [stack: 0x00000028e6300000,0x00000028e6400000] [id=2388]
  0x0000021a00666e60 ConcurrentGCThread "G1 Conc#0" [stack: 0x00000028e6400000,0x00000028e6500000] [id=4440]
  0x0000021a00699530 ConcurrentGCThread "G1 Refine#0" [stack: 0x00000028e6500000,0x00000028e6600000] [id=6056]
  0x0000021a3f5dc010 ConcurrentGCThread "G1 Refine#1" [stack: 0x00000028e8800000,0x00000028e8900000] [id=11068]
  0x0000021a0069b280 ConcurrentGCThread "G1 Service" [stack: 0x00000028e6600000,0x00000028e6700000] [id=14092]

Threads with active compile tasks:
C2 CompilerThread0   226602 16828   !   4       org.gradle.api.internal.artifacts.ivyservice.resolveengine.artifact.VariantResolvingArtifactSet::select (178 bytes)

VM state: not at safepoint (normal execution)

VM Mutex/Monitor currently owned by a thread: None

Heap address: 0x00000000a0000000, size: 1536 MB, Compressed Oops mode: 32-bit

CDS archive(s) mapped at: [0x0000021a1f000000-0x0000021a1fbd0000-0x0000021a1fbd0000), size 12386304, SharedBaseAddress: 0x0000021a1f000000, ArchiveRelocationMode: 1.
Compressed class space mapped at: 0x0000021a20000000-0x0000021a3a000000, reserved size: 436207616
Narrow klass base: 0x0000021a1f000000, Narrow klass shift: 0, Narrow klass range: 0x100000000

GC Precious Log:
 CPUs: 2 total, 2 available
 Memory: 3737M
 Large Page Support: Disabled
 NUMA Support: Disabled
 Compressed Oops: Enabled (32-bit)
 Heap Region Size: 1M
 Heap Min Capacity: 8M
 Heap Initial Capacity: 60M
 Heap Max Capacity: 1536M
 Pre-touch: Disabled
 Parallel Workers: 2
 Concurrent Workers: 1
 Concurrent Refinement Workers: 2
 Periodic GC: Disabled

Heap:
 garbage-first heap   total 352256K, used 296311K [0x00000000a0000000, 0x0000000100000000)
  region size 1024K, 40 young (40960K), 4 survivors (4096K)
 Metaspace       used 107750K, committed 109504K, reserved 557056K
  class space    used 15141K, committed 15936K, reserved 425984K

Heap Regions: E=young(eden), S=young(survivor), O=old, HS=humongous(starts), HC=humongous(continues), CS=collection set, F=free, OA=open archive, CA=closed archive, TAMS=top-at-mark-start (previous, next)
|   0|0x00000000a0000000, 0x00000000a0100000, 0x00000000a0100000|100%| O|  |TAMS 0x00000000a0100000, 0x00000000a0000000| Untracked 
|   1|0x00000000a0100000, 0x00000000a0200000, 0x00000000a0200000|100%| O|  |TAMS 0x00000000a0200000, 0x00000000a0100000| Untracked 
|   2|0x00000000a0200000, 0x00000000a0300000, 0x00000000a0300000|100%| O|  |TAMS 0x00000000a0300000, 0x00000000a0200000| Untracked 
|   3|0x00000000a0300000, 0x00000000a0400000, 0x00000000a0400000|100%|HS|  |TAMS 0x00000000a0400000, 0x00000000a0300000| Complete 
|   4|0x00000000a0400000, 0x00000000a0500000, 0x00000000a0500000|100%|HC|  |TAMS 0x00000000a0500000, 0x00000000a0400000| Complete 
|   5|0x00000000a0500000, 0x00000000a0600000, 0x00000000a0600000|100%|HC|  |TAMS 0x00000000a0600000, 0x00000000a0500000| Complete 
|   6|0x00000000a0600000, 0x00000000a0700000, 0x00000000a0700000|100%|HS|  |TAMS 0x00000000a0700000, 0x00000000a0600000| Complete 
|   7|0x00000000a0700000, 0x00000000a0800000, 0x00000000a0800000|100%| O|  |TAMS 0x00000000a0800000, 0x00000000a0700000| Untracked 
|   8|0x00000000a0800000, 0x00000000a0900000, 0x00000000a0900000|100%| O|  |TAMS 0x00000000a0900000, 0x00000000a0800000| Untracked 
|   9|0x00000000a0900000, 0x00000000a0a00000, 0x00000000a0a00000|100%| O|  |TAMS 0x00000000a0a00000, 0x00000000a0900000| Untracked 
|  10|0x00000000a0a00000, 0x00000000a0b00000, 0x00000000a0b00000|100%| O|  |TAMS 0x00000000a0b00000, 0x00000000a0a00000| Untracked 
|  11|0x00000000a0b00000, 0x00000000a0c00000, 0x00000000a0c00000|100%| O|  |TAMS 0x00000000a0c00000, 0x00000000a0b00000| Untracked 
|  12|0x00000000a0c00000, 0x00000000a0d00000, 0x00000000a0d00000|100%| O|  |TAMS 0x00000000a0d00000, 0x00000000a0c00000| Untracked 
|  13|0x00000000a0d00000, 0x00000000a0e00000, 0x00000000a0e00000|100%| O|  |TAMS 0x00000000a0e00000, 0x00000000a0d00000| Untracked 
|  14|0x00000000a0e00000, 0x00000000a0f00000, 0x00000000a0f00000|100%| O|  |TAMS 0x00000000a0f00000, 0x00000000a0e00000| Untracked 
|  15|0x00000000a0f00000, 0x00000000a1000000, 0x00000000a1000000|100%| O|  |TAMS 0x00000000a1000000, 0x00000000a0f00000| Untracked 
|  16|0x00000000a1000000, 0x00000000a1100000, 0x00000000a1100000|100%| O|  |TAMS 0x00000000a1100000, 0x00000000a1000000| Untracked 
|  17|0x00000000a1100000, 0x00000000a1200000, 0x00000000a1200000|100%| O|  |TAMS 0x00000000a1200000, 0x00000000a1100000| Untracked 
|  18|0x00000000a1200000, 0x00000000a1300000, 0x00000000a1300000|100%| O|  |TAMS 0x00000000a1300000, 0x00000000a1200000| Untracked 
|  19|0x00000000a1300000, 0x00000000a1400000, 0x00000000a1400000|100%| O|  |TAMS 0x00000000a1400000, 0x00000000a1300000| Untracked 
|  20|0x00000000a1400000, 0x00000000a1500000, 0x00000000a1500000|100%| O|  |TAMS 0x00000000a1500000, 0x00000000a1400000| Untracked 
|  21|0x00000000a1500000, 0x00000000a1600000, 0x00000000a1600000|100%| O|  |TAMS 0x00000000a1600000, 0x00000000a1500000| Untracked 
|  22|0x00000000a1600000, 0x00000000a1700000, 0x00000000a1700000|100%| O|  |TAMS 0x00000000a1700000, 0x00000000a1600000| Untracked 
|  23|0x00000000a1700000, 0x00000000a1800000, 0x00000000a1800000|100%| O|  |TAMS 0x00000000a1800000, 0x00000000a1700000| Untracked 
|  24|0x00000000a1800000, 0x00000000a1900000, 0x00000000a1900000|100%| O|  |TAMS 0x00000000a1900000, 0x00000000a1800000| Untracked 
|  25|0x00000000a1900000, 0x00000000a1a00000, 0x00000000a1a00000|100%| O|  |TAMS 0x00000000a1a00000, 0x00000000a1900000| Untracked 
|  26|0x00000000a1a00000, 0x00000000a1b00000, 0x00000000a1b00000|100%| O|  |TAMS 0x00000000a1b00000, 0x00000000a1a00000| Untracked 
|  27|0x00000000a1b00000, 0x00000000a1c00000, 0x00000000a1c00000|100%| O|  |TAMS 0x00000000a1c00000, 0x00000000a1b00000| Untracked 
|  28|0x00000000a1c00000, 0x00000000a1d00000, 0x00000000a1d00000|100%| O|  |TAMS 0x00000000a1d00000, 0x00000000a1c00000| Untracked 
|  29|0x00000000a1d00000, 0x00000000a1e00000, 0x00000000a1e00000|100%| O|  |TAMS 0x00000000a1e00000, 0x00000000a1d00000| Untracked 
|  30|0x00000000a1e00000, 0x00000000a1f00000, 0x00000000a1f00000|100%| O|  |TAMS 0x00000000a1f00000, 0x00000000a1e00000| Untracked 
|  31|0x00000000a1f00000, 0x00000000a2000000, 0x00000000a2000000|100%| O|  |TAMS 0x00000000a2000000, 0x00000000a1f00000| Untracked 
|  32|0x00000000a2000000, 0x00000000a2100000, 0x00000000a2100000|100%| O|  |TAMS 0x00000000a2100000, 0x00000000a2000000| Untracked 
|  33|0x00000000a2100000, 0x00000000a2200000, 0x00000000a2200000|100%| O|  |TAMS 0x00000000a2200000, 0x00000000a2100000| Untracked 
|  34|0x00000000a2200000, 0x00000000a2300000, 0x00000000a2300000|100%| O|  |TAMS 0x00000000a2300000, 0x00000000a2200000| Untracked 
|  35|0x00000000a2300000, 0x00000000a2400000, 0x00000000a2400000|100%| O|  |TAMS 0x00000000a2400000, 0x00000000a2300000| Untracked 
|  36|0x00000000a2400000, 0x00000000a2500000, 0x00000000a2500000|100%| O|  |TAMS 0x00000000a2500000, 0x00000000a2400000| Untracked 
|  37|0x00000000a2500000, 0x00000000a2600000, 0x00000000a2600000|100%| O|  |TAMS 0x00000000a2600000, 0x00000000a2500000| Untracked 
|  38|0x00000000a2600000, 0x00000000a2700000, 0x00000000a2700000|100%| O|  |TAMS 0x00000000a2700000, 0x00000000a2600000| Untracked 
|  39|0x00000000a2700000, 0x00000000a2800000, 0x00000000a2800000|100%| O|  |TAMS 0x00000000a2800000, 0x00000000a2700000| Untracked 
|  40|0x00000000a2800000, 0x00000000a2900000, 0x00000000a2900000|100%| O|  |TAMS 0x00000000a2900000, 0x00000000a2800000| Untracked 
|  41|0x00000000a2900000, 0x00000000a2a00000, 0x00000000a2a00000|100%|HS|  |TAMS 0x00000000a2a00000, 0x00000000a2900000| Complete 
|  42|0x00000000a2a00000, 0x00000000a2b00000, 0x00000000a2b00000|100%|HC|  |TAMS 0x00000000a2b00000, 0x00000000a2a00000| Complete 
|  43|0x00000000a2b00000, 0x00000000a2c00000, 0x00000000a2c00000|100%|HC|  |TAMS 0x00000000a2c00000, 0x00000000a2b00000| Complete 
|  44|0x00000000a2c00000, 0x00000000a2d00000, 0x00000000a2d00000|100%|HS|  |TAMS 0x00000000a2d00000, 0x00000000a2c00000| Complete 
|  45|0x00000000a2d00000, 0x00000000a2e00000, 0x00000000a2e00000|100%|HC|  |TAMS 0x00000000a2e00000, 0x00000000a2d00000| Complete 
|  46|0x00000000a2e00000, 0x00000000a2f00000, 0x00000000a2f00000|100%|HC|  |TAMS 0x00000000a2f00000, 0x00000000a2e00000| Complete 
|  47|0x00000000a2f00000, 0x00000000a3000000, 0x00000000a3000000|100%| O|  |TAMS 0x00000000a3000000, 0x00000000a2f00000| Untracked 
|  48|0x00000000a3000000, 0x00000000a3100000, 0x00000000a3100000|100%| O|  |TAMS 0x00000000a3100000, 0x00000000a3000000| Untracked 
|  49|0x00000000a3100000, 0x00000000a3200000, 0x00000000a3200000|100%| O|  |TAMS 0x00000000a3200000, 0x00000000a3100000| Untracked 
|  50|0x00000000a3200000, 0x00000000a3300000, 0x00000000a3300000|100%| O|  |TAMS 0x00000000a3200000, 0x00000000a3200000| Untracked 
|  51|0x00000000a3300000, 0x00000000a3400000, 0x00000000a3400000|100%| O|  |TAMS 0x00000000a3400000, 0x00000000a3300000| Untracked 
|  52|0x00000000a3400000, 0x00000000a3500000, 0x00000000a3500000|100%| O|  |TAMS 0x00000000a3500000, 0x00000000a3400000| Untracked 
|  53|0x00000000a3500000, 0x00000000a3600000, 0x00000000a3600000|100%| O|  |TAMS 0x00000000a3600000, 0x00000000a3500000| Untracked 
|  54|0x00000000a3600000, 0x00000000a3700000, 0x00000000a3700000|100%| O|  |TAMS 0x00000000a3700000, 0x00000000a3600000| Untracked 
|  55|0x00000000a3700000, 0x00000000a3800000, 0x00000000a3800000|100%| O|  |TAMS 0x00000000a3800000, 0x00000000a3700000| Untracked 
|  56|0x00000000a3800000, 0x00000000a3900000, 0x00000000a3900000|100%| O|  |TAMS 0x00000000a3800000, 0x00000000a3800000| Untracked 
|  57|0x00000000a3900000, 0x00000000a3a00000, 0x00000000a3a00000|100%| O|  |TAMS 0x00000000a3900000, 0x00000000a3900000| Untracked 
|  58|0x00000000a3a00000, 0x00000000a3b00000, 0x00000000a3b00000|100%| O|  |TAMS 0x00000000a3a00000, 0x00000000a3a00000| Untracked 
|  59|0x00000000a3b00000, 0x00000000a3c00000, 0x00000000a3c00000|100%| O|  |TAMS 0x00000000a3c00000, 0x00000000a3b00000| Untracked 
|  60|0x00000000a3c00000, 0x00000000a3d00000, 0x00000000a3d00000|100%| O|  |TAMS 0x00000000a3d00000, 0x00000000a3c00000| Untracked 
|  61|0x00000000a3d00000, 0x00000000a3e00000, 0x00000000a3e00000|100%| O|  |TAMS 0x00000000a3e00000, 0x00000000a3d00000| Untracked 
|  62|0x00000000a3e00000, 0x00000000a3f00000, 0x00000000a3f00000|100%| O|  |TAMS 0x00000000a3f00000, 0x00000000a3e00000| Untracked 
|  63|0x00000000a3f00000, 0x00000000a4000000, 0x00000000a4000000|100%| O|  |TAMS 0x00000000a4000000, 0x00000000a3f00000| Untracked 
|  64|0x00000000a4000000, 0x00000000a4100000, 0x00000000a4100000|100%| O|  |TAMS 0x00000000a4100000, 0x00000000a4000000| Untracked 
|  65|0x00000000a4100000, 0x00000000a4200000, 0x00000000a4200000|100%| O|  |TAMS 0x00000000a4200000, 0x00000000a4100000| Untracked 
|  66|0x00000000a4200000, 0x00000000a4300000, 0x00000000a4300000|100%| O|  |TAMS 0x00000000a4300000, 0x00000000a4200000| Untracked 
|  67|0x00000000a4300000, 0x00000000a4400000, 0x00000000a4400000|100%| O|  |TAMS 0x00000000a4400000, 0x00000000a4300000| Untracked 
|  68|0x00000000a4400000, 0x00000000a4500000, 0x00000000a4500000|100%| O|  |TAMS 0x00000000a4500000, 0x00000000a4400000| Untracked 
|  69|0x00000000a4500000, 0x00000000a4600000, 0x00000000a4600000|100%| O|  |TAMS 0x00000000a4600000, 0x00000000a4500000| Untracked 
|  70|0x00000000a4600000, 0x00000000a4700000, 0x00000000a4700000|100%| O|  |TAMS 0x00000000a4700000, 0x00000000a4600000| Untracked 
|  71|0x00000000a4700000, 0x00000000a4800000, 0x00000000a4800000|100%| O|  |TAMS 0x00000000a4800000, 0x00000000a4700000| Untracked 
|  72|0x00000000a4800000, 0x00000000a4900000, 0x00000000a4900000|100%| O|  |TAMS 0x00000000a4900000, 0x00000000a4800000| Untracked 
|  73|0x00000000a4900000, 0x00000000a4a00000, 0x00000000a4a00000|100%| O|  |TAMS 0x00000000a4a00000, 0x00000000a4900000| Untracked 
|  74|0x00000000a4a00000, 0x00000000a4b00000, 0x00000000a4b00000|100%|HS|  |TAMS 0x00000000a4b00000, 0x00000000a4a00000| Complete 
|  75|0x00000000a4b00000, 0x00000000a4c00000, 0x00000000a4c00000|100%|HS|  |TAMS 0x00000000a4c00000, 0x00000000a4b00000| Complete 
|  76|0x00000000a4c00000, 0x00000000a4d00000, 0x00000000a4d00000|100%|HS|  |TAMS 0x00000000a4d00000, 0x00000000a4c00000| Complete 
|  77|0x00000000a4d00000, 0x00000000a4e00000, 0x00000000a4e00000|100%|HS|  |TAMS 0x00000000a4e00000, 0x00000000a4d00000| Complete 
|  78|0x00000000a4e00000, 0x00000000a4f00000, 0x00000000a4f00000|100%| O|  |TAMS 0x00000000a4f00000, 0x00000000a4e00000| Untracked 
|  79|0x00000000a4f00000, 0x00000000a5000000, 0x00000000a5000000|100%|HS|  |TAMS 0x00000000a5000000, 0x00000000a4f00000| Complete 
|  80|0x00000000a5000000, 0x00000000a5100000, 0x00000000a5100000|100%|HS|  |TAMS 0x00000000a5100000, 0x00000000a5000000| Complete 
|  81|0x00000000a5100000, 0x00000000a5200000, 0x00000000a5200000|100%| O|  |TAMS 0x00000000a5200000, 0x00000000a5100000| Untracked 
|  82|0x00000000a5200000, 0x00000000a5300000, 0x00000000a5300000|100%| O|  |TAMS 0x00000000a5300000, 0x00000000a5200000| Untracked 
|  83|0x00000000a5300000, 0x00000000a5400000, 0x00000000a5400000|100%| O|  |TAMS 0x00000000a5400000, 0x00000000a5300000| Untracked 
|  84|0x00000000a5400000, 0x00000000a5500000, 0x00000000a5500000|100%| O|  |TAMS 0x00000000a5500000, 0x00000000a5400000| Untracked 
|  85|0x00000000a5500000, 0x00000000a5600000, 0x00000000a5600000|100%| O|  |TAMS 0x00000000a5600000, 0x00000000a5500000| Untracked 
|  86|0x00000000a5600000, 0x00000000a5700000, 0x00000000a5700000|100%| O|  |TAMS 0x00000000a5700000, 0x00000000a5600000| Untracked 
|  87|0x00000000a5700000, 0x00000000a5800000, 0x00000000a5800000|100%| O|  |TAMS 0x00000000a5800000, 0x00000000a5700000| Untracked 
|  88|0x00000000a5800000, 0x00000000a5900000, 0x00000000a5900000|100%| O|  |TAMS 0x00000000a5900000, 0x00000000a5800000| Untracked 
|  89|0x00000000a5900000, 0x00000000a5a00000, 0x00000000a5a00000|100%| O|  |TAMS 0x00000000a5a00000, 0x00000000a5900000| Untracked 
|  90|0x00000000a5a00000, 0x00000000a5b00000, 0x00000000a5b00000|100%| O|  |TAMS 0x00000000a5b00000, 0x00000000a5a00000| Untracked 
|  91|0x00000000a5b00000, 0x00000000a5c00000, 0x00000000a5c00000|100%| O|  |TAMS 0x00000000a5c00000, 0x00000000a5b00000| Untracked 
|  92|0x00000000a5c00000, 0x00000000a5d00000, 0x00000000a5d00000|100%| O|  |TAMS 0x00000000a5d00000, 0x00000000a5c00000| Untracked 
|  93|0x00000000a5d00000, 0x00000000a5e00000, 0x00000000a5e00000|100%| O|  |TAMS 0x00000000a5e00000, 0x00000000a5d00000| Untracked 
|  94|0x00000000a5e00000, 0x00000000a5f00000, 0x00000000a5f00000|100%| O|  |TAMS 0x00000000a5f00000, 0x00000000a5e00000| Untracked 
|  95|0x00000000a5f00000, 0x00000000a6000000, 0x00000000a6000000|100%| O|  |TAMS 0x00000000a6000000, 0x00000000a5f00000| Untracked 
|  96|0x00000000a6000000, 0x00000000a6100000, 0x00000000a6100000|100%|HS|  |TAMS 0x00000000a6100000, 0x00000000a6000000| Complete 
|  97|0x00000000a6100000, 0x00000000a6200000, 0x00000000a6200000|100%| O|  |TAMS 0x00000000a6200000, 0x00000000a6100000| Untracked 
|  98|0x00000000a6200000, 0x00000000a6300000, 0x00000000a6300000|100%| O|  |TAMS 0x00000000a6300000, 0x00000000a6200000| Untracked 
|  99|0x00000000a6300000, 0x00000000a6400000, 0x00000000a6400000|100%|HS|  |TAMS 0x00000000a6400000, 0x00000000a6300000| Complete 
| 100|0x00000000a6400000, 0x00000000a6500000, 0x00000000a6500000|100%|HC|  |TAMS 0x00000000a6500000, 0x00000000a6400000| Complete 
| 101|0x00000000a6500000, 0x00000000a6600000, 0x00000000a6600000|100%|HC|  |TAMS 0x00000000a6600000, 0x00000000a6500000| Complete 
| 102|0x00000000a6600000, 0x00000000a6700000, 0x00000000a6700000|100%| O|  |TAMS 0x00000000a6700000, 0x00000000a6600000| Untracked 
| 103|0x00000000a6700000, 0x00000000a6800000, 0x00000000a6800000|100%| O|  |TAMS 0x00000000a6800000, 0x00000000a6700000| Untracked 
| 104|0x00000000a6800000, 0x00000000a6900000, 0x00000000a6900000|100%| O|  |TAMS 0x00000000a6900000, 0x00000000a6800000| Untracked 
| 105|0x00000000a6900000, 0x00000000a6a00000, 0x00000000a6a00000|100%| O|  |TAMS 0x00000000a6a00000, 0x00000000a6900000| Untracked 
| 106|0x00000000a6a00000, 0x00000000a6b00000, 0x00000000a6b00000|100%| O|  |TAMS 0x00000000a6b00000, 0x00000000a6a00000| Untracked 
| 107|0x00000000a6b00000, 0x00000000a6c00000, 0x00000000a6c00000|100%| O|  |TAMS 0x00000000a6c00000, 0x00000000a6b00000| Untracked 
| 108|0x00000000a6c00000, 0x00000000a6d00000, 0x00000000a6d00000|100%| O|  |TAMS 0x00000000a6d00000, 0x00000000a6c00000| Untracked 
| 109|0x00000000a6d00000, 0x00000000a6e00000, 0x00000000a6e00000|100%| O|  |TAMS 0x00000000a6e00000, 0x00000000a6d00000| Untracked 
| 110|0x00000000a6e00000, 0x00000000a6f00000, 0x00000000a6f00000|100%| O|  |TAMS 0x00000000a6f00000, 0x00000000a6e00000| Untracked 
| 111|0x00000000a6f00000, 0x00000000a7000000, 0x00000000a7000000|100%| O|  |TAMS 0x00000000a7000000, 0x00000000a6f00000| Untracked 
| 112|0x00000000a7000000, 0x00000000a7100000, 0x00000000a7100000|100%| O|  |TAMS 0x00000000a7100000, 0x00000000a7000000| Untracked 
| 113|0x00000000a7100000, 0x00000000a7200000, 0x00000000a7200000|100%| O|  |TAMS 0x00000000a7200000, 0x00000000a7100000| Untracked 
| 114|0x00000000a7200000, 0x00000000a7300000, 0x00000000a7300000|100%| O|  |TAMS 0x00000000a7300000, 0x00000000a7200000| Untracked 
| 115|0x00000000a7300000, 0x00000000a7400000, 0x00000000a7400000|100%| O|  |TAMS 0x00000000a7337800, 0x00000000a7300000| Untracked 
| 116|0x00000000a7400000, 0x00000000a7500000, 0x00000000a7500000|100%| O|  |TAMS 0x00000000a7400000, 0x00000000a7400000| Untracked 
| 117|0x00000000a7500000, 0x00000000a7600000, 0x00000000a7600000|100%| O|  |TAMS 0x00000000a7500000, 0x00000000a7500000| Untracked 
| 118|0x00000000a7600000, 0x00000000a7700000, 0x00000000a7700000|100%| O|  |TAMS 0x00000000a7600000, 0x00000000a7600000| Untracked 
| 119|0x00000000a7700000, 0x00000000a7800000, 0x00000000a7800000|100%| O|  |TAMS 0x00000000a7700000, 0x00000000a7700000| Untracked 
| 120|0x00000000a7800000, 0x00000000a7900000, 0x00000000a7900000|100%| O|  |TAMS 0x00000000a7800000, 0x00000000a7800000| Untracked 
| 121|0x00000000a7900000, 0x00000000a7a00000, 0x00000000a7a00000|100%| O|  |TAMS 0x00000000a7900000, 0x00000000a7900000| Untracked 
| 122|0x00000000a7a00000, 0x00000000a7b00000, 0x00000000a7b00000|100%| O|  |TAMS 0x00000000a7a00000, 0x00000000a7a00000| Untracked 
| 123|0x00000000a7b00000, 0x00000000a7c00000, 0x00000000a7c00000|100%| O|  |TAMS 0x00000000a7b00000, 0x00000000a7b00000| Untracked 
| 124|0x00000000a7c00000, 0x00000000a7d00000, 0x00000000a7d00000|100%| O|  |TAMS 0x00000000a7c00000, 0x00000000a7c00000| Untracked 
| 125|0x00000000a7d00000, 0x00000000a7e00000, 0x00000000a7e00000|100%| O|  |TAMS 0x00000000a7d00000, 0x00000000a7d00000| Untracked 
| 126|0x00000000a7e00000, 0x00000000a7f00000, 0x00000000a7f00000|100%| O|  |TAMS 0x00000000a7e00000, 0x00000000a7e00000| Untracked 
| 127|0x00000000a7f00000, 0x00000000a8000000, 0x00000000a8000000|100%| O|  |TAMS 0x00000000a7f00000, 0x00000000a7f00000| Untracked 
| 128|0x00000000a8000000, 0x00000000a8100000, 0x00000000a8100000|100%| O|  |TAMS 0x00000000a8000000, 0x00000000a8000000| Untracked 
| 129|0x00000000a8100000, 0x00000000a8200000, 0x00000000a8200000|100%| O|  |TAMS 0x00000000a8100000, 0x00000000a8100000| Untracked 
| 130|0x00000000a8200000, 0x00000000a8300000, 0x00000000a8300000|100%| O|  |TAMS 0x00000000a8200000, 0x00000000a8200000| Untracked 
| 131|0x00000000a8300000, 0x00000000a8400000, 0x00000000a8400000|100%| O|  |TAMS 0x00000000a8300000, 0x00000000a8300000| Untracked 
| 132|0x00000000a8400000, 0x00000000a8500000, 0x00000000a8500000|100%| O|  |TAMS 0x00000000a8400000, 0x00000000a8400000| Untracked 
| 133|0x00000000a8500000, 0x00000000a8600000, 0x00000000a8600000|100%| O|  |TAMS 0x00000000a8500000, 0x00000000a8500000| Untracked 
| 134|0x00000000a8600000, 0x00000000a8700000, 0x00000000a8700000|100%| O|  |TAMS 0x00000000a8600000, 0x00000000a8600000| Untracked 
| 135|0x00000000a8700000, 0x00000000a8800000, 0x00000000a8800000|100%| O|  |TAMS 0x00000000a8700000, 0x00000000a8700000| Untracked 
| 136|0x00000000a8800000, 0x00000000a8900000, 0x00000000a8900000|100%| O|  |TAMS 0x00000000a8800000, 0x00000000a8800000| Untracked 
| 137|0x00000000a8900000, 0x00000000a8a00000, 0x00000000a8a00000|100%| O|  |TAMS 0x00000000a8900000, 0x00000000a8900000| Untracked 
| 138|0x00000000a8a00000, 0x00000000a8b00000, 0x00000000a8b00000|100%| O|  |TAMS 0x00000000a8a00000, 0x00000000a8a00000| Untracked 
| 139|0x00000000a8b00000, 0x00000000a8c00000, 0x00000000a8c00000|100%| O|  |TAMS 0x00000000a8b00000, 0x00000000a8b00000| Untracked 
| 140|0x00000000a8c00000, 0x00000000a8d00000, 0x00000000a8d00000|100%| O|  |TAMS 0x00000000a8c00000, 0x00000000a8c00000| Untracked 
| 141|0x00000000a8d00000, 0x00000000a8e00000, 0x00000000a8e00000|100%| O|  |TAMS 0x00000000a8d00000, 0x00000000a8d00000| Untracked 
| 142|0x00000000a8e00000, 0x00000000a8f00000, 0x00000000a8f00000|100%|HS|  |TAMS 0x00000000a8e00000, 0x00000000a8e00000| Complete 
| 143|0x00000000a8f00000, 0x00000000a9000000, 0x00000000a9000000|100%|HS|  |TAMS 0x00000000a8f00000, 0x00000000a8f00000| Complete 
| 144|0x00000000a9000000, 0x00000000a9100000, 0x00000000a9100000|100%|HS|  |TAMS 0x00000000a9000000, 0x00000000a9000000| Complete 
| 145|0x00000000a9100000, 0x00000000a9200000, 0x00000000a9200000|100%|HC|  |TAMS 0x00000000a9100000, 0x00000000a9100000| Complete 
| 146|0x00000000a9200000, 0x00000000a9300000, 0x00000000a9300000|100%| O|  |TAMS 0x00000000a9200000, 0x00000000a9200000| Untracked 
| 147|0x00000000a9300000, 0x00000000a9400000, 0x00000000a9400000|100%| O|  |TAMS 0x00000000a9300000, 0x00000000a9300000| Untracked 
| 148|0x00000000a9400000, 0x00000000a9500000, 0x00000000a9500000|100%| O|  |TAMS 0x00000000a9400000, 0x00000000a9400000| Untracked 
| 149|0x00000000a9500000, 0x00000000a9600000, 0x00000000a9600000|100%| O|  |TAMS 0x00000000a9500000, 0x00000000a9500000| Untracked 
| 150|0x00000000a9600000, 0x00000000a9700000, 0x00000000a9700000|100%| O|  |TAMS 0x00000000a9600000, 0x00000000a9600000| Untracked 
| 151|0x00000000a9700000, 0x00000000a9800000, 0x00000000a9800000|100%| O|  |TAMS 0x00000000a9700000, 0x00000000a9700000| Untracked 
| 152|0x00000000a9800000, 0x00000000a9900000, 0x00000000a9900000|100%| O|  |TAMS 0x00000000a9800000, 0x00000000a9800000| Untracked 
| 153|0x00000000a9900000, 0x00000000a9a00000, 0x00000000a9a00000|100%| O|  |TAMS 0x00000000a9900000, 0x00000000a9900000| Untracked 
| 154|0x00000000a9a00000, 0x00000000a9b00000, 0x00000000a9b00000|100%| O|  |TAMS 0x00000000a9a00000, 0x00000000a9a00000| Untracked 
| 155|0x00000000a9b00000, 0x00000000a9c00000, 0x00000000a9c00000|100%| O|  |TAMS 0x00000000a9b00000, 0x00000000a9b00000| Untracked 
| 156|0x00000000a9c00000, 0x00000000a9d00000, 0x00000000a9d00000|100%| O|  |TAMS 0x00000000a9c00000, 0x00000000a9c00000| Untracked 
| 157|0x00000000a9d00000, 0x00000000a9e00000, 0x00000000a9e00000|100%| O|  |TAMS 0x00000000a9d00000, 0x00000000a9d00000| Untracked 
| 158|0x00000000a9e00000, 0x00000000a9f00000, 0x00000000a9f00000|100%| O|  |TAMS 0x00000000a9e00000, 0x00000000a9e00000| Untracked 
| 159|0x00000000a9f00000, 0x00000000aa000000, 0x00000000aa000000|100%| O|  |TAMS 0x00000000a9f00000, 0x00000000a9f00000| Untracked 
| 160|0x00000000aa000000, 0x00000000aa100000, 0x00000000aa100000|100%| O|  |TAMS 0x00000000aa000000, 0x00000000aa000000| Untracked 
| 161|0x00000000aa100000, 0x00000000aa200000, 0x00000000aa200000|100%| O|  |TAMS 0x00000000aa100000, 0x00000000aa100000| Untracked 
| 162|0x00000000aa200000, 0x00000000aa300000, 0x00000000aa300000|100%| O|  |TAMS 0x00000000aa200000, 0x00000000aa200000| Untracked 
| 163|0x00000000aa300000, 0x00000000aa400000, 0x00000000aa400000|100%| O|  |TAMS 0x00000000aa300000, 0x00000000aa300000| Untracked 
| 164|0x00000000aa400000, 0x00000000aa500000, 0x00000000aa500000|100%| O|  |TAMS 0x00000000aa400000, 0x00000000aa400000| Untracked 
| 165|0x00000000aa500000, 0x00000000aa600000, 0x00000000aa600000|100%| O|  |TAMS 0x00000000aa500000, 0x00000000aa500000| Untracked 
| 166|0x00000000aa600000, 0x00000000aa700000, 0x00000000aa700000|100%| O|  |TAMS 0x00000000aa600000, 0x00000000aa600000| Untracked 
| 167|0x00000000aa700000, 0x00000000aa800000, 0x00000000aa800000|100%| O|  |TAMS 0x00000000aa700000, 0x00000000aa700000| Untracked 
| 168|0x00000000aa800000, 0x00000000aa900000, 0x00000000aa900000|100%| O|  |TAMS 0x00000000aa800000, 0x00000000aa800000| Untracked 
| 169|0x00000000aa900000, 0x00000000aaa00000, 0x00000000aaa00000|100%| O|  |TAMS 0x00000000aa900000, 0x00000000aa900000| Untracked 
| 170|0x00000000aaa00000, 0x00000000aab00000, 0x00000000aab00000|100%| O|  |TAMS 0x00000000aaa00000, 0x00000000aaa00000| Untracked 
| 171|0x00000000aab00000, 0x00000000aac00000, 0x00000000aac00000|100%| O|  |TAMS 0x00000000aab00000, 0x00000000aab00000| Untracked 
| 172|0x00000000aac00000, 0x00000000aad00000, 0x00000000aad00000|100%| O|  |TAMS 0x00000000aac00000, 0x00000000aac00000| Untracked 
| 173|0x00000000aad00000, 0x00000000aae00000, 0x00000000aae00000|100%| O|  |TAMS 0x00000000aad00000, 0x00000000aad00000| Untracked 
| 174|0x00000000aae00000, 0x00000000aaf00000, 0x00000000aaf00000|100%| O|  |TAMS 0x00000000aae00000, 0x00000000aae00000| Untracked 
| 175|0x00000000aaf00000, 0x00000000ab000000, 0x00000000ab000000|100%| O|  |TAMS 0x00000000aaf00000, 0x00000000aaf00000| Untracked 
| 176|0x00000000ab000000, 0x00000000ab100000, 0x00000000ab100000|100%| O|  |TAMS 0x00000000ab000000, 0x00000000ab000000| Untracked 
| 177|0x00000000ab100000, 0x00000000ab200000, 0x00000000ab200000|100%| O|  |TAMS 0x00000000ab100000, 0x00000000ab100000| Untracked 
| 178|0x00000000ab200000, 0x00000000ab300000, 0x00000000ab300000|100%|HS|  |TAMS 0x00000000ab200000, 0x00000000ab200000| Complete 
| 179|0x00000000ab300000, 0x00000000ab400000, 0x00000000ab400000|100%|HS|  |TAMS 0x00000000ab300000, 0x00000000ab300000| Complete 
| 180|0x00000000ab400000, 0x00000000ab500000, 0x00000000ab500000|100%|HS|  |TAMS 0x00000000ab400000, 0x00000000ab400000| Complete 
| 181|0x00000000ab500000, 0x00000000ab600000, 0x00000000ab600000|100%| O|  |TAMS 0x00000000ab500000, 0x00000000ab500000| Untracked 
| 182|0x00000000ab600000, 0x00000000ab700000, 0x00000000ab700000|100%| O|  |TAMS 0x00000000ab600000, 0x00000000ab600000| Untracked 
| 183|0x00000000ab700000, 0x00000000ab800000, 0x00000000ab800000|100%| O|  |TAMS 0x00000000ab700000, 0x00000000ab700000| Untracked 
| 184|0x00000000ab800000, 0x00000000ab900000, 0x00000000ab900000|100%| O|  |TAMS 0x00000000ab800000, 0x00000000ab800000| Untracked 
| 185|0x00000000ab900000, 0x00000000aba00000, 0x00000000aba00000|100%| O|  |TAMS 0x00000000ab900000, 0x00000000ab900000| Untracked 
| 186|0x00000000aba00000, 0x00000000abb00000, 0x00000000abb00000|100%| O|  |TAMS 0x00000000aba00000, 0x00000000aba00000| Untracked 
| 187|0x00000000abb00000, 0x00000000abc00000, 0x00000000abc00000|100%| O|  |TAMS 0x00000000abb00000, 0x00000000abb00000| Untracked 
| 188|0x00000000abc00000, 0x00000000abd00000, 0x00000000abd00000|100%| O|  |TAMS 0x00000000abc00000, 0x00000000abc00000| Untracked 
| 189|0x00000000abd00000, 0x00000000abe00000, 0x00000000abe00000|100%| O|  |TAMS 0x00000000abd00000, 0x00000000abd00000| Untracked 
| 190|0x00000000abe00000, 0x00000000abf00000, 0x00000000abf00000|100%| O|  |TAMS 0x00000000abe00000, 0x00000000abe00000| Untracked 
| 191|0x00000000abf00000, 0x00000000ac000000, 0x00000000ac000000|100%| O|  |TAMS 0x00000000abf00000, 0x00000000abf00000| Untracked 
| 192|0x00000000ac000000, 0x00000000ac100000, 0x00000000ac100000|100%| O|  |TAMS 0x00000000ac000000, 0x00000000ac000000| Untracked 
| 193|0x00000000ac100000, 0x00000000ac200000, 0x00000000ac200000|100%| O|  |TAMS 0x00000000ac100000, 0x00000000ac100000| Untracked 
| 194|0x00000000ac200000, 0x00000000ac300000, 0x00000000ac300000|100%| O|  |TAMS 0x00000000ac200000, 0x00000000ac200000| Untracked 
| 195|0x00000000ac300000, 0x00000000ac400000, 0x00000000ac400000|100%| O|  |TAMS 0x00000000ac300000, 0x00000000ac300000| Untracked 
| 196|0x00000000ac400000, 0x00000000ac500000, 0x00000000ac500000|100%| O|  |TAMS 0x00000000ac400000, 0x00000000ac400000| Untracked 
| 197|0x00000000ac500000, 0x00000000ac600000, 0x00000000ac600000|100%| O|  |TAMS 0x00000000ac500000, 0x00000000ac500000| Untracked 
| 198|0x00000000ac600000, 0x00000000ac700000, 0x00000000ac700000|100%| O|  |TAMS 0x00000000ac600000, 0x00000000ac600000| Untracked 
| 199|0x00000000ac700000, 0x00000000ac800000, 0x00000000ac800000|100%| O|  |TAMS 0x00000000ac700000, 0x00000000ac700000| Untracked 
| 200|0x00000000ac800000, 0x00000000ac900000, 0x00000000ac900000|100%| O|  |TAMS 0x00000000ac800000, 0x00000000ac800000| Untracked 
| 201|0x00000000ac900000, 0x00000000aca00000, 0x00000000aca00000|100%| O|  |TAMS 0x00000000ac900000, 0x00000000ac900000| Untracked 
| 202|0x00000000aca00000, 0x00000000acb00000, 0x00000000acb00000|100%|HS|  |TAMS 0x00000000aca00000, 0x00000000aca00000| Complete 
| 203|0x00000000acb00000, 0x00000000acc00000, 0x00000000acc00000|100%|HS|  |TAMS 0x00000000acb00000, 0x00000000acb00000| Complete 
| 204|0x00000000acc00000, 0x00000000acd00000, 0x00000000acd00000|100%|HS|  |TAMS 0x00000000acc00000, 0x00000000acc00000| Complete 
| 205|0x00000000acd00000, 0x00000000ace00000, 0x00000000ace00000|100%|HS|  |TAMS 0x00000000acd00000, 0x00000000acd00000| Complete 
| 206|0x00000000ace00000, 0x00000000acf00000, 0x00000000acf00000|100%| O|  |TAMS 0x00000000ace00000, 0x00000000ace00000| Untracked 
| 207|0x00000000acf00000, 0x00000000ad000000, 0x00000000ad000000|100%| O|  |TAMS 0x00000000acf00000, 0x00000000acf00000| Untracked 
| 208|0x00000000ad000000, 0x00000000ad100000, 0x00000000ad100000|100%| O|  |TAMS 0x00000000ad000000, 0x00000000ad000000| Untracked 
| 209|0x00000000ad100000, 0x00000000ad200000, 0x00000000ad200000|100%| O|  |TAMS 0x00000000ad100000, 0x00000000ad100000| Untracked 
| 210|0x00000000ad200000, 0x00000000ad300000, 0x00000000ad300000|100%| O|  |TAMS 0x00000000ad200000, 0x00000000ad200000| Untracked 
| 211|0x00000000ad300000, 0x00000000ad400000, 0x00000000ad400000|100%| O|  |TAMS 0x00000000ad300000, 0x00000000ad300000| Untracked 
| 212|0x00000000ad400000, 0x00000000ad500000, 0x00000000ad500000|100%| O|  |TAMS 0x00000000ad400000, 0x00000000ad400000| Untracked 
| 213|0x00000000ad500000, 0x00000000ad600000, 0x00000000ad600000|100%| O|  |TAMS 0x00000000ad500000, 0x00000000ad500000| Untracked 
| 214|0x00000000ad600000, 0x00000000ad700000, 0x00000000ad700000|100%| O|  |TAMS 0x00000000ad600000, 0x00000000ad600000| Untracked 
| 215|0x00000000ad700000, 0x00000000ad800000, 0x00000000ad800000|100%| O|  |TAMS 0x00000000ad700000, 0x00000000ad700000| Untracked 
| 216|0x00000000ad800000, 0x00000000ad900000, 0x00000000ad900000|100%| O|  |TAMS 0x00000000ad800000, 0x00000000ad800000| Untracked 
| 217|0x00000000ad900000, 0x00000000ada00000, 0x00000000ada00000|100%| O|  |TAMS 0x00000000ad900000, 0x00000000ad900000| Untracked 
| 218|0x00000000ada00000, 0x00000000adb00000, 0x00000000adb00000|100%| O|  |TAMS 0x00000000ada00000, 0x00000000ada00000| Untracked 
| 219|0x00000000adb00000, 0x00000000adc00000, 0x00000000adc00000|100%| O|  |TAMS 0x00000000adb00000, 0x00000000adb00000| Untracked 
| 220|0x00000000adc00000, 0x00000000add00000, 0x00000000add00000|100%| O|  |TAMS 0x00000000adc00000, 0x00000000adc00000| Untracked 
| 221|0x00000000add00000, 0x00000000ade00000, 0x00000000ade00000|100%|HS|  |TAMS 0x00000000add00000, 0x00000000add00000| Complete 
| 222|0x00000000ade00000, 0x00000000adf00000, 0x00000000adf00000|100%|HS|  |TAMS 0x00000000ade00000, 0x00000000ade00000| Complete 
| 223|0x00000000adf00000, 0x00000000ae000000, 0x00000000ae000000|100%| O|  |TAMS 0x00000000adf00000, 0x00000000adf00000| Untracked 
| 224|0x00000000ae000000, 0x00000000ae100000, 0x00000000ae100000|100%| O|  |TAMS 0x00000000ae000000, 0x00000000ae000000| Untracked 
| 225|0x00000000ae100000, 0x00000000ae200000, 0x00000000ae200000|100%| O|  |TAMS 0x00000000ae100000, 0x00000000ae100000| Untracked 
| 226|0x00000000ae200000, 0x00000000ae300000, 0x00000000ae300000|100%| O|  |TAMS 0x00000000ae200000, 0x00000000ae200000| Untracked 
| 227|0x00000000ae300000, 0x00000000ae400000, 0x00000000ae400000|100%| O|  |TAMS 0x00000000ae300000, 0x00000000ae300000| Untracked 
| 228|0x00000000ae400000, 0x00000000ae500000, 0x00000000ae500000|100%| O|  |TAMS 0x00000000ae400000, 0x00000000ae400000| Untracked 
| 229|0x00000000ae500000, 0x00000000ae600000, 0x00000000ae600000|100%| O|  |TAMS 0x00000000ae500000, 0x00000000ae500000| Untracked 
| 230|0x00000000ae600000, 0x00000000ae700000, 0x00000000ae700000|100%| O|  |TAMS 0x00000000ae600000, 0x00000000ae600000| Untracked 
| 231|0x00000000ae700000, 0x00000000ae800000, 0x00000000ae800000|100%| O|  |TAMS 0x00000000ae700000, 0x00000000ae700000| Untracked 
| 232|0x00000000ae800000, 0x00000000ae900000, 0x00000000ae900000|100%| O|  |TAMS 0x00000000ae800000, 0x00000000ae800000| Untracked 
| 233|0x00000000ae900000, 0x00000000aea00000, 0x00000000aea00000|100%| O|  |TAMS 0x00000000ae900000, 0x00000000ae900000| Untracked 
| 234|0x00000000aea00000, 0x00000000aeb00000, 0x00000000aeb00000|100%| O|  |TAMS 0x00000000aea00000, 0x00000000aea00000| Untracked 
| 235|0x00000000aeb00000, 0x00000000aec00000, 0x00000000aec00000|100%|HS|  |TAMS 0x00000000aeb00000, 0x00000000aeb00000| Complete 
| 236|0x00000000aec00000, 0x00000000aed00000, 0x00000000aed00000|100%|HS|  |TAMS 0x00000000aec00000, 0x00000000aec00000| Complete 
| 237|0x00000000aed00000, 0x00000000aee00000, 0x00000000aee00000|100%|HS|  |TAMS 0x00000000aed00000, 0x00000000aed00000| Complete 
| 238|0x00000000aee00000, 0x00000000aef00000, 0x00000000aef00000|100%| O|  |TAMS 0x00000000aee00000, 0x00000000aee00000| Untracked 
| 239|0x00000000aef00000, 0x00000000af000000, 0x00000000af000000|100%| O|  |TAMS 0x00000000aef00000, 0x00000000aef00000| Untracked 
| 240|0x00000000af000000, 0x00000000af100000, 0x00000000af100000|100%| O|  |TAMS 0x00000000af000000, 0x00000000af000000| Untracked 
| 241|0x00000000af100000, 0x00000000af200000, 0x00000000af200000|100%| O|  |TAMS 0x00000000af100000, 0x00000000af100000| Untracked 
| 242|0x00000000af200000, 0x00000000af300000, 0x00000000af300000|100%| O|  |TAMS 0x00000000af200000, 0x00000000af200000| Untracked 
| 243|0x00000000af300000, 0x00000000af400000, 0x00000000af400000|100%| O|  |TAMS 0x00000000af300000, 0x00000000af300000| Untracked 
| 244|0x00000000af400000, 0x00000000af500000, 0x00000000af500000|100%| O|  |TAMS 0x00000000af400000, 0x00000000af400000| Untracked 
| 245|0x00000000af500000, 0x00000000af600000, 0x00000000af600000|100%| O|  |TAMS 0x00000000af500000, 0x00000000af500000| Untracked 
| 246|0x00000000af600000, 0x00000000af700000, 0x00000000af700000|100%| O|  |TAMS 0x00000000af600000, 0x00000000af600000| Untracked 
| 247|0x00000000af700000, 0x00000000af800000, 0x00000000af800000|100%| O|  |TAMS 0x00000000af700000, 0x00000000af700000| Untracked 
| 248|0x00000000af800000, 0x00000000af900000, 0x00000000af900000|100%| O|  |TAMS 0x00000000af800000, 0x00000000af800000| Untracked 
| 249|0x00000000af900000, 0x00000000af95de00, 0x00000000afa00000| 36%| O|  |TAMS 0x00000000af900000, 0x00000000af900000| Untracked 
| 250|0x00000000afa00000, 0x00000000afb00000, 0x00000000afb00000|100%|HS|  |TAMS 0x00000000afa00000, 0x00000000afa00000| Complete 
| 251|0x00000000afb00000, 0x00000000afc00000, 0x00000000afc00000|100%|HS|  |TAMS 0x00000000afb00000, 0x00000000afb00000| Complete 
| 252|0x00000000afc00000, 0x00000000afc00000, 0x00000000afd00000|  0%| F|  |TAMS 0x00000000afc00000, 0x00000000afc00000| Untracked 
| 253|0x00000000afd00000, 0x00000000afd00000, 0x00000000afe00000|  0%| F|  |TAMS 0x00000000afd00000, 0x00000000afd00000| Untracked 
| 254|0x00000000afe00000, 0x00000000afe00000, 0x00000000aff00000|  0%| F|  |TAMS 0x00000000afe00000, 0x00000000afe00000| Untracked 
| 255|0x00000000aff00000, 0x00000000aff00000, 0x00000000b0000000|  0%| F|  |TAMS 0x00000000aff00000, 0x00000000aff00000| Untracked 
| 256|0x00000000b0000000, 0x00000000b0000000, 0x00000000b0100000|  0%| F|  |TAMS 0x00000000b0000000, 0x00000000b0000000| Untracked 
| 257|0x00000000b0100000, 0x00000000b0100000, 0x00000000b0200000|  0%| F|  |TAMS 0x00000000b0100000, 0x00000000b0100000| Untracked 
| 258|0x00000000b0200000, 0x00000000b0200000, 0x00000000b0300000|  0%| F|  |TAMS 0x00000000b0200000, 0x00000000b0200000| Untracked 
| 259|0x00000000b0300000, 0x00000000b0300000, 0x00000000b0400000|  0%| F|  |TAMS 0x00000000b0300000, 0x00000000b0300000| Untracked 
| 260|0x00000000b0400000, 0x00000000b0400000, 0x00000000b0500000|  0%| F|  |TAMS 0x00000000b0400000, 0x00000000b0400000| Untracked 
| 261|0x00000000b0500000, 0x00000000b0500000, 0x00000000b0600000|  0%| F|  |TAMS 0x00000000b0500000, 0x00000000b0500000| Untracked 
| 262|0x00000000b0600000, 0x00000000b0600000, 0x00000000b0700000|  0%| F|  |TAMS 0x00000000b0600000, 0x00000000b0600000| Untracked 
| 263|0x00000000b0700000, 0x00000000b0700000, 0x00000000b0800000|  0%| F|  |TAMS 0x00000000b0700000, 0x00000000b0700000| Untracked 
| 264|0x00000000b0800000, 0x00000000b0800000, 0x00000000b0900000|  0%| F|  |TAMS 0x00000000b0800000, 0x00000000b0800000| Untracked 
| 265|0x00000000b0900000, 0x00000000b0900000, 0x00000000b0a00000|  0%| F|  |TAMS 0x00000000b0900000, 0x00000000b0900000| Untracked 
| 266|0x00000000b0a00000, 0x00000000b0a00000, 0x00000000b0b00000|  0%| F|  |TAMS 0x00000000b0a00000, 0x00000000b0a00000| Untracked 
| 267|0x00000000b0b00000, 0x00000000b0b00000, 0x00000000b0c00000|  0%| F|  |TAMS 0x00000000b0b00000, 0x00000000b0b00000| Untracked 
| 268|0x00000000b0c00000, 0x00000000b0c00000, 0x00000000b0d00000|  0%| F|  |TAMS 0x00000000b0c00000, 0x00000000b0c00000| Untracked 
| 269|0x00000000b0d00000, 0x00000000b0d00000, 0x00000000b0e00000|  0%| F|  |TAMS 0x00000000b0d00000, 0x00000000b0d00000| Untracked 
| 270|0x00000000b0e00000, 0x00000000b0e00000, 0x00000000b0f00000|  0%| F|  |TAMS 0x00000000b0e00000, 0x00000000b0e00000| Untracked 
| 271|0x00000000b0f00000, 0x00000000b0f00000, 0x00000000b1000000|  0%| F|  |TAMS 0x00000000b0f00000, 0x00000000b0f00000| Untracked 
| 272|0x00000000b1000000, 0x00000000b1000000, 0x00000000b1100000|  0%| F|  |TAMS 0x00000000b1000000, 0x00000000b1000000| Untracked 
| 273|0x00000000b1100000, 0x00000000b1100000, 0x00000000b1200000|  0%| F|  |TAMS 0x00000000b1100000, 0x00000000b1100000| Untracked 
| 274|0x00000000b1200000, 0x00000000b1200000, 0x00000000b1300000|  0%| F|  |TAMS 0x00000000b1200000, 0x00000000b1200000| Untracked 
| 275|0x00000000b1300000, 0x00000000b1300000, 0x00000000b1400000|  0%| F|  |TAMS 0x00000000b1300000, 0x00000000b1300000| Untracked 
| 276|0x00000000b1400000, 0x00000000b1400000, 0x00000000b1500000|  0%| F|  |TAMS 0x00000000b1400000, 0x00000000b1400000| Untracked 
| 277|0x00000000b1500000, 0x00000000b1500000, 0x00000000b1600000|  0%| F|  |TAMS 0x00000000b1500000, 0x00000000b1500000| Untracked 
| 278|0x00000000b1600000, 0x00000000b1600000, 0x00000000b1700000|  0%| F|  |TAMS 0x00000000b1600000, 0x00000000b1600000| Untracked 
| 279|0x00000000b1700000, 0x00000000b1700000, 0x00000000b1800000|  0%| F|  |TAMS 0x00000000b1700000, 0x00000000b1700000| Untracked 
| 280|0x00000000b1800000, 0x00000000b1800000, 0x00000000b1900000|  0%| F|  |TAMS 0x00000000b1800000, 0x00000000b1800000| Untracked 
| 281|0x00000000b1900000, 0x00000000b1900000, 0x00000000b1a00000|  0%| F|  |TAMS 0x00000000b1900000, 0x00000000b1900000| Untracked 
| 282|0x00000000b1a00000, 0x00000000b1a00000, 0x00000000b1b00000|  0%| F|  |TAMS 0x00000000b1a00000, 0x00000000b1a00000| Untracked 
| 283|0x00000000b1b00000, 0x00000000b1b00000, 0x00000000b1c00000|  0%| F|  |TAMS 0x00000000b1b00000, 0x00000000b1b00000| Untracked 
| 284|0x00000000b1c00000, 0x00000000b1c00000, 0x00000000b1d00000|  0%| F|  |TAMS 0x00000000b1c00000, 0x00000000b1c00000| Untracked 
| 285|0x00000000b1d00000, 0x00000000b1d00000, 0x00000000b1e00000|  0%| F|  |TAMS 0x00000000b1d00000, 0x00000000b1d00000| Untracked 
| 286|0x00000000b1e00000, 0x00000000b1e00000, 0x00000000b1f00000|  0%| F|  |TAMS 0x00000000b1e00000, 0x00000000b1e00000| Untracked 
| 287|0x00000000b1f00000, 0x00000000b1f00000, 0x00000000b2000000|  0%| F|  |TAMS 0x00000000b1f00000, 0x00000000b1f00000| Untracked 
| 288|0x00000000b2000000, 0x00000000b2000000, 0x00000000b2100000|  0%| F|  |TAMS 0x00000000b2000000, 0x00000000b2000000| Untracked 
| 289|0x00000000b2100000, 0x00000000b2100000, 0x00000000b2200000|  0%| F|  |TAMS 0x00000000b2100000, 0x00000000b2100000| Untracked 
| 290|0x00000000b2200000, 0x00000000b2200000, 0x00000000b2300000|  0%| F|  |TAMS 0x00000000b2200000, 0x00000000b2200000| Untracked 
| 291|0x00000000b2300000, 0x00000000b2300000, 0x00000000b2400000|  0%| F|  |TAMS 0x00000000b2300000, 0x00000000b2300000| Untracked 
| 292|0x00000000b2400000, 0x00000000b2400000, 0x00000000b2500000|  0%| F|  |TAMS 0x00000000b2400000, 0x00000000b2400000| Untracked 
| 293|0x00000000b2500000, 0x00000000b2500000, 0x00000000b2600000|  0%| F|  |TAMS 0x00000000b2500000, 0x00000000b2500000| Untracked 
| 294|0x00000000b2600000, 0x00000000b2600000, 0x00000000b2700000|  0%| F|  |TAMS 0x00000000b2600000, 0x00000000b2600000| Untracked 
| 295|0x00000000b2700000, 0x00000000b2800000, 0x00000000b2800000|100%| S|CS|TAMS 0x00000000b2700000, 0x00000000b2700000| Complete 
| 296|0x00000000b2800000, 0x00000000b2900000, 0x00000000b2900000|100%| S|CS|TAMS 0x00000000b2800000, 0x00000000b2800000| Complete 
| 297|0x00000000b2900000, 0x00000000b2a00000, 0x00000000b2a00000|100%| S|CS|TAMS 0x00000000b2900000, 0x00000000b2900000| Complete 
| 298|0x00000000b2a00000, 0x00000000b2b00000, 0x00000000b2b00000|100%| S|CS|TAMS 0x00000000b2a00000, 0x00000000b2a00000| Complete 
| 299|0x00000000b2b00000, 0x00000000b2b00000, 0x00000000b2c00000|  0%| F|  |TAMS 0x00000000b2b00000, 0x00000000b2b00000| Untracked 
| 300|0x00000000b2c00000, 0x00000000b2c00000, 0x00000000b2d00000|  0%| F|  |TAMS 0x00000000b2c00000, 0x00000000b2c00000| Untracked 
| 301|0x00000000b2d00000, 0x00000000b2d00000, 0x00000000b2e00000|  0%| F|  |TAMS 0x00000000b2d00000, 0x00000000b2d00000| Untracked 
| 302|0x00000000b2e00000, 0x00000000b2e00000, 0x00000000b2f00000|  0%| F|  |TAMS 0x00000000b2e00000, 0x00000000b2e00000| Untracked 
| 303|0x00000000b2f00000, 0x00000000b2f00000, 0x00000000b3000000|  0%| F|  |TAMS 0x00000000b2f00000, 0x00000000b2f00000| Untracked 
| 304|0x00000000b3000000, 0x00000000b3000000, 0x00000000b3100000|  0%| F|  |TAMS 0x00000000b3000000, 0x00000000b3000000| Untracked 
| 305|0x00000000b3100000, 0x00000000b3100000, 0x00000000b3200000|  0%| F|  |TAMS 0x00000000b3100000, 0x00000000b3100000| Untracked 
| 306|0x00000000b3200000, 0x00000000b3200000, 0x00000000b3300000|  0%| F|  |TAMS 0x00000000b3200000, 0x00000000b3200000| Untracked 
| 307|0x00000000b3300000, 0x00000000b3300000, 0x00000000b3400000|  0%| F|  |TAMS 0x00000000b3300000, 0x00000000b3300000| Untracked 
| 308|0x00000000b3400000, 0x00000000b3460e20, 0x00000000b3500000| 37%| E|  |TAMS 0x00000000b3400000, 0x00000000b3400000| Complete 
| 309|0x00000000b3500000, 0x00000000b3600000, 0x00000000b3600000|100%| E|  |TAMS 0x00000000b3500000, 0x00000000b3500000| Complete 
| 310|0x00000000b3600000, 0x00000000b3700000, 0x00000000b3700000|100%| E|CS|TAMS 0x00000000b3600000, 0x00000000b3600000| Complete 
| 311|0x00000000b3700000, 0x00000000b3800000, 0x00000000b3800000|100%| E|CS|TAMS 0x00000000b3700000, 0x00000000b3700000| Complete 
| 312|0x00000000b3800000, 0x00000000b3900000, 0x00000000b3900000|100%| E|CS|TAMS 0x00000000b3800000, 0x00000000b3800000| Complete 
| 313|0x00000000b3900000, 0x00000000b3a00000, 0x00000000b3a00000|100%| E|CS|TAMS 0x00000000b3900000, 0x00000000b3900000| Complete 
| 314|0x00000000b3a00000, 0x00000000b3b00000, 0x00000000b3b00000|100%| E|CS|TAMS 0x00000000b3a00000, 0x00000000b3a00000| Complete 
| 315|0x00000000b3b00000, 0x00000000b3c00000, 0x00000000b3c00000|100%| E|CS|TAMS 0x00000000b3b00000, 0x00000000b3b00000| Complete 
| 316|0x00000000b3c00000, 0x00000000b3d00000, 0x00000000b3d00000|100%| E|CS|TAMS 0x00000000b3c00000, 0x00000000b3c00000| Complete 
| 317|0x00000000b3d00000, 0x00000000b3e00000, 0x00000000b3e00000|100%| E|CS|TAMS 0x00000000b3d00000, 0x00000000b3d00000| Complete 
| 318|0x00000000b3e00000, 0x00000000b3f00000, 0x00000000b3f00000|100%| E|CS|TAMS 0x00000000b3e00000, 0x00000000b3e00000| Complete 
| 319|0x00000000b3f00000, 0x00000000b4000000, 0x00000000b4000000|100%| E|CS|TAMS 0x00000000b3f00000, 0x00000000b3f00000| Complete 
| 320|0x00000000b4000000, 0x00000000b4100000, 0x00000000b4100000|100%| E|CS|TAMS 0x00000000b4000000, 0x00000000b4000000| Complete 
| 321|0x00000000b4100000, 0x00000000b4200000, 0x00000000b4200000|100%| E|CS|TAMS 0x00000000b4100000, 0x00000000b4100000| Complete 
| 322|0x00000000b4200000, 0x00000000b4300000, 0x00000000b4300000|100%| E|CS|TAMS 0x00000000b4200000, 0x00000000b4200000| Complete 
| 323|0x00000000b4300000, 0x00000000b4400000, 0x00000000b4400000|100%| E|CS|TAMS 0x00000000b4300000, 0x00000000b4300000| Complete 
| 324|0x00000000b4400000, 0x00000000b4500000, 0x00000000b4500000|100%| E|CS|TAMS 0x00000000b4400000, 0x00000000b4400000| Complete 
| 325|0x00000000b4500000, 0x00000000b4600000, 0x00000000b4600000|100%| E|CS|TAMS 0x00000000b4500000, 0x00000000b4500000| Complete 
| 326|0x00000000b4600000, 0x00000000b4700000, 0x00000000b4700000|100%| E|CS|TAMS 0x00000000b4600000, 0x00000000b4600000| Complete 
| 327|0x00000000b4700000, 0x00000000b4800000, 0x00000000b4800000|100%| E|CS|TAMS 0x00000000b4700000, 0x00000000b4700000| Complete 
| 328|0x00000000b4800000, 0x00000000b4900000, 0x00000000b4900000|100%| E|CS|TAMS 0x00000000b4800000, 0x00000000b4800000| Complete 
| 329|0x00000000b4900000, 0x00000000b4a00000, 0x00000000b4a00000|100%| E|CS|TAMS 0x00000000b4900000, 0x00000000b4900000| Complete 
| 330|0x00000000b4a00000, 0x00000000b4b00000, 0x00000000b4b00000|100%| E|CS|TAMS 0x00000000b4a00000, 0x00000000b4a00000| Complete 
| 331|0x00000000b4b00000, 0x00000000b4c00000, 0x00000000b4c00000|100%| E|CS|TAMS 0x00000000b4b00000, 0x00000000b4b00000| Complete 
| 332|0x00000000b4c00000, 0x00000000b4d00000, 0x00000000b4d00000|100%| E|CS|TAMS 0x00000000b4c00000, 0x00000000b4c00000| Complete 
| 333|0x00000000b4d00000, 0x00000000b4e00000, 0x00000000b4e00000|100%| E|CS|TAMS 0x00000000b4d00000, 0x00000000b4d00000| Complete 
| 334|0x00000000b4e00000, 0x00000000b4f00000, 0x00000000b4f00000|100%| E|CS|TAMS 0x00000000b4e00000, 0x00000000b4e00000| Complete 
| 335|0x00000000b4f00000, 0x00000000b5000000, 0x00000000b5000000|100%| E|CS|TAMS 0x00000000b4f00000, 0x00000000b4f00000| Complete 
| 336|0x00000000b5000000, 0x00000000b5100000, 0x00000000b5100000|100%| E|CS|TAMS 0x00000000b5000000, 0x00000000b5000000| Complete 
| 337|0x00000000b5100000, 0x00000000b5200000, 0x00000000b5200000|100%| E|CS|TAMS 0x00000000b5100000, 0x00000000b5100000| Complete 
| 338|0x00000000b5200000, 0x00000000b5300000, 0x00000000b5300000|100%| E|CS|TAMS 0x00000000b5200000, 0x00000000b5200000| Complete 
| 339|0x00000000b5300000, 0x00000000b5400000, 0x00000000b5400000|100%| E|CS|TAMS 0x00000000b5300000, 0x00000000b5300000| Complete 
| 340|0x00000000b5400000, 0x00000000b5500000, 0x00000000b5500000|100%| E|CS|TAMS 0x00000000b5400000, 0x00000000b5400000| Complete 
| 341|0x00000000b5500000, 0x00000000b5600000, 0x00000000b5600000|100%| E|CS|TAMS 0x00000000b5500000, 0x00000000b5500000| Complete 
| 342|0x00000000b5600000, 0x00000000b5700000, 0x00000000b5700000|100%| E|CS|TAMS 0x00000000b5600000, 0x00000000b5600000| Complete 
| 343|0x00000000b5700000, 0x00000000b5800000, 0x00000000b5800000|100%| E|CS|TAMS 0x00000000b5700000, 0x00000000b5700000| Complete 

Card table byte_map: [0x0000021a18db0000,0x0000021a190b0000] _byte_map_base: 0x0000021a188b0000

Marking Bits (Prev, Next): (CMBitMap*) 0x0000021a004bcfd0, (CMBitMap*) 0x0000021a004bd010
 Prev Bits: [0x0000021a193b0000, 0x0000021a1abb0000)
 Next Bits: [0x0000021a1abb0000, 0x0000021a1c3b0000)

Polling page: 0x0000021a006e0000

Metaspace:

Usage:
  Non-class:     90.44 MB used.
      Class:     14.79 MB used.
       Both:    105.22 MB used.

Virtual space:
  Non-class space:      128.00 MB reserved,      91.38 MB ( 71%) committed,  2 nodes.
      Class space:      416.00 MB reserved,      15.56 MB (  4%) committed,  1 nodes.
             Both:      544.00 MB reserved,     106.94 MB ( 20%) committed. 

Chunk freelists:
   Non-Class:  3.86 MB
       Class:  392.00 KB
        Both:  4.24 MB

MaxMetaspaceSize: 512.00 MB
CompressedClassSpaceSize: 416.00 MB
Initial GC threshold: 21.00 MB
Current GC threshold: 165.25 MB
CDS: on
MetaspaceReclaimPolicy: balanced
 - commit_granule_bytes: 65536.
 - commit_granule_words: 8192.
 - virtual_space_node_default_size: 8388608.
 - enlarge_chunks_in_place: 1.
 - new_chunks_are_fully_committed: 0.
 - uncommit_free_chunks: 1.
 - use_allocation_guard: 0.
 - handle_deallocations: 1.


Internal statistics:

num_allocs_failed_limit: 9.
num_arena_births: 2552.
num_arena_deaths: 0.
num_vsnodes_births: 3.
num_vsnodes_deaths: 0.
num_space_committed: 1711.
num_space_uncommitted: 0.
num_chunks_returned_to_freelist: 9.
num_chunks_taken_from_freelist: 7788.
num_chunk_merges: 9.
num_chunk_splits: 4894.
num_chunks_enlarged: 2870.
num_inconsistent_stats: 0.

CodeHeap 'non-profiled nmethods': size=120064Kb used=11167Kb max_used=11167Kb free=108896Kb
 bounds [0x0000021a11160000, 0x0000021a11c50000, 0x0000021a186a0000]
CodeHeap 'profiled nmethods': size=120000Kb used=27153Kb max_used=28532Kb free=92846Kb
 bounds [0x0000021a096a0000, 0x0000021a0b2a0000, 0x0000021a10bd0000]
CodeHeap 'non-nmethods': size=5696Kb used=1766Kb max_used=1816Kb free=3929Kb
 bounds [0x0000021a10bd0000, 0x0000021a10e40000, 0x0000021a11160000]
 total_blobs=14636 nmethods=13760 adapters=788
 compilation: enabled
              stopped_count=0, restarted_count=0
 full_count=0

Compilation events (20 events):
Event: 225.851 Thread 0x0000021a006de8c0 nmethod 16813 0x0000021a11c44690 code [0x0000021a11c44840, 0x0000021a11c44eb8]
Event: 225.868 Thread 0x0000021a006de8c0 16819       4       org.gradle.internal.Describables$FixedDescribable::equals (41 bytes)
Event: 225.870 Thread 0x0000021a006de8c0 nmethod 16819 0x0000021a11c45210 code [0x0000021a11c453a0, 0x0000021a11c45498]
Event: 225.874 Thread 0x0000021a006de8c0 16820       4       com.google.common.collect.Sets::union (24 bytes)
Event: 225.876 Thread 0x0000021a006de8c0 nmethod 16820 0x0000021a11c45590 code [0x0000021a11c45720, 0x0000021a11c45818]
Event: 225.928 Thread 0x0000021a006de8c0 16821 %     4       com.google.common.collect.ObjectArrays::checkElementsNotNull @ 2 (23 bytes)
Event: 225.932 Thread 0x0000021a006de8c0 nmethod 16821% 0x0000021a11c45910 code [0x0000021a11c45aa0, 0x0000021a11c45c78]
Event: 225.932 Thread 0x0000021a1e7d2200 16822       3       org.gradle.api.internal.artifacts.ivyservice.resolveengine.graph.builder.EdgeState::detachFromTargetNodes (64 bytes)
Event: 225.933 Thread 0x0000021a1e7d2200 nmethod 16822 0x0000021a0a079610 code [0x0000021a0a079820, 0x0000021a0a079ff8]
Event: 225.942 Thread 0x0000021a006de8c0 16823       4       org.gradle.internal.component.model.DefaultExternalModuleComponentGraphResolveState$DefaultConfigurationGraphResolveState::getMetadata (5 bytes)
Event: 225.942 Thread 0x0000021a006de8c0 nmethod 16823 0x0000021a11c45d90 code [0x0000021a11c45f00, 0x0000021a11c45f78]
Event: 225.967 Thread 0x0000021a006de8c0 16824       4       org.gradle.api.internal.artifacts.ivyservice.resolveengine.artifact.DependencyArtifactsVisitor::visitNode (1 bytes)
Event: 225.968 Thread 0x0000021a006de8c0 nmethod 16824 0x0000021a11c46090 code [0x0000021a11c46200, 0x0000021a11c46278]
Event: 225.973 Thread 0x0000021a006de8c0 16825   !   4       org.gradle.api.internal.artifacts.ivyservice.resolveengine.store.DefaultBinaryStore::write (127 bytes)
Event: 225.975 Thread 0x0000021a006de8c0 nmethod 16825 0x0000021a11c46390 code [0x0000021a11c46520, 0x0000021a11c46688]
Event: 225.981 Thread 0x0000021a006de8c0 16826       4       org.gradle.api.internal.attributes.DefaultAttributesFactory::concat (15 bytes)
Event: 225.984 Thread 0x0000021a1e7d2200 16827       3       org.gradle.api.internal.artifacts.ivyservice.resolveengine.artifact.CompositeResolvedArtifactSet::of (101 bytes)
Event: 225.985 Thread 0x0000021a1e7d2200 nmethod 16827 0x0000021a0a6c7e90 code [0x0000021a0a6c8160, 0x0000021a0a6c94c8]
Event: 226.000 Thread 0x0000021a006de8c0 nmethod 16826 0x0000021a11c46810 code [0x0000021a11c46a80, 0x0000021a11c474f8]
Event: 226.000 Thread 0x0000021a006de8c0 16828   !   4       org.gradle.api.internal.artifacts.ivyservice.resolveengine.artifact.VariantResolvingArtifactSet::select (178 bytes)

GC Heap History (20 events):
Event: 205.368 GC heap before
{Heap before GC invocations=106 (full 0):
 garbage-first heap   total 301056K, used 258718K [0x00000000a0000000, 0x0000000100000000)
  region size 1024K, 33 young (33792K), 3 survivors (3072K)
 Metaspace       used 106983K, committed 108544K, reserved 557056K
  class space    used 15013K, committed 15744K, reserved 425984K
}
Event: 205.379 GC heap after
{Heap after GC invocations=107 (full 0):
 garbage-first heap   total 301056K, used 228583K [0x00000000a0000000, 0x0000000100000000)
  region size 1024K, 3 young (3072K), 3 survivors (3072K)
 Metaspace       used 106983K, committed 108544K, reserved 557056K
  class space    used 15013K, committed 15744K, reserved 425984K
}
Event: 206.493 GC heap before
{Heap before GC invocations=107 (full 0):
 garbage-first heap   total 301056K, used 261351K [0x00000000a0000000, 0x0000000100000000)
  region size 1024K, 33 young (33792K), 3 survivors (3072K)
 Metaspace       used 107112K, committed 108736K, reserved 557056K
  class space    used 15032K, committed 15808K, reserved 425984K
}
Event: 206.547 GC heap after
{Heap after GC invocations=108 (full 0):
 garbage-first heap   total 301056K, used 236872K [0x00000000a0000000, 0x0000000100000000)
  region size 1024K, 5 young (5120K), 5 survivors (5120K)
 Metaspace       used 107112K, committed 108736K, reserved 557056K
  class space    used 15032K, committed 15808K, reserved 425984K
}
Event: 208.816 GC heap before
{Heap before GC invocations=108 (full 0):
 garbage-first heap   total 301056K, used 257352K [0x00000000a0000000, 0x0000000100000000)
  region size 1024K, 25 young (25600K), 5 survivors (5120K)
 Metaspace       used 107344K, committed 109056K, reserved 557056K
  class space    used 15083K, committed 15872K, reserved 425984K
}
Event: 208.842 GC heap after
{Heap after GC invocations=109 (full 0):
 garbage-first heap   total 301056K, used 240480K [0x00000000a0000000, 0x0000000100000000)
  region size 1024K, 4 young (4096K), 4 survivors (4096K)
 Metaspace       used 107344K, committed 109056K, reserved 557056K
  class space    used 15083K, committed 15872K, reserved 425984K
}
Event: 209.509 GC heap before
{Heap before GC invocations=109 (full 0):
 garbage-first heap   total 301056K, used 257888K [0x00000000a0000000, 0x0000000100000000)
  region size 1024K, 21 young (21504K), 4 survivors (4096K)
 Metaspace       used 107344K, committed 109056K, reserved 557056K
  class space    used 15083K, committed 15872K, reserved 425984K
}
Event: 209.531 GC heap after
{Heap after GC invocations=110 (full 0):
 garbage-first heap   total 301056K, used 242948K [0x00000000a0000000, 0x0000000100000000)
  region size 1024K, 3 young (3072K), 3 survivors (3072K)
 Metaspace       used 107344K, committed 109056K, reserved 557056K
  class space    used 15083K, committed 15872K, reserved 425984K
}
Event: 209.846 GC heap before
{Heap before GC invocations=110 (full 0):
 garbage-first heap   total 301056K, used 258308K [0x00000000a0000000, 0x0000000100000000)
  region size 1024K, 19 young (19456K), 3 survivors (3072K)
 Metaspace       used 107346K, committed 109056K, reserved 557056K
  class space    used 15083K, committed 15872K, reserved 425984K
}
Event: 209.860 GC heap after
{Heap after GC invocations=111 (full 0):
 garbage-first heap   total 352256K, used 243114K [0x00000000a0000000, 0x0000000100000000)
  region size 1024K, 3 young (3072K), 3 survivors (3072K)
 Metaspace       used 107346K, committed 109056K, reserved 557056K
  class space    used 15083K, committed 15872K, reserved 425984K
}
Event: 213.315 GC heap before
{Heap before GC invocations=111 (full 0):
 garbage-first heap   total 352256K, used 297386K [0x00000000a0000000, 0x0000000100000000)
  region size 1024K, 57 young (58368K), 3 survivors (3072K)
 Metaspace       used 107346K, committed 109056K, reserved 557056K
  class space    used 15083K, committed 15872K, reserved 425984K
}
Event: 213.342 GC heap after
{Heap after GC invocations=112 (full 0):
 garbage-first heap   total 352256K, used 244071K [0x00000000a0000000, 0x0000000100000000)
  region size 1024K, 4 young (4096K), 4 survivors (4096K)
 Metaspace       used 107346K, committed 109056K, reserved 557056K
  class space    used 15083K, committed 15872K, reserved 425984K
}
Event: 215.748 GC heap before
{Heap before GC invocations=112 (full 0):
 garbage-first heap   total 352256K, used 299367K [0x00000000a0000000, 0x0000000100000000)
  region size 1024K, 59 young (60416K), 4 survivors (4096K)
 Metaspace       used 107346K, committed 109056K, reserved 557056K
  class space    used 15083K, committed 15872K, reserved 425984K
}
Event: 215.763 GC heap after
{Heap after GC invocations=113 (full 0):
 garbage-first heap   total 352256K, used 245227K [0x00000000a0000000, 0x0000000100000000)
  region size 1024K, 5 young (5120K), 5 survivors (5120K)
 Metaspace       used 107346K, committed 109056K, reserved 557056K
  class space    used 15083K, committed 15872K, reserved 425984K
}
Event: 220.460 GC heap before
{Heap before GC invocations=113 (full 0):
 garbage-first heap   total 352256K, used 305643K [0x00000000a0000000, 0x0000000100000000)
  region size 1024K, 61 young (62464K), 5 survivors (5120K)
 Metaspace       used 107648K, committed 109376K, reserved 557056K
  class space    used 15125K, committed 15936K, reserved 425984K
}
Event: 220.528 GC heap after
{Heap after GC invocations=114 (full 0):
 garbage-first heap   total 352256K, used 256889K [0x00000000a0000000, 0x0000000100000000)
  region size 1024K, 8 young (8192K), 8 survivors (8192K)
 Metaspace       used 107648K, committed 109376K, reserved 557056K
  class space    used 15125K, committed 15936K, reserved 425984K
}
Event: 221.976 GC heap before
{Heap before GC invocations=114 (full 0):
 garbage-first heap   total 352256K, used 299897K [0x00000000a0000000, 0x0000000100000000)
  region size 1024K, 50 young (51200K), 8 survivors (8192K)
 Metaspace       used 107648K, committed 109376K, reserved 557056K
  class space    used 15125K, committed 15936K, reserved 425984K
}
Event: 222.018 GC heap after
{Heap after GC invocations=115 (full 0):
 garbage-first heap   total 352256K, used 258423K [0x00000000a0000000, 0x0000000100000000)
  region size 1024K, 3 young (3072K), 3 survivors (3072K)
 Metaspace       used 107648K, committed 109376K, reserved 557056K
  class space    used 15125K, committed 15936K, reserved 425984K
}
Event: 223.651 GC heap before
{Heap before GC invocations=115 (full 0):
 garbage-first heap   total 352256K, used 301431K [0x00000000a0000000, 0x0000000100000000)
  region size 1024K, 45 young (46080K), 3 survivors (3072K)
 Metaspace       used 107648K, committed 109376K, reserved 557056K
  class space    used 15125K, committed 15936K, reserved 425984K
}
Event: 223.665 GC heap after
{Heap after GC invocations=116 (full 0):
 garbage-first heap   total 352256K, used 259447K [0x00000000a0000000, 0x0000000100000000)
  region size 1024K, 4 young (4096K), 4 survivors (4096K)
 Metaspace       used 107648K, committed 109376K, reserved 557056K
  class space    used 15125K, committed 15936K, reserved 425984K
}

Deoptimization events (20 events):
Event: 216.569 Thread 0x0000021a3e1e6060 DEOPT PACKING pc=0x0000021a11305564 sp=0x00000028e7bf6540
Event: 216.570 Thread 0x0000021a3e1e6060 DEOPT UNPACKING pc=0x0000021a10c2239d sp=0x00000028e7bf64c8 mode 2
Event: 218.340 Thread 0x0000021a3e1e6060 DEOPT PACKING pc=0x0000021a0adc0fc9 sp=0x00000028e7bf9110
Event: 218.341 Thread 0x0000021a3e1e6060 DEOPT UNPACKING pc=0x0000021a10c22b24 sp=0x00000028e7bf85b0 mode 0
Event: 225.278 Thread 0x0000021a3e1e6060 Uncommon trap: trap_request=0xffffff45 fr.pc=0x0000021a119a1974 relative=0x0000000000000234
Event: 225.278 Thread 0x0000021a3e1e6060 Uncommon trap: reason=unstable_if action=reinterpret pc=0x0000021a119a1974 method=java.lang.String.encodeUTF8(B[BZ)[B @ 2 c2
Event: 225.278 Thread 0x0000021a3e1e6060 DEOPT PACKING pc=0x0000021a119a1974 sp=0x00000028e7bf9fa0
Event: 225.279 Thread 0x0000021a3e1e6060 DEOPT UNPACKING pc=0x0000021a10c2239d sp=0x00000028e7bf9eb0 mode 2
Event: 225.504 Thread 0x0000021a3e1e6060 Uncommon trap: trap_request=0xffffff45 fr.pc=0x0000021a11be7a70 relative=0x0000000000003f30
Event: 225.504 Thread 0x0000021a3e1e6060 Uncommon trap: reason=unstable_if action=reinterpret pc=0x0000021a11be7a70 method=org.gradle.api.internal.artifacts.ModuleComponentSelectorSerializer.readCapabilitySelectors(Lorg/gradle/internal/serialize/Decoder;)Lcom/google/common/collect/ImmutableSet; 
Event: 225.504 Thread 0x0000021a3e1e6060 DEOPT PACKING pc=0x0000021a11be7a70 sp=0x00000028e7bf81e0
Event: 225.504 Thread 0x0000021a3e1e6060 DEOPT UNPACKING pc=0x0000021a10c2239d sp=0x00000028e7bf8158 mode 2
Event: 225.505 Thread 0x0000021a3e1e6060 Uncommon trap: trap_request=0xffffff45 fr.pc=0x0000021a11a53108 relative=0x0000000000000dc8
Event: 225.505 Thread 0x0000021a3e1e6060 Uncommon trap: reason=unstable_if action=reinterpret pc=0x0000021a11a53108 method=org.gradle.internal.component.external.model.DefaultImmutableCapability.safeHash(Ljava/lang/String;)I @ 1 c2
Event: 225.505 Thread 0x0000021a3e1e6060 DEOPT PACKING pc=0x0000021a11a53108 sp=0x00000028e7bf7fe0
Event: 225.505 Thread 0x0000021a3e1e6060 DEOPT UNPACKING pc=0x0000021a10c2239d sp=0x00000028e7bf7ee8 mode 2
Event: 225.505 Thread 0x0000021a3e1e6060 Uncommon trap: trap_request=0xffffff45 fr.pc=0x0000021a11bebfc4 relative=0x00000000000000e4
Event: 225.505 Thread 0x0000021a3e1e6060 Uncommon trap: reason=unstable_if action=reinterpret pc=0x0000021a11bebfc4 method=org.gradle.api.internal.artifacts.ModuleComponentSelectorSerializer.readCapabilitySelectors(Lorg/gradle/internal/serialize/Decoder;)Lcom/google/common/collect/ImmutableSet; 
Event: 225.505 Thread 0x0000021a3e1e6060 DEOPT PACKING pc=0x0000021a11bebfc4 sp=0x00000028e7bf81b0
Event: 225.505 Thread 0x0000021a3e1e6060 DEOPT UNPACKING pc=0x0000021a10c2239d sp=0x00000028e7bf8148 mode 2

Classes unloaded (0 events):
No events

Classes redefined (0 events):
No events

Internal exceptions (20 events):
Event: 216.574 Thread 0x0000021a3e1e6060 Exception <a 'java/lang/ClassNotFoundException'{0x00000000b4756270}: org/gradle/api/internal/plugins/DefaultPluginContainerCustomizer> (0x00000000b4756270) 
thrown [s\open\src\hotspot\share\classfile\systemDictionary.cpp, line 256]
Event: 217.263 Thread 0x0000021a3e1e6060 Exception <a 'java/lang/ClassNotFoundException'{0x00000000b448d500}: org/gradle/api/internal/artifacts/dsl/dependencies/DefaultDependencyConstraintHandler_DecoratedBeanInfo> (0x00000000b448d500) 
thrown [s\open\src\hotspot\share\classfile\systemDictionary.cpp, line 256]
Event: 217.319 Thread 0x0000021a3e1e6060 Exception <a 'java/lang/ClassNotFoundException'{0x00000000b44ac7d0}: org/gradle/api/internal/artifacts/dsl/dependencies/DefaultDependencyConstraintHandlerBeanInfo> (0x00000000b44ac7d0) 
thrown [s\open\src\hotspot\share\classfile\systemDictionary.cpp, line 256]
Event: 217.351 Thread 0x0000021a3e1e6060 Exception <a 'java/lang/ClassNotFoundException'{0x00000000b44cbe60}: org/gradle/api/internal/artifacts/dsl/dependencies/DefaultDependencyConstraintHandlerCustomizer> (0x00000000b44cbe60) 
thrown [s\open\src\hotspot\share\classfile\systemDictionary.cpp, line 256]
Event: 217.403 Thread 0x0000021a3e1e6060 Exception <a 'java/lang/ClassNotFoundException'{0x00000000b4314068}: org/gradle/api/internal/artifacts/dsl/dependencies/DefaultDependencyConstraintHandler_DecoratedCustomizer> (0x00000000b4314068) 
thrown [s\open\src\hotspot\share\classfile\systemDictionary.cpp, line 256]
Event: 217.423 Thread 0x0000021a3e1e6060 Exception <a 'java/lang/ClassNotFoundException'{0x00000000b4381700}: org/gradle/api/internal/artifacts/dependencies/DefaultDependencyConstraint_DecoratedBeanInfo> (0x00000000b4381700) 
thrown [s\open\src\hotspot\share\classfile\systemDictionary.cpp, line 256]
Event: 217.428 Thread 0x0000021a3e1e6060 Exception <a 'java/lang/ClassNotFoundException'{0x00000000b43a2a90}: org/gradle/api/internal/artifacts/dependencies/DefaultDependencyConstraintBeanInfo> (0x00000000b43a2a90) 
thrown [s\open\src\hotspot\share\classfile\systemDictionary.cpp, line 256]
Event: 217.430 Thread 0x0000021a3e1e6060 Exception <a 'java/lang/ClassNotFoundException'{0x00000000b43c3e58}: org/gradle/api/internal/artifacts/dependencies/AbstractDependencyConstraintBeanInfo> (0x00000000b43c3e58) 
thrown [s\open\src\hotspot\share\classfile\systemDictionary.cpp, line 256]
Event: 217.433 Thread 0x0000021a3e1e6060 Exception <a 'java/lang/ClassNotFoundException'{0x00000000b43e51f0}: org/gradle/api/internal/artifacts/dependencies/AbstractDependencyConstraintCustomizer> (0x00000000b43e51f0) 
thrown [s\open\src\hotspot\share\classfile\systemDictionary.cpp, line 256]
Event: 217.436 Thread 0x0000021a3e1e6060 Exception <a 'java/lang/ClassNotFoundException'{0x00000000b420a298}: org/gradle/api/internal/artifacts/dependencies/DefaultDependencyConstraintCustomizer> (0x00000000b420a298) 
thrown [s\open\src\hotspot\share\classfile\systemDictionary.cpp, line 256]
Event: 217.441 Thread 0x0000021a3e1e6060 Exception <a 'java/lang/ClassNotFoundException'{0x00000000b423c8d8}: org/gradle/api/internal/artifacts/dependencies/DefaultDependencyConstraint_DecoratedCustomizer> (0x00000000b423c8d8) 
thrown [s\open\src\hotspot\share\classfile\systemDictionary.cpp, line 256]
Event: 218.342 Thread 0x0000021a3e1e6060 Exception <a 'java/lang/ClassNotFoundException'{0x00000000b3437f10}: build_4ma83exs6f5v9wvd1emvuprdlBeanInfo> (0x00000000b3437f10) 
thrown [s\open\src\hotspot\share\classfile\systemDictionary.cpp, line 256]
Event: 218.342 Thread 0x0000021a3e1e6060 Exception <a 'java/lang/ClassNotFoundException'{0x00000000b343f630}: build_4ma83exs6f5v9wvd1emvuprdlCustomizer> (0x00000000b343f630) 
thrown [s\open\src\hotspot\share\classfile\systemDictionary.cpp, line 256]
Event: 224.496 Thread 0x0000021a3e1e6060 Exception <a 'java/lang/ClassNotFoundException'{0x00000000b4a40920}: build_4ma83exs6f5v9wvd1emvuprdlBeanInfo> (0x00000000b4a40920) 
thrown [s\open\src\hotspot\share\classfile\systemDictionary.cpp, line 256]
Event: 224.496 Thread 0x0000021a3e1e6060 Exception <a 'java/lang/ClassNotFoundException'{0x00000000b4a47fa8}: build_4ma83exs6f5v9wvd1emvuprdlCustomizer> (0x00000000b4a47fa8) 
thrown [s\open\src\hotspot\share\classfile\systemDictionary.cpp, line 256]
Event: 225.100 Thread 0x0000021a3e1e6060 Exception <a 'java/lang/ClassNotFoundException'{0x00000000b44e8bc0}: build_4ma83exs6f5v9wvd1emvuprdl$_run_closure1BeanInfo> (0x00000000b44e8bc0) 
thrown [s\open\src\hotspot\share\classfile\systemDictionary.cpp, line 256]
Event: 225.102 Thread 0x0000021a3e1e6060 Exception <a 'java/lang/ClassNotFoundException'{0x00000000b44f69c8}: build_4ma83exs6f5v9wvd1emvuprdl$_run_closure1Customizer> (0x00000000b44f69c8) 
thrown [s\open\src\hotspot\share\classfile\systemDictionary.cpp, line 256]
Event: 225.308 Thread 0x0000021a3e1e6060 Exception <a 'java/lang/ClassNotFoundException'{0x00000000b3f92f90}: build_dau9rkbls2tli4s9aymfhjebkBeanInfo> (0x00000000b3f92f90) 
thrown [s\open\src\hotspot\share\classfile\systemDictionary.cpp, line 256]
Event: 225.309 Thread 0x0000021a3e1e6060 Exception <a 'java/lang/ClassNotFoundException'{0x00000000b3f9a6b0}: build_dau9rkbls2tli4s9aymfhjebkCustomizer> (0x00000000b3f9a6b0) 
thrown [s\open\src\hotspot\share\classfile\systemDictionary.cpp, line 256]
Event: 225.505 Thread 0x0000021a3e1e6060 Implicit null exception at 0x0000021a11a52471 to 0x0000021a11a530ec

VM Operations (20 events):
Event: 218.865 Executing VM operation: Cleanup
Event: 218.865 Executing VM operation: Cleanup done
Event: 219.872 Executing VM operation: Cleanup
Event: 219.872 Executing VM operation: Cleanup done
Event: 220.459 Executing VM operation: G1CollectForAllocation
Event: 220.529 Executing VM operation: G1CollectForAllocation done
Event: 221.544 Executing VM operation: Cleanup
Event: 221.544 Executing VM operation: Cleanup done
Event: 221.975 Executing VM operation: G1CollectForAllocation
Event: 222.018 Executing VM operation: G1CollectForAllocation done
Event: 223.025 Executing VM operation: Cleanup
Event: 223.025 Executing VM operation: Cleanup done
Event: 223.426 Executing VM operation: HandshakeAllThreads
Event: 223.426 Executing VM operation: HandshakeAllThreads done
Event: 223.651 Executing VM operation: G1CollectForAllocation
Event: 223.665 Executing VM operation: G1CollectForAllocation done
Event: 224.667 Executing VM operation: Cleanup
Event: 224.667 Executing VM operation: Cleanup done
Event: 225.669 Executing VM operation: Cleanup
Event: 225.669 Executing VM operation: Cleanup done

Events (20 events):
Event: 205.893 Thread 0x0000021a1e7d2720 flushing nmethod 0x0000021a0ae89110
Event: 205.893 Thread 0x0000021a1e7d2720 flushing nmethod 0x0000021a0ae8aa90
Event: 205.894 Thread 0x0000021a1e7d2720 flushing nmethod 0x0000021a0aef3590
Event: 205.894 Thread 0x0000021a1e7d2720 flushing nmethod 0x0000021a0aef8a10
Event: 205.894 Thread 0x0000021a1e7d2720 flushing nmethod 0x0000021a0af00990
Event: 205.894 Thread 0x0000021a1e7d2720 flushing nmethod 0x0000021a0af02310
Event: 205.895 Thread 0x0000021a1e7d2720 flushing nmethod 0x0000021a0af9d290
Event: 205.895 Thread 0x0000021a1e7d2720 flushing nmethod 0x0000021a0afbe110
Event: 205.895 Thread 0x0000021a1e7d2720 flushing nmethod 0x0000021a0afcf790
Event: 205.895 Thread 0x0000021a1e7d2720 flushing nmethod 0x0000021a0b057110
Event: 205.895 Thread 0x0000021a1e7d2720 flushing nmethod 0x0000021a0b06bb90
Event: 205.895 Thread 0x0000021a1e7d2720 flushing nmethod 0x0000021a0b070b10
Event: 205.896 Thread 0x0000021a1e7d2720 flushing nmethod 0x0000021a0b078e10
Event: 205.897 Thread 0x0000021a1e7d2720 flushing nmethod 0x0000021a0b1d6190
Event: 205.897 Thread 0x0000021a1e7d2720 flushing nmethod 0x0000021a0b1d8a10
Event: 205.897 Thread 0x0000021a1e7d2720 flushing nmethod 0x0000021a0b1e1d10
Event: 205.897 Thread 0x0000021a1e7d2720 flushing nmethod 0x0000021a0b1e8010
Event: 223.558 Thread 0x0000021a1e7d2720 flushing nmethod 0x0000021a0a6a5f90
Event: 223.560 Thread 0x0000021a1e7d2720 flushing nmethod 0x0000021a0a776c90
Event: 223.560 Thread 0x0000021a1e7d2720 flushing nmethod 0x0000021a0a777b90


Dynamic libraries:
0x00007ff6500a0000 - 0x00007ff6500b0000 	C:\Program Files\Java\jdk-17\bin\java.exe
0x00007ffda2330000 - 0x00007ffda2528000 	C:\Windows\SYSTEM32\ntdll.dll
0x00007ffda1e40000 - 0x00007ffda1f02000 	C:\Windows\System32\KERNEL32.DLL
0x00007ffd9fc20000 - 0x00007ffd9ff16000 	C:\Windows\System32\KERNELBASE.dll
0x00007ffda0100000 - 0x00007ffda0200000 	C:\Windows\System32\ucrtbase.dll
0x00007ffd9a690000 - 0x00007ffd9a6a9000 	C:\Program Files\Java\jdk-17\bin\jli.dll
0x00007ffda0d80000 - 0x00007ffda0e31000 	C:\Windows\System32\ADVAPI32.dll
0x00007ffda1b50000 - 0x00007ffda1bee000 	C:\Windows\System32\msvcrt.dll
0x00007ffda1d10000 - 0x00007ffda1daf000 	C:\Windows\System32\sechost.dll
0x00007ffda1270000 - 0x00007ffda1390000 	C:\Windows\System32\RPCRT4.dll
0x00007ffd9fa40000 - 0x00007ffd9fa67000 	C:\Windows\System32\bcrypt.dll
0x00007ffda0350000 - 0x00007ffda04f1000 	C:\Windows\System32\USER32.dll
0x00007ffd9ff20000 - 0x00007ffd9ff42000 	C:\Windows\System32\win32u.dll
0x00007ffda05d0000 - 0x00007ffda05fb000 	C:\Windows\System32\GDI32.dll
0x00007ffd9ff50000 - 0x00007ffda0069000 	C:\Windows\System32\gdi32full.dll
0x00007ffda0200000 - 0x00007ffda029d000 	C:\Windows\System32\msvcp_win.dll
0x00007ffd91410000 - 0x00007ffd9142b000 	C:\Program Files\Java\jdk-17\bin\VCRUNTIME140.dll
0x00007ffd8c680000 - 0x00007ffd8c91b000 	C:\Windows\WinSxS\amd64_microsoft.windows.common-controls_6595b64144ccf1df_6.0.19041.6456_none_60b8a6cb71f64256\COMCTL32.dll
0x00007ffd8cce0000 - 0x00007ffd8ccea000 	C:\Windows\SYSTEM32\VERSION.dll
0x00007ffda1390000 - 0x00007ffda13bf000 	C:\Windows\System32\IMM32.DLL
0x00007ffd9a5e0000 - 0x00007ffd9a5ec000 	C:\Program Files\Java\jdk-17\bin\vcruntime140_1.dll
0x00007ffd8ce90000 - 0x00007ffd8cf1e000 	C:\Program Files\Java\jdk-17\bin\msvcp140.dll
0x00007ffd53df0000 - 0x00007ffd549d0000 	C:\Program Files\Java\jdk-17\bin\server\jvm.dll
0x00007ffda1260000 - 0x00007ffda1268000 	C:\Windows\System32\PSAPI.DLL
0x00007ffd98090000 - 0x00007ffd98099000 	C:\Windows\SYSTEM32\WSOCK32.dll
0x00007ffda2170000 - 0x00007ffda21db000 	C:\Windows\System32\WS2_32.dll
0x00007ffd841a0000 - 0x00007ffd841c7000 	C:\Windows\SYSTEM32\WINMM.dll
0x00007ffd9e220000 - 0x00007ffd9e232000 	C:\Windows\SYSTEM32\kernel.appcore.dll
0x00007ffd90f20000 - 0x00007ffd90f2a000 	C:\Program Files\Java\jdk-17\bin\jimage.dll
0x00007ffd9ded0000 - 0x00007ffd9e0d1000 	C:\Windows\SYSTEM32\DBGHELP.DLL
0x00007ffd89500000 - 0x00007ffd89534000 	C:\Windows\SYSTEM32\dbgcore.DLL
0x00007ffda0070000 - 0x00007ffda00f2000 	C:\Windows\System32\bcryptPrimitives.dll
0x00007ffd8c5c0000 - 0x00007ffd8c5ce000 	C:\Program Files\Java\jdk-17\bin\instrument.dll
0x00007ffd8bac0000 - 0x00007ffd8bae5000 	C:\Program Files\Java\jdk-17\bin\java.dll
0x00007ffd75590000 - 0x00007ffd75667000 	C:\Program Files\Java\jdk-17\bin\jsvml.dll
0x00007ffda13c0000 - 0x00007ffda1b30000 	C:\Windows\System32\SHELL32.dll
0x00007ffd9d650000 - 0x00007ffd9ddf5000 	C:\Windows\SYSTEM32\windows.storage.dll
0x00007ffda0f00000 - 0x00007ffda1254000 	C:\Windows\System32\combase.dll
0x00007ffd9f380000 - 0x00007ffd9f3ab000 	C:\Windows\SYSTEM32\Wldp.dll
0x00007ffda0500000 - 0x00007ffda05cd000 	C:\Windows\System32\OLEAUT32.dll
0x00007ffda1bf0000 - 0x00007ffda1c9d000 	C:\Windows\System32\SHCORE.dll
0x00007ffda1cb0000 - 0x00007ffda1d0b000 	C:\Windows\System32\shlwapi.dll
0x00007ffd9f8f0000 - 0x00007ffd9f914000 	C:\Windows\SYSTEM32\profapi.dll
0x00007ffd8be40000 - 0x00007ffd8be58000 	C:\Program Files\Java\jdk-17\bin\zip.dll
0x00007ffd8baa0000 - 0x00007ffd8bab9000 	C:\Program Files\Java\jdk-17\bin\net.dll
0x00007ffd8bcb0000 - 0x00007ffd8bdba000 	C:\Windows\SYSTEM32\WINHTTP.dll
0x00007ffd9f070000 - 0x00007ffd9f0da000 	C:\Windows\system32\mswsock.dll
0x00007ffd8ba80000 - 0x00007ffd8ba96000 	C:\Program Files\Java\jdk-17\bin\nio.dll
0x00007ffd8bbf0000 - 0x00007ffd8bc00000 	C:\Program Files\Java\jdk-17\bin\verify.dll
0x00007ffd8be60000 - 0x00007ffd8be87000 	C:\Users\muhanad\.gradle\native\1def1411415f61bf3af743bc5b6707747c0891f09f0c88961ee8f79bc544acac\windows-amd64\native-platform.dll
0x00007ffd82d80000 - 0x00007ffd82df7000 	C:\Users\muhanad\.gradle\native\0.2.8\x86_64-windows-gnu\gradle-fileevents.dll
0x00007ffd8ba70000 - 0x00007ffd8ba7a000 	C:\Program Files\Java\jdk-17\bin\management.dll
0x00007ffd8ba60000 - 0x00007ffd8ba6b000 	C:\Program Files\Java\jdk-17\bin\management_ext.dll
0x00007ffd9ed50000 - 0x00007ffd9ed8b000 	C:\Windows\SYSTEM32\IPHLPAPI.DLL
0x00007ffda2030000 - 0x00007ffda2038000 	C:\Windows\System32\NSI.dll
0x00007ffd8b430000 - 0x00007ffd8b447000 	C:\Windows\SYSTEM32\dhcpcsvc6.DLL
0x00007ffd8cab0000 - 0x00007ffd8cacd000 	C:\Windows\SYSTEM32\dhcpcsvc.DLL
0x00007ffd9eda0000 - 0x00007ffd9ee6a000 	C:\Windows\SYSTEM32\DNSAPI.dll
0x00007ffd9f270000 - 0x00007ffd9f288000 	C:\Windows\SYSTEM32\CRYPTSP.dll
0x00007ffd9e990000 - 0x00007ffd9e9c8000 	C:\Windows\system32\rsaenh.dll
0x00007ffd9f870000 - 0x00007ffd9f89e000 	C:\Windows\SYSTEM32\USERENV.dll
0x00007ffd9f260000 - 0x00007ffd9f26c000 	C:\Windows\SYSTEM32\CRYPTBASE.dll
0x00007ffd8b5a0000 - 0x00007ffd8b5ae000 	C:\Program Files\Java\jdk-17\bin\sunmscapi.dll
0x00007ffd9fa70000 - 0x00007ffd9fbcd000 	C:\Windows\System32\CRYPT32.dll
0x00007ffd9f3f0000 - 0x00007ffd9f417000 	C:\Windows\SYSTEM32\ncrypt.dll
0x00007ffd9f3b0000 - 0x00007ffd9f3eb000 	C:\Windows\SYSTEM32\NTASN1.dll
0x00007ffd8ccf0000 - 0x00007ffd8ccf7000 	C:\Windows\system32\wshunix.dll

dbghelp: loaded successfully - version: 4.0.5 - missing functions: none
symbol engine: initialized successfully - sym options: 0x614 - pdb path: .;C:\Program Files\Java\jdk-17\bin;C:\Windows\SYSTEM32;C:\Windows\WinSxS\amd64_microsoft.windows.common-controls_6595b64144ccf1df_6.0.19041.6456_none_60b8a6cb71f64256;C:\Program Files\Java\jdk-17\bin\server;C:\Users\muhanad\.gradle\native\1def1411415f61bf3af743bc5b6707747c0891f09f0c88961ee8f79bc544acac\windows-amd64;C:\Users\muhanad\.gradle\native\0.2.8\x86_64-windows-gnu

VM Arguments:
jvm_args: --add-opens=java.base/java.lang=ALL-UNNAMED --add-opens=java.base/java.lang.invoke=ALL-UNNAMED --add-opens=java.base/java.util=ALL-UNNAMED --add-opens=java.prefs/java.util.prefs=ALL-UNNAMED --add-exports=jdk.compiler/com.sun.tools.javac.api=ALL-UNNAMED --add-exports=jdk.compiler/com.sun.tools.javac.util=ALL-UNNAMED --add-opens=java.base/java.util=ALL-UNNAMED --add-opens=java.prefs/java.util.prefs=ALL-UNNAMED --add-opens=java.base/java.nio.charset=ALL-UNNAMED --add-opens=java.base/java.net=ALL-UNNAMED --add-opens=java.base/java.util.concurrent=ALL-UNNAMED --add-opens=java.base/java.util.concurrent.atomic=ALL-UNNAMED --add-opens=java.xml/javax.xml.namespace=ALL-UNNAMED -XX:MaxMetaspaceSize=512m -Xmx1536m -Dfile.encoding=windows-1252 -Duser.country=US -Duser.language=en -Duser.variant -javaagent:C:\Users\muhanad\.gradle\wrapper\dists\gradle-9.0.0-bin\d6wjpkvcgsg3oed0qlfss3wgl\gradle-9.0.0\lib\agents\gradle-instrumentation-agent-9.0.0.jar 
java_command: org.gradle.launcher.daemon.bootstrap.GradleDaemon 9.0.0
java_class_path (initial): C:\Users\muhanad\.gradle\wrapper\dists\gradle-9.0.0-bin\d6wjpkvcgsg3oed0qlfss3wgl\gradle-9.0.0\lib\gradle-daemon-main-9.0.0.jar
Launcher Type: SUN_STANDARD

[Global flags]
     intx CICompilerCount                          = 2                                         {product} {ergonomic}
   size_t CompressedClassSpaceSize                 = 436207616                                 {product} {ergonomic}
     uint ConcGCThreads                            = 1                                         {product} {ergonomic}
     uint G1ConcRefinementThreads                  = 2                                         {product} {ergonomic}
   size_t G1HeapRegionSize                         = 1048576                                   {product} {ergonomic}
    uintx GCDrainStackTargetSize                   = 64                                        {product} {ergonomic}
   size_t InitialHeapSize                          = 62914560                                  {product} {ergonomic}
   size_t MarkStackSize                            = 4194304                                   {product} {ergonomic}
   size_t MaxHeapSize                              = 1610612736                                {product} {command line}
   size_t MaxMetaspaceSize                         = 536870912                                 {product} {command line}
   size_t MaxNewSize                               = 965738496                                 {product} {ergonomic}
   size_t MinHeapDeltaBytes                        = 1048576                                   {product} {ergonomic}
   size_t MinHeapSize                              = 8388608                                   {product} {ergonomic}
    uintx NonNMethodCodeHeapSize                   = 5826188                                {pd product} {ergonomic}
    uintx NonProfiledCodeHeapSize                  = 122916026                              {pd product} {ergonomic}
    uintx ProfiledCodeHeapSize                     = 122916026                              {pd product} {ergonomic}
    uintx ReservedCodeCacheSize                    = 251658240                              {pd product} {ergonomic}
     bool SegmentedCodeCache                       = true                                      {product} {ergonomic}
   size_t SoftMaxHeapSize                          = 1610612736                             {manageable} {ergonomic}
     bool UseCompressedClassPointers               = true                           {product lp64_product} {ergonomic}
     bool UseCompressedOops                        = true                           {product lp64_product} {ergonomic}
     bool UseG1GC                                  = true                                      {product} {ergonomic}
     bool UseLargePagesIndividualAllocation        = false                                  {pd product} {ergonomic}

Logging:
Log output configuration:
 #0: stdout all=warning uptime,level,tags
 #1: stderr all=off uptime,level,tags

Environment Variables:
JAVA_HOME=C:\Program Files\Java\jdk-17
PATH=D:\mobile\appmobile\node_modules\.bin;D:\mobile\appmobile\node_modules\.bin;D:\mobile\node_modules\.bin;D:\node_modules\.bin;C:\Program Files\nodejs\samer\node_modules\npm\node_modules\@npmcli\run-script\lib\node-gyp-bin;C:\Program Files\Common Files\Oracle\Java\javapath;C:\Python312\Scripts\;C:\Python312\;C:\Program Files\Microsoft\jdk-11.0.20.8-hotspot\bin;C:\flutter\bin;C:\Python311\;C:\Python310\Scripts\;C:\Python310\;C:\Windows\system32;C:\Windows;C:\Windows\System32\Wbem;C:\Windows\System32\WindowsPowerShell\v1.0\;C:\Windows\System32\OpenSSH\;c:\Program Files (x86)\Microsoft SQL Server\100\Tools\Binn\;c:\Program Files\Microsoft SQL Server\100\Tools\Binn\;c:\Program Files\Microsoft SQL Server\100\DTS\Binn\;C:\ProgramData\chocolatey\bin;C:\Program Files\nodejs\samer;C:\Program Files (x86)\Yarn\bin\;C:\Users\muhanad\AppData\Local\Android\Sdk\platform-tools;C:\Users\muhanad\AppData\Local\Android\Sdk\platform-tools;C:\Program Files\Git\cmd;C:\Program Files\Git\bin;C:\Program Files\nodejs\samer\;C:\gradle-8.13-bin\gradle-8.13\bin;C:\Program Files\Java\jdk-17\bin;C:\Program Files\Java\jdk-17\bin;C:\platform-tools;C:\Users\muhanad\AppData\Local\Android\Sdk\tools;C:\Users\muhanad\AppData\Local\Programs\Microsoft VS Code\bin;C:\Program Files\nodejs\samer;D:\AndroidSDK\platform-tools;C:\flutter\bin;C:\Users\muhanad\AppData\Roaming\npm;C:\Program Files\Java\jdk-17\bin;C:\ProgramData\chocolatey\lib\postgresql\tools\;C:\Users\muhanad\AppData\Local\Programs\cursor\resources\app\bin;c:\Users\muhanad\.vscode\extensions\vscjava.vscode-java-debug-0.58.3\bundled\scripts\noConfigScripts
USERNAME=muhanad
LANG=en_US.UTF-8
OS=Windows_NT
PROCESSOR_IDENTIFIER=Intel64 Family 6 Model 122 Stepping 8, GenuineIntel



---------------  S Y S T E M  ---------------

OS:
 Windows 10 , 64 bit Build 19041 (10.0.19041.5915)
OS uptime: 2 days 6:47 hours

CPU: total 2 (initial active 2) (2 cores per cpu, 1 threads per core) family 6 model 122 stepping 8 microcode 0x1a, cx8, cmov, fxsr, mmx, 3dnowpref, sse, sse2, sse3, ssse3, sse4.1, sse4.2, popcnt, tsc, tscinvbit, aes, erms, clmul, sha, clflush, clflushopt

Memory: 4k page, system-wide physical 3737M (134M free)
TotalPageFile size 15001M (AvailPageFile size 3M)
current process WorkingSet (physical memory assigned to process): 311M, peak: 331M
current process commit charge ("private bytes"): 691M, peak: 697M

vm_info: Java HotSpot(TM) 64-Bit Server VM (17.0.12+8-LTS-286) for windows-amd64 JRE (17.0.12+8-LTS-286), built on Jun  5 2024 06:46:59 by "mach5one" with MS VC++ 17.6 (VS2022)

END.
