#
# There is insufficient memory for the Java Runtime Environment to continue.
# Native memory allocation (malloc) failed to allocate 32744 bytes for ChunkPool::allocate
# Possible reasons:
#   The system is out of physical RAM or swap space
#   The process is running with CompressedOops enabled, and the Java Heap may be blocking the growth of the native heap
# Possible solutions:
#   Reduce memory load on the system
#   Increase physical memory or swap space
#   Check if swap backing store is full
#   Decrease Java heap size (-Xmx/-Xms)
#   Decrease number of Java threads
#   Decrease Java thread stack sizes (-Xss)
#   Set larger code cache with -XX:ReservedCodeCacheSize=
#   JVM is running with Unscaled Compressed Oops mode in which the Java heap is
#     placed in the first 4GB address space. The Java Heap base address is the
#     maximum limit for the native heap growth. Please use -XX:HeapBaseMinAddress
#     to set the Java Heap base and to place the Java Heap above 4GB virtual address.
# This output file may be truncated or incomplete.
#
#  Out of Memory Error (arena.cpp:78), pid=11952, tid=14892
#
# JRE version: Java(TM) SE Runtime Environment (17.0.12+8) (build 17.0.12+8-LTS-286)
# Java VM: Java HotSpot(TM) 64-Bit Server VM (17.0.12+8-LTS-286, mixed mode, sharing, tiered, compressed oops, compressed class ptrs, g1 gc, windows-amd64)
# No core dump will be written. Minidumps are not enabled by default on client versions of Windows
#

---------------  S U M M A R Y ------------

Command Line: -Xmx64m -Xms64m -Dorg.gradle.appname=gradlew D:\mobile\appmobile\android\\gradle\wrapper\gradle-wrapper.jar assembleRelease

Host: Intel(R) Celeron(R) N4020 CPU @ 1.10GHz, 2 cores, 3G,  Windows 10 , 64 bit Build 19041 (10.0.19041.5915)
Time: Thu Dec 25 18:46:44 2025 Pacific Standard Time elapsed time: 591.451387 seconds (0d 0h 9m 51s)

---------------  T H R E A D  ---------------

Current thread (0x0000023cbe6a9eb0):  JavaThread "C2 CompilerThread0" daemon [_thread_in_native, id=14892, stack(0x000000b303000000,0x000000b303100000)]


Current CompileTask:
C2: 591452 2109       4       org.gradle.internal.logging.console.DefaultAnsiFactory::create (19 bytes)

Stack: [0x000000b303000000,0x000000b303100000]
Native frames: (J=compiled Java code, j=interpreted, Vv=VM code, C=native code)
V  [jvm.dll+0x67a04a]
V  [jvm.dll+0x7da4ed]
V  [jvm.dll+0x7dbe33]
V  [jvm.dll+0x7dc4a3]
V  [jvm.dll+0x24508f]
V  [jvm.dll+0xab9a4]
V  [jvm.dll+0xabd3c]
V  [jvm.dll+0x659f1a]
V  [jvm.dll+0x793d8]
V  [jvm.dll+0x68809f]
V  [jvm.dll+0x6875ee]
V  [jvm.dll+0x1a5bac]
V  [jvm.dll+0x1a6708]
V  [jvm.dll+0x2a975c]
V  [jvm.dll+0x6923b6]
V  [jvm.dll+0x68a3d5]
V  [jvm.dll+0x689a20]
V  [jvm.dll+0x687932]
V  [jvm.dll+0x1a5bac]
V  [jvm.dll+0x1a6708]
V  [jvm.dll+0x2a975c]
V  [jvm.dll+0x6923b6]
V  [jvm.dll+0x68a3d5]
V  [jvm.dll+0x689a20]
V  [jvm.dll+0x687932]
V  [jvm.dll+0x1a5bac]
V  [jvm.dll+0x2a975c]
V  [jvm.dll+0x6923b6]
V  [jvm.dll+0x68a3d5]
V  [jvm.dll+0x689a20]
V  [jvm.dll+0x687932]
V  [jvm.dll+0x1a5bac]
V  [jvm.dll+0x2a975c]
V  [jvm.dll+0x6923b6]
V  [jvm.dll+0x68a3d5]
V  [jvm.dll+0x689a20]
V  [jvm.dll+0x687932]
V  [jvm.dll+0x1a5bac]
V  [jvm.dll+0x215818]
V  [jvm.dll+0x1a2960]
V  [jvm.dll+0x22610b]
V  [jvm.dll+0x2242ab]
V  [jvm.dll+0x79075c]
V  [jvm.dll+0x78abea]
V  [jvm.dll+0x678f35]
C  [ucrtbase.dll+0x21bb2]
C  [KERNEL32.DLL+0x17374]
C  [ntdll.dll+0x4cc91]


---------------  P R O C E S S  ---------------

Threads class SMR info:
_java_thread_list=0x0000023cbea60b90, length=13, elements={
0x0000023ca3c47120, 0x0000023ca3d0f180, 0x0000023ca3d10eb0, 0x0000023cbe6a4f60,
0x0000023cbe6a7e40, 0x0000023cbe6a8800, 0x0000023cbe6a91c0, 0x0000023cbe6a9eb0,
0x0000023cbe6ae980, 0x0000023cbe7154a0, 0x0000023cbe8e0e90, 0x0000023cbe8e1e10,
0x0000023d04653030
}

Java Threads: ( => current thread )
  0x0000023ca3c47120 JavaThread "main" [_thread_in_native, id=7600, stack(0x000000b302200000,0x000000b302300000)]
  0x0000023ca3d0f180 JavaThread "Reference Handler" daemon [_thread_blocked, id=6132, stack(0x000000b302a00000,0x000000b302b00000)]
  0x0000023ca3d10eb0 JavaThread "Finalizer" daemon [_thread_blocked, id=9464, stack(0x000000b302b00000,0x000000b302c00000)]
  0x0000023cbe6a4f60 JavaThread "Signal Dispatcher" daemon [_thread_blocked, id=6124, stack(0x000000b302c00000,0x000000b302d00000)]
  0x0000023cbe6a7e40 JavaThread "Attach Listener" daemon [_thread_blocked, id=13748, stack(0x000000b302d00000,0x000000b302e00000)]
  0x0000023cbe6a8800 JavaThread "Service Thread" daemon [_thread_blocked, id=5896, stack(0x000000b302e00000,0x000000b302f00000)]
  0x0000023cbe6a91c0 JavaThread "Monitor Deflation Thread" daemon [_thread_blocked, id=3440, stack(0x000000b302f00000,0x000000b303000000)]
=>0x0000023cbe6a9eb0 JavaThread "C2 CompilerThread0" daemon [_thread_in_native, id=14892, stack(0x000000b303000000,0x000000b303100000)]
  0x0000023cbe6ae980 JavaThread "C1 CompilerThread0" daemon [_thread_blocked, id=11444, stack(0x000000b303100000,0x000000b303200000)]
  0x0000023cbe7154a0 JavaThread "Sweeper thread" daemon [_thread_blocked, id=9256, stack(0x000000b303200000,0x000000b303300000)]
  0x0000023cbe8e0e90 JavaThread "Notification Thread" daemon [_thread_blocked, id=6748, stack(0x000000b303300000,0x000000b303400000)]
  0x0000023cbe8e1e10 JavaThread "Common-Cleaner" daemon [_thread_blocked, id=9016, stack(0x000000b303500000,0x000000b303600000)]
  0x0000023d04653030 JavaThread "pool-1-thread-1" [_thread_in_native, id=13972, stack(0x000000b303700000,0x000000b303800000)]

Other Threads:
  0x0000023ca3d07500 VMThread "VM Thread" [stack: 0x000000b302900000,0x000000b302a00000] [id=13040]
  0x0000023cbe8e1370 WatcherThread [stack: 0x000000b303400000,0x000000b303500000] [id=12176]
  0x0000023ca3c66660 GCTaskThread "GC Thread#0" [stack: 0x000000b302400000,0x000000b302500000] [id=12196]
  0x0000023cbeb4c0a0 GCTaskThread "GC Thread#1" [stack: 0x000000b303600000,0x000000b303700000] [id=13376]
  0x0000023ca3c67db0 ConcurrentGCThread "G1 Main Marker" [stack: 0x000000b302500000,0x000000b302600000] [id=11088]
  0x0000023ca3c697d0 ConcurrentGCThread "G1 Conc#0" [stack: 0x000000b302600000,0x000000b302700000] [id=3672]
  0x0000023ca3cacc70 ConcurrentGCThread "G1 Refine#0" [stack: 0x000000b302700000,0x000000b302800000] [id=13784]
  0x0000023ca3cad6a0 ConcurrentGCThread "G1 Service" [stack: 0x000000b302800000,0x000000b302900000] [id=8212]

Threads with active compile tasks:
C2 CompilerThread0   591531 2109       4       org.gradle.internal.logging.console.DefaultAnsiFactory::create (19 bytes)

VM state: not at safepoint (normal execution)

VM Mutex/Monitor currently owned by a thread: None

Heap address: 0x00000000fc000000, size: 64 MB, Compressed Oops mode: 32-bit

CDS archive(s) mapped at: [0x0000023cbf000000-0x0000023cbfbd0000-0x0000023cbfbd0000), size 12386304, SharedBaseAddress: 0x0000023cbf000000, ArchiveRelocationMode: 1.
Compressed class space mapped at: 0x0000023cc0000000-0x0000023d00000000, reserved size: 1073741824
Narrow klass base: 0x0000023cbf000000, Narrow klass shift: 0, Narrow klass range: 0x100000000

GC Precious Log:
 CPUs: 2 total, 2 available
 Memory: 3737M
 Large Page Support: Disabled
 NUMA Support: Disabled
 Compressed Oops: Enabled (32-bit)
 Heap Region Size: 1M
 Heap Min Capacity: 64M
 Heap Initial Capacity: 64M
 Heap Max Capacity: 64M
 Pre-touch: Disabled
 Parallel Workers: 2
 Concurrent Workers: 1
 Concurrent Refinement Workers: 2
 Periodic GC: Disabled

Heap:
 garbage-first heap   total 65536K, used 22999K [0x00000000fc000000, 0x0000000100000000)
  region size 1024K, 17 young (17408K), 5 survivors (5120K)
 Metaspace       used 10377K, committed 10560K, reserved 1114112K
  class space    used 1330K, committed 1408K, reserved 1048576K

Heap Regions: E=young(eden), S=young(survivor), O=old, HS=humongous(starts), HC=humongous(continues), CS=collection set, F=free, OA=open archive, CA=closed archive, TAMS=top-at-mark-start (previous, next)
|   0|0x00000000fc000000, 0x00000000fc100000, 0x00000000fc100000|100%| O|  |TAMS 0x00000000fc000000, 0x00000000fc000000| Untracked 
|   1|0x00000000fc100000, 0x00000000fc200000, 0x00000000fc200000|100%| O|  |TAMS 0x00000000fc100000, 0x00000000fc100000| Untracked 
|   2|0x00000000fc200000, 0x00000000fc300000, 0x00000000fc300000|100%|HS|  |TAMS 0x00000000fc200000, 0x00000000fc200000| Complete 
|   3|0x00000000fc300000, 0x00000000fc400000, 0x00000000fc400000|100%|HC|  |TAMS 0x00000000fc300000, 0x00000000fc300000| Complete 
|   4|0x00000000fc400000, 0x00000000fc500000, 0x00000000fc500000|100%|HC|  |TAMS 0x00000000fc400000, 0x00000000fc400000| Complete 
|   5|0x00000000fc500000, 0x00000000fc600000, 0x00000000fc600000|100%| O|  |TAMS 0x00000000fc500000, 0x00000000fc500000| Untracked 
|   6|0x00000000fc600000, 0x00000000fc675c00, 0x00000000fc700000| 45%| O|  |TAMS 0x00000000fc600000, 0x00000000fc600000| Untracked 
|   7|0x00000000fc700000, 0x00000000fc700000, 0x00000000fc800000|  0%| F|  |TAMS 0x00000000fc700000, 0x00000000fc700000| Untracked 
|   8|0x00000000fc800000, 0x00000000fc800000, 0x00000000fc900000|  0%| F|  |TAMS 0x00000000fc800000, 0x00000000fc800000| Untracked 
|   9|0x00000000fc900000, 0x00000000fc900000, 0x00000000fca00000|  0%| F|  |TAMS 0x00000000fc900000, 0x00000000fc900000| Untracked 
|  10|0x00000000fca00000, 0x00000000fca00000, 0x00000000fcb00000|  0%| F|  |TAMS 0x00000000fca00000, 0x00000000fca00000| Untracked 
|  11|0x00000000fcb00000, 0x00000000fcb00000, 0x00000000fcc00000|  0%| F|  |TAMS 0x00000000fcb00000, 0x00000000fcb00000| Untracked 
|  12|0x00000000fcc00000, 0x00000000fcc00000, 0x00000000fcd00000|  0%| F|  |TAMS 0x00000000fcc00000, 0x00000000fcc00000| Untracked 
|  13|0x00000000fcd00000, 0x00000000fcd00000, 0x00000000fce00000|  0%| F|  |TAMS 0x00000000fcd00000, 0x00000000fcd00000| Untracked 
|  14|0x00000000fce00000, 0x00000000fce00000, 0x00000000fcf00000|  0%| F|  |TAMS 0x00000000fce00000, 0x00000000fce00000| Untracked 
|  15|0x00000000fcf00000, 0x00000000fcf00000, 0x00000000fd000000|  0%| F|  |TAMS 0x00000000fcf00000, 0x00000000fcf00000| Untracked 
|  16|0x00000000fd000000, 0x00000000fd000000, 0x00000000fd100000|  0%| F|  |TAMS 0x00000000fd000000, 0x00000000fd000000| Untracked 
|  17|0x00000000fd100000, 0x00000000fd100000, 0x00000000fd200000|  0%| F|  |TAMS 0x00000000fd100000, 0x00000000fd100000| Untracked 
|  18|0x00000000fd200000, 0x00000000fd200000, 0x00000000fd300000|  0%| F|  |TAMS 0x00000000fd200000, 0x00000000fd200000| Untracked 
|  19|0x00000000fd300000, 0x00000000fd300000, 0x00000000fd400000|  0%| F|  |TAMS 0x00000000fd300000, 0x00000000fd300000| Untracked 
|  20|0x00000000fd400000, 0x00000000fd400000, 0x00000000fd500000|  0%| F|  |TAMS 0x00000000fd400000, 0x00000000fd400000| Untracked 
|  21|0x00000000fd500000, 0x00000000fd600000, 0x00000000fd600000|100%| S|CS|TAMS 0x00000000fd500000, 0x00000000fd500000| Complete 
|  22|0x00000000fd600000, 0x00000000fd700000, 0x00000000fd700000|100%| S|CS|TAMS 0x00000000fd600000, 0x00000000fd600000| Complete 
|  23|0x00000000fd700000, 0x00000000fd800000, 0x00000000fd800000|100%| S|CS|TAMS 0x00000000fd700000, 0x00000000fd700000| Complete 
|  24|0x00000000fd800000, 0x00000000fd900000, 0x00000000fd900000|100%| S|CS|TAMS 0x00000000fd800000, 0x00000000fd800000| Complete 
|  25|0x00000000fd900000, 0x00000000fda00000, 0x00000000fda00000|100%| S|CS|TAMS 0x00000000fd900000, 0x00000000fd900000| Complete 
|  26|0x00000000fda00000, 0x00000000fda00000, 0x00000000fdb00000|  0%| F|  |TAMS 0x00000000fda00000, 0x00000000fda00000| Untracked 
|  27|0x00000000fdb00000, 0x00000000fdb00000, 0x00000000fdc00000|  0%| F|  |TAMS 0x00000000fdb00000, 0x00000000fdb00000| Untracked 
|  28|0x00000000fdc00000, 0x00000000fdc00000, 0x00000000fdd00000|  0%| F|  |TAMS 0x00000000fdc00000, 0x00000000fdc00000| Untracked 
|  29|0x00000000fdd00000, 0x00000000fdd00000, 0x00000000fde00000|  0%| F|  |TAMS 0x00000000fdd00000, 0x00000000fdd00000| Untracked 
|  30|0x00000000fde00000, 0x00000000fde00000, 0x00000000fdf00000|  0%| F|  |TAMS 0x00000000fde00000, 0x00000000fde00000| Untracked 
|  31|0x00000000fdf00000, 0x00000000fdf00000, 0x00000000fe000000|  0%| F|  |TAMS 0x00000000fdf00000, 0x00000000fdf00000| Untracked 
|  32|0x00000000fe000000, 0x00000000fe000000, 0x00000000fe100000|  0%| F|  |TAMS 0x00000000fe000000, 0x00000000fe000000| Untracked 
|  33|0x00000000fe100000, 0x00000000fe100000, 0x00000000fe200000|  0%| F|  |TAMS 0x00000000fe100000, 0x00000000fe100000| Untracked 
|  34|0x00000000fe200000, 0x00000000fe200000, 0x00000000fe300000|  0%| F|  |TAMS 0x00000000fe200000, 0x00000000fe200000| Untracked 
|  35|0x00000000fe300000, 0x00000000fe300000, 0x00000000fe400000|  0%| F|  |TAMS 0x00000000fe300000, 0x00000000fe300000| Untracked 
|  36|0x00000000fe400000, 0x00000000fe400000, 0x00000000fe500000|  0%| F|  |TAMS 0x00000000fe400000, 0x00000000fe400000| Untracked 
|  37|0x00000000fe500000, 0x00000000fe500000, 0x00000000fe600000|  0%| F|  |TAMS 0x00000000fe500000, 0x00000000fe500000| Untracked 
|  38|0x00000000fe600000, 0x00000000fe600000, 0x00000000fe700000|  0%| F|  |TAMS 0x00000000fe600000, 0x00000000fe600000| Untracked 
|  39|0x00000000fe700000, 0x00000000fe700000, 0x00000000fe800000|  0%| F|  |TAMS 0x00000000fe700000, 0x00000000fe700000| Untracked 
|  40|0x00000000fe800000, 0x00000000fe800000, 0x00000000fe900000|  0%| F|  |TAMS 0x00000000fe800000, 0x00000000fe800000| Untracked 
|  41|0x00000000fe900000, 0x00000000fe900000, 0x00000000fea00000|  0%| F|  |TAMS 0x00000000fe900000, 0x00000000fe900000| Untracked 
|  42|0x00000000fea00000, 0x00000000fea00000, 0x00000000feb00000|  0%| F|  |TAMS 0x00000000fea00000, 0x00000000fea00000| Untracked 
|  43|0x00000000feb00000, 0x00000000feb00000, 0x00000000fec00000|  0%| F|  |TAMS 0x00000000feb00000, 0x00000000feb00000| Untracked 
|  44|0x00000000fec00000, 0x00000000fec00000, 0x00000000fed00000|  0%| F|  |TAMS 0x00000000fec00000, 0x00000000fec00000| Untracked 
|  45|0x00000000fed00000, 0x00000000fed00000, 0x00000000fee00000|  0%| F|  |TAMS 0x00000000fed00000, 0x00000000fed00000| Untracked 
|  46|0x00000000fee00000, 0x00000000fee00000, 0x00000000fef00000|  0%| F|  |TAMS 0x00000000fee00000, 0x00000000fee00000| Untracked 
|  47|0x00000000fef00000, 0x00000000fef00000, 0x00000000ff000000|  0%| F|  |TAMS 0x00000000fef00000, 0x00000000fef00000| Untracked 
|  48|0x00000000ff000000, 0x00000000ff000000, 0x00000000ff100000|  0%| F|  |TAMS 0x00000000ff000000, 0x00000000ff000000| Untracked 
|  49|0x00000000ff100000, 0x00000000ff100000, 0x00000000ff200000|  0%| F|  |TAMS 0x00000000ff100000, 0x00000000ff100000| Untracked 
|  50|0x00000000ff200000, 0x00000000ff200000, 0x00000000ff300000|  0%| F|  |TAMS 0x00000000ff200000, 0x00000000ff200000| Untracked 
|  51|0x00000000ff300000, 0x00000000ff300000, 0x00000000ff400000|  0%| F|  |TAMS 0x00000000ff300000, 0x00000000ff300000| Untracked 
|  52|0x00000000ff400000, 0x00000000ff42a628, 0x00000000ff500000| 16%| E|  |TAMS 0x00000000ff400000, 0x00000000ff400000| Complete 
|  53|0x00000000ff500000, 0x00000000ff600000, 0x00000000ff600000|100%| E|CS|TAMS 0x00000000ff500000, 0x00000000ff500000| Complete 
|  54|0x00000000ff600000, 0x00000000ff700000, 0x00000000ff700000|100%| E|CS|TAMS 0x00000000ff600000, 0x00000000ff600000| Complete 
|  55|0x00000000ff700000, 0x00000000ff800000, 0x00000000ff800000|100%| E|CS|TAMS 0x00000000ff700000, 0x00000000ff700000| Complete 
|  56|0x00000000ff800000, 0x00000000ff900000, 0x00000000ff900000|100%| E|CS|TAMS 0x00000000ff800000, 0x00000000ff800000| Complete 
|  57|0x00000000ff900000, 0x00000000ffa00000, 0x00000000ffa00000|100%| E|CS|TAMS 0x00000000ff900000, 0x00000000ff900000| Complete 
|  58|0x00000000ffa00000, 0x00000000ffb00000, 0x00000000ffb00000|100%| E|CS|TAMS 0x00000000ffa00000, 0x00000000ffa00000| Complete 
|  59|0x00000000ffb00000, 0x00000000ffc00000, 0x00000000ffc00000|100%| E|CS|TAMS 0x00000000ffb00000, 0x00000000ffb00000| Complete 
|  60|0x00000000ffc00000, 0x00000000ffd00000, 0x00000000ffd00000|100%| E|CS|TAMS 0x00000000ffc00000, 0x00000000ffc00000| Complete 
|  61|0x00000000ffd00000, 0x00000000ffe00000, 0x00000000ffe00000|100%| E|CS|TAMS 0x00000000ffd00000, 0x00000000ffd00000| Complete 
|  62|0x00000000ffe00000, 0x00000000fff00000, 0x00000000fff00000|100%| E|CS|TAMS 0x00000000ffe00000, 0x00000000ffe00000| Complete 
|  63|0x00000000fff00000, 0x0000000100000000, 0x0000000100000000|100%| E|CS|TAMS 0x00000000fff00000, 0x00000000fff00000| Complete 

Card table byte_map: [0x0000023cbc120000,0x0000023cbc140000] _byte_map_base: 0x0000023cbb940000

Marking Bits (Prev, Next): (CMBitMap*) 0x0000023ca3c66c80, (CMBitMap*) 0x0000023ca3c66cc0
 Prev Bits: [0x0000023cbc160000, 0x0000023cbc260000)
 Next Bits: [0x0000023cbc260000, 0x0000023cbc360000)

Polling page: 0x0000023ca3d20000

Metaspace:

Usage:
  Non-class:      8.84 MB used.
      Class:      1.30 MB used.
       Both:     10.13 MB used.

Virtual space:
  Non-class space:       64.00 MB reserved,       8.94 MB ( 14%) committed,  1 nodes.
      Class space:        1.00 GB reserved,       1.38 MB ( <1%) committed,  1 nodes.
             Both:        1.06 GB reserved,      10.31 MB ( <1%) committed. 

Chunk freelists:
   Non-Class:  6.28 MB
       Class:  14.45 MB
        Both:  20.73 MB

MaxMetaspaceSize: unlimited
CompressedClassSpaceSize: 1.00 GB
Initial GC threshold: 21.00 MB
Current GC threshold: 21.00 MB
CDS: on
MetaspaceReclaimPolicy: balanced
 - commit_granule_bytes: 65536.
 - commit_granule_words: 8192.
 - virtual_space_node_default_size: 8388608.
 - enlarge_chunks_in_place: 1.
 - new_chunks_are_fully_committed: 0.
 - uncommit_free_chunks: 1.
 - use_allocation_guard: 0.
 - handle_deallocations: 1.


Internal statistics:

num_allocs_failed_limit: 0.
num_arena_births: 84.
num_arena_deaths: 0.
num_vsnodes_births: 2.
num_vsnodes_deaths: 0.
num_space_committed: 165.
num_space_uncommitted: 0.
num_chunks_returned_to_freelist: 0.
num_chunks_taken_from_freelist: 357.
num_chunk_merges: 0.
num_chunk_splits: 236.
num_chunks_enlarged: 201.
num_inconsistent_stats: 0.

CodeHeap 'non-profiled nmethods': size=120064Kb used=1032Kb max_used=1032Kb free=119031Kb
 bounds [0x0000023cb47c0000, 0x0000023cb4a30000, 0x0000023cbbd00000]
CodeHeap 'profiled nmethods': size=120000Kb used=3994Kb max_used=3994Kb free=116005Kb
 bounds [0x0000023cacd00000, 0x0000023cad0f0000, 0x0000023cb4230000]
CodeHeap 'non-nmethods': size=5696Kb used=1176Kb max_used=1204Kb free=4519Kb
 bounds [0x0000023cb4230000, 0x0000023cb44a0000, 0x0000023cb47c0000]
 total_blobs=2581 nmethods=2103 adapters=392
 compilation: enabled
              stopped_count=0, restarted_count=0
 full_count=0

Compilation events (20 events):
Event: 567.543 Thread 0x0000023cbe6ae980 nmethod 2099 0x0000023cad0e4590 code [0x0000023cad0e4720, 0x0000023cad0e4878]
Event: 567.608 Thread 0x0000023cbe6ae980 2100       3       sun.nio.cs.SingleByte$Encoder::encode (32 bytes)
Event: 567.608 Thread 0x0000023cbe6ae980 nmethod 2100 0x0000023cad0e4990 code [0x0000023cad0e4b40, 0x0000023cad0e4d18]
Event: 567.628 Thread 0x0000023cbe6a9eb0 2101       4       org.gradle.internal.logging.text.AbstractLineChoppingStyledTextOutput$StateContext::isCurrentCharEquals (70 bytes)
Event: 567.631 Thread 0x0000023cbe6a9eb0 nmethod 2101 0x0000023cb48b9f90 code [0x0000023cb48ba120, 0x0000023cb48ba278]
Event: 567.631 Thread 0x0000023cbe6ae980 2102       3       java.lang.StringUTF16::length (5 bytes)
Event: 567.632 Thread 0x0000023cbe6ae980 nmethod 2102 0x0000023cad0e4e90 code [0x0000023cad0e5020, 0x0000023cad0e5118]
Event: 576.386 Thread 0x0000023cbe6ae980 2103       3       org.gradle.internal.logging.sink.GroupingProgressLogEventGenerator$OperationGroup::statusIsFailed (20 bytes)
Event: 576.386 Thread 0x0000023cbe6ae980 nmethod 2103 0x0000023cad0e5210 code [0x0000023cad0e53c0, 0x0000023cad0e5668]
Event: 576.628 Thread 0x0000023cbe6a9eb0 2104       4       org.gradle.internal.logging.console.BuildStatusRenderer::onOutput (350 bytes)
Event: 576.815 Thread 0x0000023cbe6a9eb0 nmethod 2104 0x0000023cb48ba490 code [0x0000023cb48ba9a0, 0x0000023cb48be3c0]
Event: 576.906 Thread 0x0000023cbe6a9eb0 2105       4       org.gradle.internal.logging.console.WorkInProgressRenderer::onOutput (53 bytes)
Event: 576.938 Thread 0x0000023cbe6a9eb0 nmethod 2105 0x0000023cb48c0790 code [0x0000023cb48c0a20, 0x0000023cb48c19d0]
Event: 591.210 Thread 0x0000023cbe6ae980 2106       3       java.util.ArrayList::toArray (12 bytes)
Event: 591.211 Thread 0x0000023cbe6ae980 nmethod 2106 0x0000023cad0e5790 code [0x0000023cad0e5940, 0x0000023cad0e5b28]
Event: 591.213 Thread 0x0000023cbe6ae980 2107       3       java.lang.StringUTF16::compress (50 bytes)
Event: 591.213 Thread 0x0000023cbe6ae980 nmethod 2107 0x0000023cad0e5c10 code [0x0000023cad0e5dc0, 0x0000023cad0e6018]
Event: 591.291 Thread 0x0000023cbe6ae980 2108       3       java.util.ArrayList::<init> (63 bytes)
Event: 591.292 Thread 0x0000023cbe6ae980 nmethod 2108 0x0000023cad0e6190 code [0x0000023cad0e6380, 0x0000023cad0e6918]
Event: 591.294 Thread 0x0000023cbe6a9eb0 2109       4       org.gradle.internal.logging.console.DefaultAnsiFactory::create (19 bytes)

GC Heap History (8 events):
Event: 3.844 GC heap before
{Heap before GC invocations=0 (full 0):
 garbage-first heap   total 65536K, used 6144K [0x00000000fc000000, 0x0000000100000000)
  region size 1024K, 6 young (6144K), 0 survivors (0K)
 Metaspace       used 1626K, committed 1792K, reserved 1114112K
  class space    used 155K, committed 192K, reserved 1048576K
}
Event: 3.992 GC heap after
{Heap after GC invocations=1 (full 0):
 garbage-first heap   total 65536K, used 1212K [0x00000000fc000000, 0x0000000100000000)
  region size 1024K, 1 young (1024K), 1 survivors (1024K)
 Metaspace       used 1626K, committed 1792K, reserved 1114112K
  class space    used 155K, committed 192K, reserved 1048576K
}
Event: 4.821 GC heap before
{Heap before GC invocations=1 (full 0):
 garbage-first heap   total 65536K, used 6332K [0x00000000fc000000, 0x0000000100000000)
  region size 1024K, 7 young (7168K), 1 survivors (1024K)
 Metaspace       used 1662K, committed 1792K, reserved 1114112K
  class space    used 155K, committed 192K, reserved 1048576K
}
Event: 4.824 GC heap after
{Heap after GC invocations=2 (full 0):
 garbage-first heap   total 65536K, used 1595K [0x00000000fc000000, 0x0000000100000000)
  region size 1024K, 1 young (1024K), 1 survivors (1024K)
 Metaspace       used 1662K, committed 1792K, reserved 1114112K
  class space    used 155K, committed 192K, reserved 1048576K
}
Event: 6.759 GC heap before
{Heap before GC invocations=2 (full 0):
 garbage-first heap   total 65536K, used 12859K [0x00000000fc000000, 0x0000000100000000)
  region size 1024K, 13 young (13312K), 1 survivors (1024K)
 Metaspace       used 1841K, committed 1984K, reserved 1114112K
  class space    used 160K, committed 192K, reserved 1048576K
}
Event: 6.762 GC heap after
{Heap after GC invocations=3 (full 0):
 garbage-first heap   total 65536K, used 2530K [0x00000000fc000000, 0x0000000100000000)
  region size 1024K, 2 young (2048K), 2 survivors (2048K)
 Metaspace       used 1841K, committed 1984K, reserved 1114112K
  class space    used 160K, committed 192K, reserved 1048576K
}
Event: 45.028 GC heap before
{Heap before GC invocations=3 (full 0):
 garbage-first heap   total 65536K, used 41442K [0x00000000fc000000, 0x0000000100000000)
  region size 1024K, 38 young (38912K), 2 survivors (2048K)
 Metaspace       used 8934K, committed 9152K, reserved 1114112K
  class space    used 1192K, committed 1280K, reserved 1048576K
}
Event: 45.058 GC heap after
{Heap after GC invocations=4 (full 0):
 garbage-first heap   total 65536K, used 11735K [0x00000000fc000000, 0x0000000100000000)
  region size 1024K, 5 young (5120K), 5 survivors (5120K)
 Metaspace       used 8934K, committed 9152K, reserved 1114112K
  class space    used 1192K, committed 1280K, reserved 1048576K
}

Deoptimization events (20 events):
Event: 567.594 Thread 0x0000023d04653030 Uncommon trap: trap_request=0xffffffde fr.pc=0x0000023cb48a2d50 relative=0x0000000000002f90
Event: 567.594 Thread 0x0000023d04653030 Uncommon trap: reason=class_check action=maybe_recompile pc=0x0000023cb48a2d50 method=org.gradle.internal.logging.sink.GroupingProgressLogEventGenerator.onOutput(Lorg/gradle/internal/logging/events/OutputEvent;)V @ 27 c2
Event: 567.594 Thread 0x0000023d04653030 DEOPT PACKING pc=0x0000023cb48a2d50 sp=0x000000b3037ff410
Event: 567.594 Thread 0x0000023d04653030 DEOPT UNPACKING pc=0x0000023cb428239d sp=0x000000b3037ff300 mode 2
Event: 567.596 Thread 0x0000023d04653030 Uncommon trap: trap_request=0xffffffde fr.pc=0x0000023cb48a2d50 relative=0x0000000000002f90
Event: 567.596 Thread 0x0000023d04653030 Uncommon trap: reason=class_check action=maybe_recompile pc=0x0000023cb48a2d50 method=org.gradle.internal.logging.sink.GroupingProgressLogEventGenerator.onOutput(Lorg/gradle/internal/logging/events/OutputEvent;)V @ 27 c2
Event: 567.596 Thread 0x0000023d04653030 DEOPT PACKING pc=0x0000023cb48a2d50 sp=0x000000b3037ff410
Event: 567.596 Thread 0x0000023d04653030 DEOPT UNPACKING pc=0x0000023cb428239d sp=0x000000b3037ff300 mode 2
Event: 567.596 Thread 0x0000023d04653030 Uncommon trap: trap_request=0xffffff45 fr.pc=0x0000023cb47e9fe4 relative=0x00000000000003c4
Event: 567.596 Thread 0x0000023d04653030 Uncommon trap: reason=unstable_if action=reinterpret pc=0x0000023cb47e9fe4 method=java.lang.String.substring(II)Ljava/lang/String; @ 31 c2
Event: 567.596 Thread 0x0000023d04653030 DEOPT PACKING pc=0x0000023cb47e9fe4 sp=0x000000b3037fee50
Event: 567.596 Thread 0x0000023d04653030 DEOPT UNPACKING pc=0x0000023cb428239d sp=0x000000b3037fee20 mode 2
Event: 567.600 Thread 0x0000023d04653030 Uncommon trap: trap_request=0xffffffde fr.pc=0x0000023cb48a2d50 relative=0x0000000000002f90
Event: 567.600 Thread 0x0000023d04653030 Uncommon trap: reason=class_check action=maybe_recompile pc=0x0000023cb48a2d50 method=org.gradle.internal.logging.sink.GroupingProgressLogEventGenerator.onOutput(Lorg/gradle/internal/logging/events/OutputEvent;)V @ 27 c2
Event: 567.600 Thread 0x0000023d04653030 DEOPT PACKING pc=0x0000023cb48a2d50 sp=0x000000b3037ff410
Event: 567.600 Thread 0x0000023d04653030 DEOPT UNPACKING pc=0x0000023cb428239d sp=0x000000b3037ff300 mode 2
Event: 567.603 Thread 0x0000023d04653030 Uncommon trap: trap_request=0xffffffde fr.pc=0x0000023cb48a6ba8 relative=0x0000000000000d88
Event: 567.603 Thread 0x0000023d04653030 Uncommon trap: reason=class_check action=maybe_recompile pc=0x0000023cb48a6ba8 method=org.gradle.internal.logging.sink.GroupingProgressLogEventGenerator.onOutput(Lorg/gradle/internal/logging/events/OutputEvent;)V @ 27 c2
Event: 567.603 Thread 0x0000023d04653030 DEOPT PACKING pc=0x0000023cb48a6ba8 sp=0x000000b3037ff3b0
Event: 567.603 Thread 0x0000023d04653030 DEOPT UNPACKING pc=0x0000023cb428239d sp=0x000000b3037ff2f0 mode 2

Classes unloaded (0 events):
No events

Classes redefined (0 events):
No events

Internal exceptions (20 events):
Event: 10.675 Thread 0x0000023ca3c47120 Exception <a 'java/lang/NoSuchMethodError'{0x00000000ff0219a0}: 'java.lang.Object java.lang.invoke.DirectMethodHandle$Holder.invokeStaticInit(java.lang.Object)'> (0x00000000ff0219a0) 
thrown [s\open\src\hotspot\share\interpreter\linkResolver.cpp, line 759]
Event: 10.728 Thread 0x0000023ca3c47120 Exception <a 'java/lang/NoSuchMethodError'{0x00000000ff03c668}: 'int java.lang.invoke.DirectMethodHandle$Holder.invokeSpecial(java.lang.Object, java.lang.Object, java.lang.Object)'> (0x00000000ff03c668) 
thrown [s\open\src\hotspot\share\interpreter\linkResolver.cpp, line 759]
Event: 10.796 Thread 0x0000023ca3c47120 Exception <a 'java/lang/NoSuchMethodError'{0x00000000ff079600}: 'void java.lang.invoke.DirectMethodHandle$Holder.invokeStatic(java.lang.Object, java.lang.Object)'> (0x00000000ff079600) 
thrown [s\open\src\hotspot\share\interpreter\linkResolver.cpp, line 759]
Event: 10.805 Thread 0x0000023ca3c47120 Implicit null exception at 0x0000023cb481fe0a to 0x0000023cb4820308
Event: 11.144 Thread 0x0000023ca3c47120 Exception <a 'java/lang/NoSuchMethodError'{0x00000000fee288e8}: 'java.lang.Object java.lang.invoke.Invokers$Holder.invoker(java.lang.Object, java.lang.Object, java.lang.Object)'> (0x00000000fee288e8) 
thrown [s\open\src\hotspot\share\interpreter\linkResolver.cpp, line 759]
Event: 11.152 Thread 0x0000023ca3c47120 Exception <a 'java/lang/NoSuchMethodError'{0x00000000fee31a40}: 'java.lang.Object java.lang.invoke.DirectMethodHandle$Holder.invokeStatic(java.lang.Object, java.lang.Object, int)'> (0x00000000fee31a40) 
thrown [s\open\src\hotspot\share\interpreter\linkResolver.cpp, line 759]
Event: 11.237 Thread 0x0000023ca3c47120 Exception <a 'java/lang/NoSuchMethodError'{0x00000000fee3d730}: 'void java.lang.invoke.DelegatingMethodHandle$Holder.delegate(java.lang.Object, java.lang.Object, int, java.lang.Object)'> (0x00000000fee3d730) 
thrown [s\open\src\hotspot\share\interpreter\linkResolver.cpp, line 759]
Event: 11.251 Thread 0x0000023ca3c47120 Exception <a 'java/lang/NoSuchMethodError'{0x00000000fee50d78}: 'java.lang.Object java.lang.invoke.Invokers$Holder.invokeExact_MT(java.lang.Object, java.lang.Object, java.lang.Object, java.lang.Object)'> (0x00000000fee50d78) 
thrown [s\open\src\hotspot\share\interpreter\linkResolver.cpp, line 759]
Event: 11.286 Thread 0x0000023ca3c47120 Exception <a 'java/lang/NoSuchMethodError'{0x00000000fee7f3d8}: 'java.lang.Object java.lang.invoke.DirectMethodHandle$Holder.invokeVirtual(java.lang.Object, java.lang.Object, java.lang.Object)'> (0x00000000fee7f3d8) 
thrown [s\open\src\hotspot\share\interpreter\linkResolver.cpp, line 759]
Event: 12.776 Thread 0x0000023ca3c47120 Exception <a 'java/lang/NoSuchMethodError'{0x00000000feacb970}: 'java.lang.Object java.lang.invoke.DirectMethodHandle$Holder.newInvokeSpecial(java.lang.Object, java.lang.Object, java.lang.Object, java.lang.Object, java.lang.Object)'> (0x00000000feacb970) 
thrown [s\open\src\hotspot\share\interpreter\linkResolver.cpp, line 759]
Event: 12.977 Thread 0x0000023ca3c47120 Exception <a 'java/lang/NoSuchMethodError'{0x00000000fe800970}: 'void java.lang.invoke.DirectMethodHandle$Holder.invokeSpecial(java.lang.Object, java.lang.Object, java.lang.Object)'> (0x00000000fe800970) 
thrown [s\open\src\hotspot\share\interpreter\linkResolver.cpp, line 759]
Event: 12.981 Thread 0x0000023ca3c47120 Implicit null exception at 0x0000023cb4804f8f to 0x0000023cb480548c
Event: 16.168 Thread 0x0000023ca3c47120 Exception <a 'java/lang/NoSuchMethodError'{0x00000000fe613740}: 'void java.lang.invoke.DirectMethodHandle$Holder.invokeStatic(java.lang.Object, java.lang.Object, java.lang.Object)'> (0x00000000fe613740) 
thrown [s\open\src\hotspot\share\interpreter\linkResolver.cpp, line 759]
Event: 16.746 Thread 0x0000023ca3c47120 Exception <a 'java/lang/NoSuchMethodError'{0x00000000fe2f81f0}: 'java.lang.Object java.lang.invoke.DirectMethodHandle$Holder.invokeStaticInit(java.lang.Object, int, int, int, int)'> (0x00000000fe2f81f0) 
thrown [s\open\src\hotspot\share\interpreter\linkResolver.cpp, line 759]
Event: 16.976 Thread 0x0000023ca3c47120 Exception <a 'java/lang/NoSuchMethodError'{0x00000000fe110ce8}: 'java.lang.Object java.lang.invoke.DirectMethodHandle$Holder.invokeStaticInit(java.lang.Object, java.lang.Object, int, int, int, int)'> (0x00000000fe110ce8) 
thrown [s\open\src\hotspot\share\interpreter\linkResolver.cpp, line 759]
Event: 19.202 Thread 0x0000023d0472c090 Exception <a 'java/lang/NoSuchMethodError'{0x00000000fda0ec68}: 'void java.lang.invoke.DirectMethodHandle$Holder.invokeStatic(java.lang.Object, long)'> (0x00000000fda0ec68) 
thrown [s\open\src\hotspot\share\interpreter\linkResolver.cpp, line 759]
Event: 19.203 Thread 0x0000023d0472c090 Exception <a 'java/lang/NoSuchMethodError'{0x00000000fda145c0}: 'java.lang.Object java.lang.invoke.DirectMethodHandle$Holder.newInvokeSpecial(java.lang.Object, long)'> (0x00000000fda145c0) 
thrown [s\open\src\hotspot\share\interpreter\linkResolver.cpp, line 759]
Event: 19.207 Thread 0x0000023d0472c090 Exception <a 'java/lang/NoSuchMethodError'{0x00000000fda1f168}: 'java.lang.Object java.lang.invoke.DirectMethodHandle$Holder.invokeStaticInit(java.lang.Object, java.lang.Object, long, java.lang.Object)'> (0x00000000fda1f168) 
thrown [s\open\src\hotspot\share\interpreter\linkResolver.cpp, line 759]
Event: 19.329 Thread 0x0000023d0472c090 Exception <a 'java/lang/NoSuchMethodError'{0x00000000fda257f0}: 'java.lang.Object java.lang.invoke.DirectMethodHandle$Holder.newInvokeSpecial(java.lang.Object, java.lang.Object, long)'> (0x00000000fda257f0) 
thrown [s\open\src\hotspot\share\interpreter\linkResolver.cpp, line 759]
Event: 19.336 Thread 0x0000023d0472c090 Exception <a 'java/lang/NoSuchMethodError'{0x00000000fda29ae0}: 'java.lang.Object java.lang.invoke.Invokers$Holder.linkToTargetMethod(java.lang.Object, long, java.lang.Object)'> (0x00000000fda29ae0) 
thrown [s\open\src\hotspot\share\interpreter\linkResolver.cpp, line 759]

VM Operations (20 events):
Event: 498.835 Executing VM operation: Cleanup
Event: 498.835 Executing VM operation: Cleanup done
Event: 502.867 Executing VM operation: Cleanup
Event: 502.868 Executing VM operation: Cleanup done
Event: 534.128 Executing VM operation: Cleanup
Event: 534.128 Executing VM operation: Cleanup done
Event: 535.133 Executing VM operation: Cleanup
Event: 535.134 Executing VM operation: Cleanup done
Event: 540.175 Executing VM operation: Cleanup
Event: 540.175 Executing VM operation: Cleanup done
Event: 549.238 Executing VM operation: Cleanup
Event: 549.239 Executing VM operation: Cleanup done
Event: 550.242 Executing VM operation: Cleanup
Event: 550.243 Executing VM operation: Cleanup done
Event: 551.249 Executing VM operation: Cleanup
Event: 551.317 Executing VM operation: Cleanup done
Event: 562.410 Executing VM operation: Cleanup
Event: 562.410 Executing VM operation: Cleanup done
Event: 567.447 Executing VM operation: Cleanup
Event: 567.447 Executing VM operation: Cleanup done

Events (20 events):
Event: 400.307 loading class jdk/internal/logger/LazyLoggers$LazyLoggerFactories
Event: 400.307 loading class jdk/internal/logger/LazyLoggers$LazyLoggerFactories done
Event: 400.314 loading class jdk/internal/logger/LoggerFinderLoader
Event: 400.315 loading class jdk/internal/logger/LoggerFinderLoader done
Event: 400.328 loading class jdk/internal/logger/LoggerFinderLoader$TemporaryLoggerFinder
Event: 400.328 loading class jdk/internal/logger/LoggerFinderLoader$TemporaryLoggerFinder done
Event: 400.335 loading class sun/util/logging/internal/LoggingProviderImpl$JULWrapper
Event: 400.338 loading class sun/util/logging/PlatformLogger$ConfigurableBridge$LoggerConfiguration
Event: 400.339 loading class sun/util/logging/PlatformLogger$ConfigurableBridge$LoggerConfiguration done
Event: 400.340 loading class sun/util/logging/internal/LoggingProviderImpl$JULWrapper done
Event: 400.341 loading class java/io/ObjectInputFilter
Event: 400.342 loading class java/io/ObjectInputFilter done
Event: 400.344 loading class java/io/ObjectInputFilter$Config$BuiltinFilterFactory
Event: 400.344 loading class java/io/ObjectInputFilter$Config$BuiltinFilterFactory done
Event: 400.344 loading class jdk/internal/access/JavaObjectInputFilterAccess
Event: 400.345 loading class jdk/internal/access/JavaObjectInputFilterAccess done
Event: 400.346 loading class java/lang/System$Logger$Level
Event: 400.347 loading class java/lang/System$Logger$Level done
Event: 400.348 loading class java/io/Bits
Event: 400.348 loading class java/io/Bits done


Dynamic libraries:
0x00007ff73a100000 - 0x00007ff73a110000 	C:\Program Files\Java\jdk-17\bin\java.exe
0x00007ffa15110000 - 0x00007ffa15308000 	C:\Windows\SYSTEM32\ntdll.dll
0x00007ffa14340000 - 0x00007ffa14402000 	C:\Windows\System32\KERNEL32.DLL
0x00007ffa129c0000 - 0x00007ffa12cb6000 	C:\Windows\System32\KERNELBASE.dll
0x00007ffa127a0000 - 0x00007ffa128a0000 	C:\Windows\System32\ucrtbase.dll
0x00007ffa098d0000 - 0x00007ffa098e9000 	C:\Program Files\Java\jdk-17\bin\jli.dll
0x00007ffa13490000 - 0x00007ffa13541000 	C:\Windows\System32\ADVAPI32.dll
0x00007ffa15030000 - 0x00007ffa150ce000 	C:\Windows\System32\msvcrt.dll
0x00007ffa14830000 - 0x00007ffa148cf000 	C:\Windows\System32\sechost.dll
0x00007ffa135b0000 - 0x00007ffa136d0000 	C:\Windows\System32\RPCRT4.dll
0x00007ffa12d60000 - 0x00007ffa12d87000 	C:\Windows\System32\bcrypt.dll
0x00007ffa14190000 - 0x00007ffa14331000 	C:\Windows\System32\USER32.dll
0x00007ffa12de0000 - 0x00007ffa12e02000 	C:\Windows\System32\win32u.dll
0x00007ffa148d0000 - 0x00007ffa148fb000 	C:\Windows\System32\GDI32.dll
0x00007ffa128a0000 - 0x00007ffa129b9000 	C:\Windows\System32\gdi32full.dll
0x00007ffa12cc0000 - 0x00007ffa12d5d000 	C:\Windows\System32\msvcp_win.dll
0x00007ffa097b0000 - 0x00007ffa097cb000 	C:\Program Files\Java\jdk-17\bin\VCRUNTIME140.dll
0x00007ff9ff440000 - 0x00007ff9ff6db000 	C:\Windows\WinSxS\amd64_microsoft.windows.common-controls_6595b64144ccf1df_6.0.19041.6456_none_60b8a6cb71f64256\COMCTL32.dll
0x00007ffa062e0000 - 0x00007ffa062ea000 	C:\Windows\SYSTEM32\VERSION.dll
0x00007ffa13780000 - 0x00007ffa137af000 	C:\Windows\System32\IMM32.DLL
0x00007ffa09940000 - 0x00007ffa0994c000 	C:\Program Files\Java\jdk-17\bin\vcruntime140_1.dll
0x00007ff9e5c60000 - 0x00007ff9e5cee000 	C:\Program Files\Java\jdk-17\bin\msvcp140.dll
0x00007ff9c0ba0000 - 0x00007ff9c1780000 	C:\Program Files\Java\jdk-17\bin\server\jvm.dll
0x00007ffa14820000 - 0x00007ffa14828000 	C:\Windows\System32\PSAPI.DLL
0x00007ffa09910000 - 0x00007ffa09919000 	C:\Windows\SYSTEM32\WSOCK32.dll
0x00007ffa14120000 - 0x00007ffa1418b000 	C:\Windows\System32\WS2_32.dll
0x00007ff9f6540000 - 0x00007ff9f6567000 	C:\Windows\SYSTEM32\WINMM.dll
0x00007ffa11000000 - 0x00007ffa11012000 	C:\Windows\SYSTEM32\kernel.appcore.dll
0x00007ffa09960000 - 0x00007ffa0996a000 	C:\Program Files\Java\jdk-17\bin\jimage.dll
0x00007ffa10cb0000 - 0x00007ffa10eb1000 	C:\Windows\SYSTEM32\DBGHELP.DLL
0x00007ff9fbe90000 - 0x00007ff9fbec4000 	C:\Windows\SYSTEM32\dbgcore.DLL
0x00007ffa130a0000 - 0x00007ffa13122000 	C:\Windows\System32\bcryptPrimitives.dll
0x00007ff9ff900000 - 0x00007ff9ff925000 	C:\Program Files\Java\jdk-17\bin\java.dll
0x00007ff9e59b0000 - 0x00007ff9e5a87000 	C:\Program Files\Java\jdk-17\bin\jsvml.dll
0x00007ffa13890000 - 0x00007ffa14000000 	C:\Windows\System32\SHELL32.dll
0x00007ffa10430000 - 0x00007ffa10bd5000 	C:\Windows\SYSTEM32\windows.storage.dll
0x00007ffa13130000 - 0x00007ffa13484000 	C:\Windows\System32\combase.dll
0x00007ffa120f0000 - 0x00007ffa1211b000 	C:\Windows\SYSTEM32\Wldp.dll
0x00007ffa14750000 - 0x00007ffa1481d000 	C:\Windows\System32\OLEAUT32.dll
0x00007ffa136d0000 - 0x00007ffa1377d000 	C:\Windows\System32\SHCORE.dll
0x00007ffa137b0000 - 0x00007ffa1380b000 	C:\Windows\System32\shlwapi.dll
0x00007ffa126d0000 - 0x00007ffa126f4000 	C:\Windows\SYSTEM32\profapi.dll
0x00007ff9fcc70000 - 0x00007ff9fcc89000 	C:\Program Files\Java\jdk-17\bin\net.dll
0x00007ff9febb0000 - 0x00007ff9fecba000 	C:\Windows\SYSTEM32\WINHTTP.dll
0x00007ffa11e50000 - 0x00007ffa11eba000 	C:\Windows\system32\mswsock.dll
0x00007ff9fb8d0000 - 0x00007ff9fb8e6000 	C:\Program Files\Java\jdk-17\bin\nio.dll
0x00007ff9f8770000 - 0x00007ff9f8788000 	C:\Program Files\Java\jdk-17\bin\zip.dll
0x00007ffa09950000 - 0x00007ffa0995a000 	C:\Program Files\Java\jdk-17\bin\management.dll
0x00007ffa098c0000 - 0x00007ffa098cb000 	C:\Program Files\Java\jdk-17\bin\management_ext.dll
0x00007ffa09890000 - 0x00007ffa098a0000 	C:\Program Files\Java\jdk-17\bin\verify.dll
0x00007ff9f45a0000 - 0x00007ff9f45c7000 	C:\Users\muhanad\.gradle\native\1def1411415f61bf3af743bc5b6707747c0891f09f0c88961ee8f79bc544acac\windows-amd64\native-platform.dll
0x00007ffa09820000 - 0x00007ffa0982a000 	C:\Users\muhanad\.gradle\native\jansi\1.18\windows64\jansi.dll
0x00007ffa11b30000 - 0x00007ffa11b6b000 	C:\Windows\SYSTEM32\IPHLPAPI.DLL
0x00007ffa14420000 - 0x00007ffa14428000 	C:\Windows\System32\NSI.dll
0x00007ffa05c60000 - 0x00007ffa05c77000 	C:\Windows\SYSTEM32\dhcpcsvc6.DLL
0x00007ffa06380000 - 0x00007ffa0639d000 	C:\Windows\SYSTEM32\dhcpcsvc.DLL
0x00007ffa11b70000 - 0x00007ffa11c3a000 	C:\Windows\SYSTEM32\DNSAPI.dll
0x00007ffa12050000 - 0x00007ffa12068000 	C:\Windows\SYSTEM32\CRYPTSP.dll
0x00007ffa11770000 - 0x00007ffa117a8000 	C:\Windows\system32\rsaenh.dll
0x00007ffa12650000 - 0x00007ffa1267e000 	C:\Windows\SYSTEM32\USERENV.dll
0x00007ffa12040000 - 0x00007ffa1204c000 	C:\Windows\SYSTEM32\CRYPTBASE.dll
0x00007ffa06f20000 - 0x00007ffa06f2e000 	C:\Program Files\Java\jdk-17\bin\sunmscapi.dll
0x00007ffa12f40000 - 0x00007ffa1309d000 	C:\Windows\System32\CRYPT32.dll
0x00007ffa121d0000 - 0x00007ffa121f7000 	C:\Windows\SYSTEM32\ncrypt.dll
0x00007ffa12120000 - 0x00007ffa1215b000 	C:\Windows\SYSTEM32\NTASN1.dll
0x00007ffa0b300000 - 0x00007ffa0b307000 	C:\Windows\system32\wshunix.dll

dbghelp: loaded successfully - version: 4.0.5 - missing functions: none
symbol engine: initialized successfully - sym options: 0x614 - pdb path: .;C:\Program Files\Java\jdk-17\bin;C:\Windows\SYSTEM32;C:\Windows\WinSxS\amd64_microsoft.windows.common-controls_6595b64144ccf1df_6.0.19041.6456_none_60b8a6cb71f64256;C:\Program Files\Java\jdk-17\bin\server;C:\Users\muhanad\.gradle\native\1def1411415f61bf3af743bc5b6707747c0891f09f0c88961ee8f79bc544acac\windows-amd64;C:\Users\muhanad\.gradle\native\jansi\1.18\windows64

VM Arguments:
jvm_args: -Xmx64m -Xms64m -Dorg.gradle.appname=gradlew 
java_command: D:\mobile\appmobile\android\\gradle\wrapper\gradle-wrapper.jar assembleRelease
java_class_path (initial): D:\mobile\appmobile\android\\gradle\wrapper\gradle-wrapper.jar
Launcher Type: SUN_STANDARD

[Global flags]
     intx CICompilerCount                          = 2                                         {product} {ergonomic}
     uint ConcGCThreads                            = 1                                         {product} {ergonomic}
     uint G1ConcRefinementThreads                  = 2                                         {product} {ergonomic}
   size_t G1HeapRegionSize                         = 1048576                                   {product} {ergonomic}
    uintx GCDrainStackTargetSize                   = 64                                        {product} {ergonomic}
   size_t InitialHeapSize                          = 67108864                                  {product} {command line}
   size_t MarkStackSize                            = 4194304                                   {product} {ergonomic}
   size_t MaxHeapSize                              = 67108864                                  {product} {command line}
   size_t MaxNewSize                               = 39845888                                  {product} {ergonomic}
   size_t MinHeapDeltaBytes                        = 1048576                                   {product} {ergonomic}
   size_t MinHeapSize                              = 67108864                                  {product} {command line}
    uintx NonNMethodCodeHeapSize                   = 5826188                                {pd product} {ergonomic}
    uintx NonProfiledCodeHeapSize                  = 122916026                              {pd product} {ergonomic}
    uintx ProfiledCodeHeapSize                     = 122916026                              {pd product} {ergonomic}
    uintx ReservedCodeCacheSize                    = 251658240                              {pd product} {ergonomic}
     bool SegmentedCodeCache                       = true                                      {product} {ergonomic}
   size_t SoftMaxHeapSize                          = 67108864                               {manageable} {ergonomic}
     bool UseCompressedClassPointers               = true                           {product lp64_product} {ergonomic}
     bool UseCompressedOops                        = true                           {product lp64_product} {ergonomic}
     bool UseG1GC                                  = true                                      {product} {ergonomic}
     bool UseLargePagesIndividualAllocation        = false                                  {pd product} {ergonomic}

Logging:
Log output configuration:
 #0: stdout all=warning uptime,level,tags
 #1: stderr all=off uptime,level,tags

Environment Variables:
JAVA_HOME=C:\Program Files\Java\jdk-17
PATH=C:\Program Files\Common Files\Oracle\Java\javapath;C:\Python312\Scripts\;C:\Python312\;C:\Program Files\Microsoft\jdk-11.0.20.8-hotspot\bin;C:\flutter\bin;C:\Python311\;C:\Python310\Scripts\;C:\Python310\;C:\Windows\system32;C:\Windows;C:\Windows\System32\Wbem;C:\Windows\System32\WindowsPowerShell\v1.0\;C:\Windows\System32\OpenSSH\;c:\Program Files (x86)\Microsoft SQL Server\100\Tools\Binn\;c:\Program Files\Microsoft SQL Server\100\Tools\Binn\;c:\Program Files\Microsoft SQL Server\100\DTS\Binn\;C:\ProgramData\chocolatey\bin;C:\Program Files\nodejs\samer;C:\Program Files (x86)\Yarn\bin\;C:\Users\muhanad\AppData\Local\Android\Sdk\platform-tools;C:\Program Files\Git\cmd;C:\Program Files\Git\bin;C:\Program Files\nodejs\samer\;C:\gradle-8.13-bin\gradle-8.13\bin;C:\Program Files\Java\jdk-17\bin;C:\platform-tools;C:\Program Files (x86)\Print Conductor;C:\Users\muhanad\AppData\Local\Android\Sdk\tools;C:\Users\muhanad\AppData\Local\Programs\Microsoft VS Code\bin;C:\Program Files\nodejs\samer;D:\AndroidSDK\platform-tools;C:\flutter\bin;C:\Users\muhanad\AppData\Roaming\npm;C:\Program Files\Java\jdk-17\bin;C:\ProgramData\chocolatey\lib\postgresql\tools\;C:\Users\muhanad\AppData\Local\Programs\cursor\resources\app\bin;C:\Program Files (x86)\Print Conductor;c:\Users\muhanad\.vscode\extensions\vscjava.vscode-java-debug-0.58.4\bundled\scripts\noConfigScripts
USERNAME=muhanad
LANG=en_US.UTF-8
OS=Windows_NT
PROCESSOR_IDENTIFIER=Intel64 Family 6 Model 122 Stepping 8, GenuineIntel



---------------  S Y S T E M  ---------------

OS:
 Windows 10 , 64 bit Build 19041 (10.0.19041.5915)
OS uptime: 3 days 16:44 hours

CPU: total 2 (initial active 2) (2 cores per cpu, 1 threads per core) family 6 model 122 stepping 8 microcode 0x1a, cx8, cmov, fxsr, mmx, 3dnowpref, sse, sse2, sse3, ssse3, sse4.1, sse4.2, popcnt, tsc, tscinvbit, aes, erms, clmul, sha, clflush, clflushopt

Memory: 4k page, system-wide physical 3737M (195M free)
TotalPageFile size 15001M (AvailPageFile size 176M)
current process WorkingSet (physical memory assigned to process): 21M, peak: 98M
current process commit charge ("private bytes"): 155M, peak: 162M

vm_info: Java HotSpot(TM) 64-Bit Server VM (17.0.12+8-LTS-286) for windows-amd64 JRE (17.0.12+8-LTS-286), built on Jun  5 2024 06:46:59 by "mach5one" with MS VC++ 17.6 (VS2022)

END.
